 INFO  duello::energy > Adding Coulomb potential to nonbonded matrix
 DEBUG duello::structure > Read 7ktz.xyz: 𝑁=243, ∑𝑞ᵢ=4.17𝑒, ∑𝑚ᵢ=25247.63
 DEBUG duello::structure > Read 7ktz.xyz: 𝑁=243, ∑𝑞ᵢ=4.17𝑒, ∑𝑚ᵢ=25247.63
 INFO  duello            > Medium: 𝑇 = 300.00 K, εᵣ = 77.69, λᴮ = 7.17 Å, 𝐼 = 5.00 mM, λᴰ = 42.93 Å, 0.01 M 🧂Salt = NaCl
 INFO  duello            > Molecular net-charges:    [4.17e, 4.17e]
 INFO  duello            > Molecular dipole moments: [444.97 D, 444.97 D]
 INFO  duello            > Molecular masses (g/mol): [25247.63, 25247.63]
 INFO  duello            > COM range: [32.0, 60.0) in 1.0 Å steps 🐾
 INFO  duello::icotable  > Actual angle resolution = 0.37 radians
 INFO  duello::icoscan   > 6D table: 𝑅(28) x 𝜔(18) x 𝜃𝜑(92) x 𝜃𝜑(92) = 4265856 poses 💃🕺 (1.6 MB)
 INFO  duello::report    > Second virial coefficient, 𝐵₂ = 53301.10 Å³
 INFO  duello::report    >                               = 5.04e-5 mol⋅ml/g²
 INFO  duello::report    > Reduced second virial coefficient, 𝐵₂ / 𝐵₂hs = 0.78 using σ = 32.00 Å
 INFO  duello::report    > Dissociation constant, 𝐾𝑑 = 5.42e-2 mol/l using σ = 32.00 Å
 INFO  duello::report    > Plot: [1;33mfree energy[0m and [1;31mmean energy[0m along mass center separation. In units of kT and angstroms.
⡣⡈⠀⠁⠈⠀⠁⠈⠀⠁⠈⠀⠁⠈⠀⠁⠈⠀⠁⠈⠀⠁⠈⠀⠁⠈⠀⠁⠈⠀⠁⠈⠀⠁⠈⠀⠁⠈⠀⠁⠈⠀⠁⠈⠀⠁⠈⠀⠁⠈⡁ 3.4
⠄⠑⡄⠀⠀⠀⠀⠀⠀⠀⠀⠀⠀⠀⠀⠀⠀⠀⠀⠀⠀⠀⠀⠀⠀⠀⠀⠀⠀⠀⠀⠀⠀⠀⠀⠀⠀⠀⠀⠀⠀⠀⠀⠀⠀⠀⠀⠀⠀⠀⠄
⠂⠀⢱⠀⠀⠀⠀⠀⠀⠀⠀⠀⠀⠀⠀⠀⠀⠀⠀⠀⠀⠀⠀⠀⠀⠀⠀⠀⠀⢀⣀⣀⣀⡠⠤⣤⣤⣤⣤⣤⣤⣤⣤⣤⡤⠤⠤⠤⠤⠤⠆
⡁⠈⠀⠣⠬⢄⡡⠊⠉⠉⠉⠒⠓⠬⠤⠥⢌⣀⡡⠬⠤⠥⠬⠤⠓⠚⠉⠉⣉⠕⠓⠊⠉⠉⠉⠀⠁⠈⠀⠁⠈⠀⠁⠈⠀⠁⠈⠀⠁⠈⡁
⠄⠀⠀⠀⠀⠀⠀⠀⠀⠀⠀⠀⠀⠀⠀⠀⠀⠀⠀⠀⠀⠀⣀⣀⠤⠒⠉⠉⠀⠀⠀⠀⠀⠀⠀⠀⠀⠀⠀⠀⠀⠀⠀⠀⠀⠀⠀⠀⠀⠀⠄
⠂⠀⠀⠀⠀⠀⠀⠀⠀⠀⠀⠀⠀⠀⠀⠀⠀⠀⢀⡠⠔⠊⠀⠀⠀⠀⠀⠀⠀⠀⠀⠀⠀⠀⠀⠀⠀⠀⠀⠀⠀⠀⠀⠀⠀⠀⠀⠀⠀⠀⠂
⡁⠀⠀⠀⠀⠀⠀⠀⠀⠀⠀⠀⠀⠀⣀⠤⠔⠊⠁⠀⠀⠀⠀⠀⠀⠀⠀⠀⠀⠀⠀⠀⠀⠀⠀⠀⠀⠀⠀⠀⠀⠀⠀⠀⠀⠀⠀⠀⠀⠀⡁
⠄⠀⠀⠀⠀⠀⠀⠀⠀⡠⠤⠤⠒⠉⠀⠀⠀⠀⠀⠀⠀⠀⠀⠀⠀⠀⠀⠀⠀⠀⠀⠀⠀⠀⠀⠀⠀⠀⠀⠀⠀⠀⠀⠀⠀⠀⠀⠀⠀⠀⠄
⠂⠀⠀⠀⠀⠀⠀⡠⠊⠀⠀⠀⠀⠀⠀⠀⠀⠀⠀⠀⠀⠀⠀⠀⠀⠀⠀⠀⠀⠀⠀⠀⠀⠀⠀⠀⠀⠀⠀⠀⠀⠀⠀⠀⠀⠀⠀⠀⠀⠀⠂
⡁⠀⠀⠀⠀⠀⢀⠇⠀⠀⠀⠀⠀⠀⠀⠀⠀⠀⠀⠀⠀⠀⠀⠀⠀⠀⠀⠀⠀⠀⠀⠀⠀⠀⠀⠀⠀⠀⠀⠀⠀⠀⠀⠀⠀⠀⠀⠀⠀⠀⡁
⠍⠉⡆⠀⠀⠀⡸⠀⠀⠀⠀⠀⠀⠀⠀⠀⠀⠀⠀⠀⠀⠀⠀⠀⠀⠀⠀⠀⠀⠀⠀⠀⠀⠀⠀⠀⠀⠀⠀⠀⠀⠀⠀⠀⠀⠀⠀⠀⠀⠀⠄
⠂⠀⠸⡀⠀⢀⠇⠀⠀⠀⠀⠀⠀⠀⠀⠀⠀⠀⠀⠀⠀⠀⠀⠀⠀⠀⠀⠀⠀⠀⠀⠀⠀⠀⠀⠀⠀⠀⠀⠀⠀⠀⠀⠀⠀⠀⠀⠀⠀⠀⠂
⠅⠠⠀⠧⠤⠼⠄⠠⠀⠄⠠⠀⠄⠠⠀⠄⠠⠀⠄⠠⠀⠄⠠⠀⠄⠠⠀⠄⠠⠀⠄⠠⠀⠄⠠⠀⠄⠠⠀⠄⠠⠀⠄⠠⠀⠄⠠⠀⠄⠠⠁ -11.2
32.0                                          59.0

 INFO  duello::energy > Adding Coulomb potential to nonbonded matrix
 DEBUG duello::structure > Read 7ktz.xyz: 𝑁=243, ∑𝑞ᵢ=4.17𝑒, ∑𝑚ᵢ=25247.63
 DEBUG duello::structure > Read 7ktz.xyz: 𝑁=243, ∑𝑞ᵢ=4.17𝑒, ∑𝑚ᵢ=25247.63
 INFO  duello            > Medium: 𝑇 = 300.00 K, εᵣ = 77.69, λᴮ = 7.17 Å, 𝐼 = 10.00 mM, λᴰ = 30.36 Å, 0.01 M 🧂Salt = NaCl
 INFO  duello            > Molecular net-charges:    [4.17e, 4.17e]
 INFO  duello            > Molecular dipole moments: [444.97 D, 444.97 D]
 INFO  duello            > Molecular masses (g/mol): [25247.63, 25247.63]
 INFO  duello            > COM range: [32.0, 60.0) in 1.0 Å steps 🐾
 INFO  duello::icotable  > Actual angle resolution = 0.37 radians
 INFO  duello::icoscan   > 6D table: 𝑅(28) x 𝜔(18) x 𝜃𝜑(92) x 𝜃𝜑(92) = 4265856 poses 💃🕺 (1.6 MB)
 INFO  duello::report    > Second virial coefficient, 𝐵₂ = -25067.63 Å³
 INFO  duello::report    >                               = -2.37e-5 mol⋅ml/g²
 INFO  duello::report    > Reduced second virial coefficient, 𝐵₂ / 𝐵₂hs = -0.37 using σ = 32.00 Å
 INFO  duello::report    > Dissociation constant, 𝐾𝑑 = 8.86e-3 mol/l using σ = 32.00 Å
 INFO  duello::report    > Plot: [1;33mfree energy[0m and [1;31mmean energy[0m along mass center separation. In units of kT and angstroms.
⡣⡈⠀⠁⠈⠀⠁⠈⠀⠁⠈⠀⠁⠈⠀⠁⠈⠀⠁⠈⠀⠁⠈⠀⠁⠈⠀⠁⠈⠀⠁⠈⠀⠁⠈⠀⠁⠈⠀⠁⠈⠀⠁⠈⠀⠁⠈⠀⠁⠈⡁ 3.3
⠄⠑⡄⠀⠀⠀⠀⠀⠀⠀⠀⠀⠀⠀⠀⠀⠀⠀⠀⠀⠀⠀⠀⠀⠀⠀⠀⠀⠀⠀⠀⠀⠀⠀⠀⠀⠀⠀⠀⠀⠀⠀⠀⠀⠀⠀⠀⠀⠀⠀⠄
⠂⠀⢱⠀⠀⠀⠀⠀⠀⠀⠀⠀⠀⠀⠀⠀⠀⠀⠀⠀⠀⠀⠀⠀⠀⠀⠀⠀⠀⢀⣀⣀⣀⣀⣀⣤⣤⣤⣤⣤⣤⣤⣤⣤⣤⣤⣤⣤⣤⣤⡆
⡁⠈⠀⠣⠬⢄⡡⠊⠉⠉⠉⠒⠓⠬⠤⠥⢌⣀⣁⣈⡠⠥⠬⠤⠓⠚⠒⠓⣉⠕⠓⠊⠉⠉⠉⠀⠁⠈⠀⠁⠈⠀⠁⠈⠀⠁⠈⠀⠁⠈⡁
⠄⠀⠀⠀⠀⠀⠀⠀⠀⠀⠀⠀⠀⠀⠀⠀⠀⠀⠀⠀⠀⠀⣀⣀⠤⠒⠉⠉⠀⠀⠀⠀⠀⠀⠀⠀⠀⠀⠀⠀⠀⠀⠀⠀⠀⠀⠀⠀⠀⠀⠄
⠂⠀⠀⠀⠀⠀⠀⠀⠀⠀⠀⠀⠀⠀⠀⠀⠀⠀⢀⡠⠔⠊⠀⠀⠀⠀⠀⠀⠀⠀⠀⠀⠀⠀⠀⠀⠀⠀⠀⠀⠀⠀⠀⠀⠀⠀⠀⠀⠀⠀⠂
⡁⠀⠀⠀⠀⠀⠀⠀⠀⠀⠀⠀⠀⠀⣀⠤⠔⠊⠁⠀⠀⠀⠀⠀⠀⠀⠀⠀⠀⠀⠀⠀⠀⠀⠀⠀⠀⠀⠀⠀⠀⠀⠀⠀⠀⠀⠀⠀⠀⠀⡁
⠄⠀⠀⠀⠀⠀⠀⠀⠀⡠⠤⠤⠒⠉⠀⠀⠀⠀⠀⠀⠀⠀⠀⠀⠀⠀⠀⠀⠀⠀⠀⠀⠀⠀⠀⠀⠀⠀⠀⠀⠀⠀⠀⠀⠀⠀⠀⠀⠀⠀⠄
⠂⠀⠀⠀⠀⠀⠀⡠⠊⠀⠀⠀⠀⠀⠀⠀⠀⠀⠀⠀⠀⠀⠀⠀⠀⠀⠀⠀⠀⠀⠀⠀⠀⠀⠀⠀⠀⠀⠀⠀⠀⠀⠀⠀⠀⠀⠀⠀⠀⠀⠂
⡁⠀⠀⠀⠀⠀⢀⠇⠀⠀⠀⠀⠀⠀⠀⠀⠀⠀⠀⠀⠀⠀⠀⠀⠀⠀⠀⠀⠀⠀⠀⠀⠀⠀⠀⠀⠀⠀⠀⠀⠀⠀⠀⠀⠀⠀⠀⠀⠀⠀⡁
⠍⠉⢇⠀⠀⠀⡸⠀⠀⠀⠀⠀⠀⠀⠀⠀⠀⠀⠀⠀⠀⠀⠀⠀⠀⠀⠀⠀⠀⠀⠀⠀⠀⠀⠀⠀⠀⠀⠀⠀⠀⠀⠀⠀⠀⠀⠀⠀⠀⠀⠄
⠂⠀⠘⡄⠀⢀⠇⠀⠀⠀⠀⠀⠀⠀⠀⠀⠀⠀⠀⠀⠀⠀⠀⠀⠀⠀⠀⠀⠀⠀⠀⠀⠀⠀⠀⠀⠀⠀⠀⠀⠀⠀⠀⠀⠀⠀⠀⠀⠀⠀⠂
⠅⠠⠀⠕⠲⠺⠄⠠⠀⠄⠠⠀⠄⠠⠀⠄⠠⠀⠄⠠⠀⠄⠠⠀⠄⠠⠀⠄⠠⠀⠄⠠⠀⠄⠠⠀⠄⠠⠀⠄⠠⠀⠄⠠⠀⠄⠠⠀⠄⠠⠁ -11.3
32.0                                          59.0

 INFO  duello::energy > Adding Coulomb potential to nonbonded matrix
 DEBUG duello::structure > Read 7ktz.xyz: 𝑁=243, ∑𝑞ᵢ=4.17𝑒, ∑𝑚ᵢ=25247.63
 DEBUG duello::structure > Read 7ktz.xyz: 𝑁=243, ∑𝑞ᵢ=4.17𝑒, ∑𝑚ᵢ=25247.63
 INFO  duello            > Medium: 𝑇 = 300.00 K, εᵣ = 77.69, λᴮ = 7.17 Å, 𝐼 = 15.00 mM, λᴰ = 24.79 Å, 0.01 M 🧂Salt = NaCl
 INFO  duello            > Molecular net-charges:    [4.17e, 4.17e]
 INFO  duello            > Molecular dipole moments: [444.97 D, 444.97 D]
 INFO  duello            > Molecular masses (g/mol): [25247.63, 25247.63]
 INFO  duello            > COM range: [32.0, 60.0) in 1.0 Å steps 🐾
 INFO  duello::icotable  > Actual angle resolution = 0.37 radians
 INFO  duello::icoscan   > 6D table: 𝑅(28) x 𝜔(18) x 𝜃𝜑(92) x 𝜃𝜑(92) = 4265856 poses 💃🕺 (1.6 MB)
 INFO  duello::report    > Second virial coefficient, 𝐵₂ = -61786.11 Å³
 INFO  duello::report    >                               = -5.84e-5 mol⋅ml/g²
 INFO  duello::report    > Reduced second virial coefficient, 𝐵₂ / 𝐵₂hs = -0.90 using σ = 32.00 Å
 INFO  duello::report    > Dissociation constant, 𝐾𝑑 = 6.37e-3 mol/l using σ = 32.00 Å
 INFO  duello::report    > Plot: [1;33mfree energy[0m and [1;31mmean energy[0m along mass center separation. In units of kT and angstroms.
⡣⡈⠀⠁⠈⠀⠁⠈⠀⠁⠈⠀⠁⠈⠀⠁⠈⠀⠁⠈⠀⠁⠈⠀⠁⠈⠀⠁⠈⠀⠁⠈⠀⠁⠈⠀⠁⠈⠀⠁⠈⠀⠁⠈⠀⠁⠈⠀⠁⠈⡁ 3.3
⠄⠑⡄⠀⠀⠀⠀⠀⠀⠀⠀⠀⠀⠀⠀⠀⠀⠀⠀⠀⠀⠀⠀⠀⠀⠀⠀⠀⠀⠀⠀⠀⠀⠀⠀⠀⠀⠀⠀⠀⠀⠀⠀⠀⠀⠀⠀⠀⠀⠀⠄
⠂⠀⢱⠀⠀⠀⠀⠀⠀⠀⠀⠀⠀⠀⠀⠀⠀⠀⠀⠀⠀⠀⠀⠀⠀⠀⠀⠀⠀⠀⠀⢀⣀⣀⣀⣀⣀⣀⣀⣀⣠⣤⣤⣤⣤⣤⣤⣤⣀⣀⡂
⡁⠈⠀⠣⠬⢄⡡⠊⠉⠑⠚⠤⠥⠬⠤⣁⣈⣀⣁⣈⣀⣁⠬⠤⠥⠬⠒⠓⣉⠝⠛⠛⠒⠋⠉⠀⠁⠈⠀⠁⠈⠀⠁⠈⠀⠁⠈⠀⠁⠈⡁
⠄⠀⠀⠀⠀⠀⠀⠀⠀⠀⠀⠀⠀⠀⠀⠀⠀⠀⠀⠀⠀⠀⣀⣀⠤⠒⠉⠉⠀⠀⠀⠀⠀⠀⠀⠀⠀⠀⠀⠀⠀⠀⠀⠀⠀⠀⠀⠀⠀⠀⠄
⠂⠀⠀⠀⠀⠀⠀⠀⠀⠀⠀⠀⠀⠀⠀⠀⠀⠀⢀⡠⠔⠊⠀⠀⠀⠀⠀⠀⠀⠀⠀⠀⠀⠀⠀⠀⠀⠀⠀⠀⠀⠀⠀⠀⠀⠀⠀⠀⠀⠀⠂
⡁⠀⠀⠀⠀⠀⠀⠀⠀⠀⠀⠀⠀⠀⣀⠤⠔⠊⠁⠀⠀⠀⠀⠀⠀⠀⠀⠀⠀⠀⠀⠀⠀⠀⠀⠀⠀⠀⠀⠀⠀⠀⠀⠀⠀⠀⠀⠀⠀⠀⡁
⠄⠀⠀⠀⠀⠀⠀⠀⠀⢀⣀⠤⠒⠉⠀⠀⠀⠀⠀⠀⠀⠀⠀⠀⠀⠀⠀⠀⠀⠀⠀⠀⠀⠀⠀⠀⠀⠀⠀⠀⠀⠀⠀⠀⠀⠀⠀⠀⠀⠀⠄
⠂⠀⠀⠀⠀⠀⠀⡠⠔⠁⠀⠀⠀⠀⠀⠀⠀⠀⠀⠀⠀⠀⠀⠀⠀⠀⠀⠀⠀⠀⠀⠀⠀⠀⠀⠀⠀⠀⠀⠀⠀⠀⠀⠀⠀⠀⠀⠀⠀⠀⠂
⡁⠀⠀⠀⠀⠀⢀⠇⠀⠀⠀⠀⠀⠀⠀⠀⠀⠀⠀⠀⠀⠀⠀⠀⠀⠀⠀⠀⠀⠀⠀⠀⠀⠀⠀⠀⠀⠀⠀⠀⠀⠀⠀⠀⠀⠀⠀⠀⠀⠀⡁
⠍⠉⢇⠀⠀⠀⡸⠀⠀⠀⠀⠀⠀⠀⠀⠀⠀⠀⠀⠀⠀⠀⠀⠀⠀⠀⠀⠀⠀⠀⠀⠀⠀⠀⠀⠀⠀⠀⠀⠀⠀⠀⠀⠀⠀⠀⠀⠀⠀⠀⠄
⠂⠀⠘⡄⠀⢀⠇⠀⠀⠀⠀⠀⠀⠀⠀⠀⠀⠀⠀⠀⠀⠀⠀⠀⠀⠀⠀⠀⠀⠀⠀⠀⠀⠀⠀⠀⠀⠀⠀⠀⠀⠀⠀⠀⠀⠀⠀⠀⠀⠀⠂
⠅⠠⠀⠕⠲⠺⠄⠠⠀⠄⠠⠀⠄⠠⠀⠄⠠⠀⠄⠠⠀⠄⠠⠀⠄⠠⠀⠄⠠⠀⠄⠠⠀⠄⠠⠀⠄⠠⠀⠄⠠⠀⠄⠠⠀⠄⠠⠀⠄⠠⠁ -11.2
32.0                                          59.0

 INFO  duello::energy > Adding Coulomb potential to nonbonded matrix
 DEBUG duello::structure > Read 7ktz.xyz: 𝑁=243, ∑𝑞ᵢ=4.17𝑒, ∑𝑚ᵢ=25247.63
 DEBUG duello::structure > Read 7ktz.xyz: 𝑁=243, ∑𝑞ᵢ=4.17𝑒, ∑𝑚ᵢ=25247.63
 INFO  duello            > Medium: 𝑇 = 300.00 K, εᵣ = 77.69, λᴮ = 7.17 Å, 𝐼 = 20.00 mM, λᴰ = 21.47 Å, 0.02 M 🧂Salt = NaCl
 INFO  duello            > Molecular net-charges:    [4.17e, 4.17e]
 INFO  duello            > Molecular dipole moments: [444.97 D, 444.97 D]
 INFO  duello            > Molecular masses (g/mol): [25247.63, 25247.63]
 INFO  duello            > COM range: [32.0, 60.0) in 1.0 Å steps 🐾
 INFO  duello::icotable  > Actual angle resolution = 0.37 radians
 INFO  duello::icoscan   > 6D table: 𝑅(28) x 𝜔(18) x 𝜃𝜑(92) x 𝜃𝜑(92) = 4265856 poses 💃🕺 (1.6 MB)
 INFO  duello::report    > Second virial coefficient, 𝐵₂ = -81175.76 Å³
 INFO  duello::report    >                               = -7.67e-5 mol⋅ml/g²
 INFO  duello::report    > Reduced second virial coefficient, 𝐵₂ / 𝐵₂hs = -1.18 using σ = 32.00 Å
 INFO  duello::report    > Dissociation constant, 𝐾𝑑 = 5.54e-3 mol/l using σ = 32.00 Å
 INFO  duello::report    > Plot: [1;33mfree energy[0m and [1;31mmean energy[0m along mass center separation. In units of kT and angstroms.
⡣⡈⠀⠁⠈⠀⠁⠈⠀⠁⠈⠀⠁⠈⠀⠁⠈⠀⠁⠈⠀⠁⠈⠀⠁⠈⠀⠁⠈⠀⠁⠈⠀⠁⠈⠀⠁⠈⠀⠁⠈⠀⠁⠈⠀⠁⠈⠀⠁⠈⡁ 3.3
⠄⠑⡄⠀⠀⠀⠀⠀⠀⠀⠀⠀⠀⠀⠀⠀⠀⠀⠀⠀⠀⠀⠀⠀⠀⠀⠀⠀⠀⠀⠀⠀⠀⠀⠀⠀⠀⠀⠀⠀⠀⠀⠀⠀⠀⠀⠀⠀⠀⠀⠄
⠂⠀⢱⠀⠀⠀⠀⠀⠀⠀⠀⠀⠀⠀⠀⠀⠀⠀⠀⠀⠀⠀⠀⠀⠀⠀⠀⠀⠀⠀⠀⠀⠀⢀⣀⣀⣀⣀⣀⣀⣀⣀⣀⣀⣀⣀⣀⣀⣀⣀⡂
⡁⠈⠀⠣⠬⢄⡡⠜⠒⠓⠚⠤⠥⠬⠤⣁⣈⣀⣁⣈⣀⣁⠬⠤⠥⠬⠒⠓⣉⡩⠭⠝⠛⠋⠉⠉⠉⠈⠀⠁⠈⠀⠁⠈⠀⠁⠈⠀⠁⠈⡁
⠄⠀⠀⠀⠀⠀⠀⠀⠀⠀⠀⠀⠀⠀⠀⠀⠀⠀⠀⠀⠀⠀⣀⣀⠤⠒⠉⠉⠀⠀⠀⠀⠀⠀⠀⠀⠀⠀⠀⠀⠀⠀⠀⠀⠀⠀⠀⠀⠀⠀⠄
⠂⠀⠀⠀⠀⠀⠀⠀⠀⠀⠀⠀⠀⠀⠀⠀⠀⠀⢀⡠⠔⠊⠀⠀⠀⠀⠀⠀⠀⠀⠀⠀⠀⠀⠀⠀⠀⠀⠀⠀⠀⠀⠀⠀⠀⠀⠀⠀⠀⠀⠂
⡁⠀⠀⠀⠀⠀⠀⠀⠀⠀⠀⠀⠀⠀⣀⠤⠔⠊⠁⠀⠀⠀⠀⠀⠀⠀⠀⠀⠀⠀⠀⠀⠀⠀⠀⠀⠀⠀⠀⠀⠀⠀⠀⠀⠀⠀⠀⠀⠀⠀⡁
⠄⠀⠀⠀⠀⠀⠀⠀⠀⢀⣀⠤⠒⠉⠀⠀⠀⠀⠀⠀⠀⠀⠀⠀⠀⠀⠀⠀⠀⠀⠀⠀⠀⠀⠀⠀⠀⠀⠀⠀⠀⠀⠀⠀⠀⠀⠀⠀⠀⠀⠄
⠂⠀⠀⠀⠀⠀⠀⡠⠔⠁⠀⠀⠀⠀⠀⠀⠀⠀⠀⠀⠀⠀⠀⠀⠀⠀⠀⠀⠀⠀⠀⠀⠀⠀⠀⠀⠀⠀⠀⠀⠀⠀⠀⠀⠀⠀⠀⠀⠀⠀⠂
⡁⠀⠀⠀⠀⠀⢀⠇⠀⠀⠀⠀⠀⠀⠀⠀⠀⠀⠀⠀⠀⠀⠀⠀⠀⠀⠀⠀⠀⠀⠀⠀⠀⠀⠀⠀⠀⠀⠀⠀⠀⠀⠀⠀⠀⠀⠀⠀⠀⠀⡁
⠍⠉⢇⠀⠀⠀⡸⠀⠀⠀⠀⠀⠀⠀⠀⠀⠀⠀⠀⠀⠀⠀⠀⠀⠀⠀⠀⠀⠀⠀⠀⠀⠀⠀⠀⠀⠀⠀⠀⠀⠀⠀⠀⠀⠀⠀⠀⠀⠀⠀⠄
⠂⠀⠘⡄⠀⢀⠇⠀⠀⠀⠀⠀⠀⠀⠀⠀⠀⠀⠀⠀⠀⠀⠀⠀⠀⠀⠀⠀⠀⠀⠀⠀⠀⠀⠀⠀⠀⠀⠀⠀⠀⠀⠀⠀⠀⠀⠀⠀⠀⠀⠂
⠅⠠⠀⠕⠲⠺⠄⠠⠀⠄⠠⠀⠄⠠⠀⠄⠠⠀⠄⠠⠀⠄⠠⠀⠄⠠⠀⠄⠠⠀⠄⠠⠀⠄⠠⠀⠄⠠⠀⠄⠠⠀⠄⠠⠀⠄⠠⠀⠄⠠⠁ -11.1
32.0                                          59.0

 INFO  duello::energy > Adding Coulomb potential to nonbonded matrix
 DEBUG duello::structure > Read 7ktz.xyz: 𝑁=243, ∑𝑞ᵢ=4.17𝑒, ∑𝑚ᵢ=25247.63
 DEBUG duello::structure > Read 7ktz.xyz: 𝑁=243, ∑𝑞ᵢ=4.17𝑒, ∑𝑚ᵢ=25247.63
 INFO  duello            > Medium: 𝑇 = 300.00 K, εᵣ = 77.69, λᴮ = 7.17 Å, 𝐼 = 30.00 mM, λᴰ = 17.53 Å, 0.03 M 🧂Salt = NaCl
 INFO  duello            > Molecular net-charges:    [4.17e, 4.17e]
 INFO  duello            > Molecular dipole moments: [444.97 D, 444.97 D]
 INFO  duello            > Molecular masses (g/mol): [25247.63, 25247.63]
 INFO  duello            > COM range: [32.0, 60.0) in 1.0 Å steps 🐾
 INFO  duello::icotable  > Actual angle resolution = 0.37 radians
 INFO  duello::icoscan   > 6D table: 𝑅(28) x 𝜔(18) x 𝜃𝜑(92) x 𝜃𝜑(92) = 4265856 poses 💃🕺 (1.6 MB)
 INFO  duello::report    > Second virial coefficient, 𝐵₂ = -98373.41 Å³
 INFO  duello::report    >                               = -9.29e-5 mol⋅ml/g²
 INFO  duello::report    > Reduced second virial coefficient, 𝐵₂ / 𝐵₂hs = -1.43 using σ = 32.00 Å
 INFO  duello::report    > Dissociation constant, 𝐾𝑑 = 4.97e-3 mol/l using σ = 32.00 Å
 INFO  duello::report    > Plot: [1;33mfree energy[0m and [1;31mmean energy[0m along mass center separation. In units of kT and angstroms.
⡣⡈⠀⠁⠈⠀⠁⠈⠀⠁⠈⠀⠁⠈⠀⠁⠈⠀⠁⠈⠀⠁⠈⠀⠁⠈⠀⠁⠈⠀⠁⠈⠀⠁⠈⠀⠁⠈⠀⠁⠈⠀⠁⠈⠀⠁⠈⠀⠁⠈⡁ 3.3
⠄⠑⡄⠀⠀⠀⠀⠀⠀⠀⠀⠀⠀⠀⠀⠀⠀⠀⠀⠀⠀⠀⠀⠀⠀⠀⠀⠀⠀⠀⠀⠀⠀⠀⠀⠀⠀⠀⠀⠀⠀⠀⠀⠀⠀⠀⠀⠀⠀⠀⠄
⠂⠀⢱⠀⠀⠀⠀⠀⠀⠀⠀⠀⠀⠀⠀⠀⠀⠀⠀⠀⠀⠀⠀⠀⠀⠀⠀⠀⠀⠀⠀⠀⠀⠀⠀⣀⣀⣀⣀⣀⣀⣀⣀⣀⣀⣀⣀⣀⣀⣀⡂
⡁⠈⠀⢇⣈⡀⢁⠜⠒⠓⠚⠤⠥⣈⣀⣁⡈⠀⠁⠈⢀⣁⣈⣀⠥⠬⠤⠥⣚⡪⠭⠝⠛⠋⠉⠉⠉⠉⠉⠉⠉⠀⠁⠈⠀⠁⠈⠀⠁⠈⡁
⠄⠀⠀⠀⠀⠈⠁⠀⠀⠀⠀⠀⠀⠀⠀⠀⠈⠉⠉⠉⠁⠀⣀⣀⠤⠒⠉⠉⠀⠀⠀⠀⠀⠀⠀⠀⠀⠀⠀⠀⠀⠀⠀⠀⠀⠀⠀⠀⠀⠀⠄
⠂⠀⠀⠀⠀⠀⠀⠀⠀⠀⠀⠀⠀⠀⠀⠀⠀⠀⢀⡠⠔⠊⠀⠀⠀⠀⠀⠀⠀⠀⠀⠀⠀⠀⠀⠀⠀⠀⠀⠀⠀⠀⠀⠀⠀⠀⠀⠀⠀⠀⠂
⡁⠀⠀⠀⠀⠀⠀⠀⠀⠀⠀⠀⠀⠀⣀⠤⠔⠊⠁⠀⠀⠀⠀⠀⠀⠀⠀⠀⠀⠀⠀⠀⠀⠀⠀⠀⠀⠀⠀⠀⠀⠀⠀⠀⠀⠀⠀⠀⠀⠀⡁
⠄⠀⠀⠀⠀⠀⠀⠀⠀⢀⣀⠤⠒⠉⠀⠀⠀⠀⠀⠀⠀⠀⠀⠀⠀⠀⠀⠀⠀⠀⠀⠀⠀⠀⠀⠀⠀⠀⠀⠀⠀⠀⠀⠀⠀⠀⠀⠀⠀⠀⠄
⠂⠀⠀⠀⠀⠀⠀⡠⠔⠁⠀⠀⠀⠀⠀⠀⠀⠀⠀⠀⠀⠀⠀⠀⠀⠀⠀⠀⠀⠀⠀⠀⠀⠀⠀⠀⠀⠀⠀⠀⠀⠀⠀⠀⠀⠀⠀⠀⠀⠀⠂
⡁⠀⠀⠀⠀⠀⢀⠇⠀⠀⠀⠀⠀⠀⠀⠀⠀⠀⠀⠀⠀⠀⠀⠀⠀⠀⠀⠀⠀⠀⠀⠀⠀⠀⠀⠀⠀⠀⠀⠀⠀⠀⠀⠀⠀⠀⠀⠀⠀⠀⡁
⠍⠉⢇⠀⠀⠀⡸⠀⠀⠀⠀⠀⠀⠀⠀⠀⠀⠀⠀⠀⠀⠀⠀⠀⠀⠀⠀⠀⠀⠀⠀⠀⠀⠀⠀⠀⠀⠀⠀⠀⠀⠀⠀⠀⠀⠀⠀⠀⠀⠀⠄
⠂⠀⠘⡄⠀⢀⠇⠀⠀⠀⠀⠀⠀⠀⠀⠀⠀⠀⠀⠀⠀⠀⠀⠀⠀⠀⠀⠀⠀⠀⠀⠀⠀⠀⠀⠀⠀⠀⠀⠀⠀⠀⠀⠀⠀⠀⠀⠀⠀⠀⠂
⠅⠠⠀⠕⠲⠺⠄⠠⠀⠄⠠⠀⠄⠠⠀⠄⠠⠀⠄⠠⠀⠄⠠⠀⠄⠠⠀⠄⠠⠀⠄⠠⠀⠄⠠⠀⠄⠠⠀⠄⠠⠀⠄⠠⠀⠄⠠⠀⠄⠠⠁ -10.9
32.0                                          59.0

 INFO  duello::energy > Adding Coulomb potential to nonbonded matrix
 DEBUG duello::structure > Read 7ktz.xyz: 𝑁=243, ∑𝑞ᵢ=4.17𝑒, ∑𝑚ᵢ=25247.63
 DEBUG duello::structure > Read 7ktz.xyz: 𝑁=243, ∑𝑞ᵢ=4.17𝑒, ∑𝑚ᵢ=25247.63
 INFO  duello            > Medium: 𝑇 = 300.00 K, εᵣ = 77.69, λᴮ = 7.17 Å, 𝐼 = 40.00 mM, λᴰ = 15.18 Å, 0.04 M 🧂Salt = NaCl
 INFO  duello            > Molecular net-charges:    [4.17e, 4.17e]
 INFO  duello            > Molecular dipole moments: [444.97 D, 444.97 D]
 INFO  duello            > Molecular masses (g/mol): [25247.63, 25247.63]
 INFO  duello            > COM range: [32.0, 60.0) in 1.0 Å steps 🐾
 INFO  duello::icotable  > Actual angle resolution = 0.37 radians
 INFO  duello::icoscan   > 6D table: 𝑅(28) x 𝜔(18) x 𝜃𝜑(92) x 𝜃𝜑(92) = 4265856 poses 💃🕺 (1.6 MB)
 INFO  duello::report    > Second virial coefficient, 𝐵₂ = -104257.14 Å³
 INFO  duello::report    >                               = -9.85e-5 mol⋅ml/g²
 INFO  duello::report    > Reduced second virial coefficient, 𝐵₂ / 𝐵₂hs = -1.52 using σ = 32.00 Å
 INFO  duello::report    > Dissociation constant, 𝐾𝑑 = 4.80e-3 mol/l using σ = 32.00 Å
 INFO  duello::report    > Plot: [1;33mfree energy[0m and [1;31mmean energy[0m along mass center separation. In units of kT and angstroms.
⣣⠈⠀⠁⠈⠀⠁⠈⠀⠁⠈⠀⠁⠈⠀⠁⠈⠀⠁⠈⠀⠁⠈⠀⠁⠈⠀⠁⠈⠀⠁⠈⠀⠁⠈⠀⠁⠈⠀⠁⠈⠀⠁⠈⠀⠁⠈⠀⠁⠈⡁ 3.4
⠄⠣⡀⠀⠀⠀⠀⠀⠀⠀⠀⠀⠀⠀⠀⠀⠀⠀⠀⠀⠀⠀⠀⠀⠀⠀⠀⠀⠀⠀⠀⠀⠀⠀⠀⠀⠀⠀⠀⠀⠀⠀⠀⠀⠀⠀⠀⠀⠀⠀⠄
⠂⠀⢣⠀⠀⠀⠀⠀⠀⠀⠀⠀⠀⠀⠀⠀⠀⠀⠀⠀⠀⠀⠀⠀⠀⠀⠀⠀⠀⠀⠀⠀⠀⠀⠀⠀⠀⠀⠀⠀⠀⠀⠀⠀⠀⠀⠀⠀⠀⠀⠂
⡁⠈⠈⢇⣈⡀⢁⡨⠤⠥⠬⣀⣁⣈⣀⠁⠈⠀⠁⠈⠀⠁⣈⣀⣁⣈⠤⠥⣚⡲⠷⠞⠛⠛⠛⠉⠉⠉⠉⠉⠉⠉⠉⠉⠉⠉⠉⠉⠉⠉⡁
⠄⠀⠀⠀⠀⠈⠁⠀⠀⠀⠀⠀⠀⠀⠀⠉⠉⠉⠉⠉⠉⠉⣀⣀⠤⠒⠉⠉⠀⠀⠀⠀⠀⠀⠀⠀⠀⠀⠀⠀⠀⠀⠀⠀⠀⠀⠀⠀⠀⠀⠄
⠂⠀⠀⠀⠀⠀⠀⠀⠀⠀⠀⠀⠀⠀⠀⠀⠀⠀⢀⡠⠔⠊⠀⠀⠀⠀⠀⠀⠀⠀⠀⠀⠀⠀⠀⠀⠀⠀⠀⠀⠀⠀⠀⠀⠀⠀⠀⠀⠀⠀⠂
⡁⠀⠀⠀⠀⠀⠀⠀⠀⠀⠀⠀⠀⠀⣀⠤⠔⠊⠁⠀⠀⠀⠀⠀⠀⠀⠀⠀⠀⠀⠀⠀⠀⠀⠀⠀⠀⠀⠀⠀⠀⠀⠀⠀⠀⠀⠀⠀⠀⠀⡁
⠄⠀⠀⠀⠀⠀⠀⠀⠀⠀⢀⠤⠒⠉⠀⠀⠀⠀⠀⠀⠀⠀⠀⠀⠀⠀⠀⠀⠀⠀⠀⠀⠀⠀⠀⠀⠀⠀⠀⠀⠀⠀⠀⠀⠀⠀⠀⠀⠀⠀⠄
⠂⠀⠀⠀⠀⠀⠀⢀⡠⠊⠁⠀⠀⠀⠀⠀⠀⠀⠀⠀⠀⠀⠀⠀⠀⠀⠀⠀⠀⠀⠀⠀⠀⠀⠀⠀⠀⠀⠀⠀⠀⠀⠀⠀⠀⠀⠀⠀⠀⠀⠂
⡁⠀⡀⠀⠀⠀⢀⠇⠀⠀⠀⠀⠀⠀⠀⠀⠀⠀⠀⠀⠀⠀⠀⠀⠀⠀⠀⠀⠀⠀⠀⠀⠀⠀⠀⠀⠀⠀⠀⠀⠀⠀⠀⠀⠀⠀⠀⠀⠀⠀⡁
⠍⠉⢇⠀⠀⠀⡸⠀⠀⠀⠀⠀⠀⠀⠀⠀⠀⠀⠀⠀⠀⠀⠀⠀⠀⠀⠀⠀⠀⠀⠀⠀⠀⠀⠀⠀⠀⠀⠀⠀⠀⠀⠀⠀⠀⠀⠀⠀⠀⠀⠄
⠂⠀⠸⡀⠀⢀⠇⠀⠀⠀⠀⠀⠀⠀⠀⠀⠀⠀⠀⠀⠀⠀⠀⠀⠀⠀⠀⠀⠀⠀⠀⠀⠀⠀⠀⠀⠀⠀⠀⠀⠀⠀⠀⠀⠀⠀⠀⠀⠀⠀⠂
⠅⠠⠀⠧⠤⠼⠄⠠⠀⠄⠠⠀⠄⠠⠀⠄⠠⠀⠄⠠⠀⠄⠠⠀⠄⠠⠀⠄⠠⠀⠄⠠⠀⠄⠠⠀⠄⠠⠀⠄⠠⠀⠄⠠⠀⠄⠠⠀⠄⠠⠁ -10.7
32.0                                          59.0

 INFO  duello::energy > Adding Coulomb potential to nonbonded matrix
 DEBUG duello::structure > Read 7ktz.xyz: 𝑁=243, ∑𝑞ᵢ=4.17𝑒, ∑𝑚ᵢ=25247.63
 DEBUG duello::structure > Read 7ktz.xyz: 𝑁=243, ∑𝑞ᵢ=4.17𝑒, ∑𝑚ᵢ=25247.63
 INFO  duello            > Medium: 𝑇 = 300.00 K, εᵣ = 77.69, λᴮ = 7.17 Å, 𝐼 = 60.00 mM, λᴰ = 12.39 Å, 0.06 M 🧂Salt = NaCl
 INFO  duello            > Molecular net-charges:    [4.17e, 4.17e]
 INFO  duello            > Molecular dipole moments: [444.97 D, 444.97 D]
 INFO  duello            > Molecular masses (g/mol): [25247.63, 25247.63]
 INFO  duello            > COM range: [32.0, 60.0) in 1.0 Å steps 🐾
 INFO  duello::icotable  > Actual angle resolution = 0.37 radians
 INFO  duello::icoscan   > 6D table: 𝑅(28) x 𝜔(18) x 𝜃𝜑(92) x 𝜃𝜑(92) = 4265856 poses 💃🕺 (1.6 MB)
 INFO  duello::report    > Second virial coefficient, 𝐵₂ = -106500.66 Å³
 INFO  duello::report    >                               = -1.01e-4 mol⋅ml/g²
 INFO  duello::report    > Reduced second virial coefficient, 𝐵₂ / 𝐵₂hs = -1.55 using σ = 32.00 Å
 INFO  duello::report    > Dissociation constant, 𝐾𝑑 = 4.74e-3 mol/l using σ = 32.00 Å
 INFO  duello::report    > Plot: [1;33mfree energy[0m and [1;31mmean energy[0m along mass center separation. In units of kT and angstroms.
⣣⠈⠀⠁⠈⠀⠁⠈⠀⠁⠈⠀⠁⠈⠀⠁⠈⠀⠁⠈⠀⠁⠈⠀⠁⠈⠀⠁⠈⠀⠁⠈⠀⠁⠈⠀⠁⠈⠀⠁⠈⠀⠁⠈⠀⠁⠈⠀⠁⠈⡁ 3.5
⠄⠣⡀⠀⠀⠀⠀⠀⠀⠀⠀⠀⠀⠀⠀⠀⠀⠀⠀⠀⠀⠀⠀⠀⠀⠀⠀⠀⠀⠀⠀⠀⠀⠀⠀⠀⠀⠀⠀⠀⠀⠀⠀⠀⠀⠀⠀⠀⠀⠀⠄
⠂⠀⢣⠀⠀⠀⠀⠀⠀⠀⠀⠀⠀⠀⠀⠀⠀⠀⠀⠀⠀⠀⠀⠀⠀⠀⠀⠀⠀⠀⠀⠀⠀⠀⠀⠀⠀⠀⠀⠀⠀⠀⠀⠀⠀⠀⠀⠀⠀⠀⠂
⡃⠐⠈⡆⠐⠀⢂⡰⠤⠦⠴⣀⣂⠐⠀⠂⠐⠀⠂⠐⠀⠂⠐⠀⣂⣐⣀⣂⣴⡴⠶⠶⠶⠖⠒⠒⠒⠛⠛⠛⠛⠉⠋⠙⠉⠋⠙⠉⠋⠙⡁
⠄⠀⠀⠈⠉⠉⠁⠀⠀⠀⠀⠀⠀⠉⠉⠉⠑⠒⠊⠉⠉⠉⠉⣉⠤⠒⠉⠉⠀⠀⠀⠀⠀⠀⠀⠀⠀⠀⠀⠀⠀⠀⠀⠀⠀⠀⠀⠀⠀⠀⠄
⠂⠀⠀⠀⠀⠀⠀⠀⠀⠀⠀⠀⠀⠀⠀⠀⠀⠀⢀⡠⠔⠒⠉⠀⠀⠀⠀⠀⠀⠀⠀⠀⠀⠀⠀⠀⠀⠀⠀⠀⠀⠀⠀⠀⠀⠀⠀⠀⠀⠀⠂
⡁⠀⠀⠀⠀⠀⠀⠀⠀⠀⠀⠀⠀⠀⠀⣀⠔⠊⠁⠀⠀⠀⠀⠀⠀⠀⠀⠀⠀⠀⠀⠀⠀⠀⠀⠀⠀⠀⠀⠀⠀⠀⠀⠀⠀⠀⠀⠀⠀⠀⡁
⠄⠀⠀⠀⠀⠀⠀⠀⠀⠀⠀⣀⠔⠉⠉⠀⠀⠀⠀⠀⠀⠀⠀⠀⠀⠀⠀⠀⠀⠀⠀⠀⠀⠀⠀⠀⠀⠀⠀⠀⠀⠀⠀⠀⠀⠀⠀⠀⠀⠀⠄
⠂⠀⠀⠀⠀⠀⠀⠀⡠⠊⠉⠀⠀⠀⠀⠀⠀⠀⠀⠀⠀⠀⠀⠀⠀⠀⠀⠀⠀⠀⠀⠀⠀⠀⠀⠀⠀⠀⠀⠀⠀⠀⠀⠀⠀⠀⠀⠀⠀⠀⠂
⡁⠀⡀⠀⠀⠀⠀⡎⠀⠀⠀⠀⠀⠀⠀⠀⠀⠀⠀⠀⠀⠀⠀⠀⠀⠀⠀⠀⠀⠀⠀⠀⠀⠀⠀⠀⠀⠀⠀⠀⠀⠀⠀⠀⠀⠀⠀⠀⠀⠀⡁
⠖⠉⢇⠀⠀⠀⢸⠀⠀⠀⠀⠀⠀⠀⠀⠀⠀⠀⠀⠀⠀⠀⠀⠀⠀⠀⠀⠀⠀⠀⠀⠀⠀⠀⠀⠀⠀⠀⠀⠀⠀⠀⠀⠀⠀⠀⠀⠀⠀⠀⠄
⠂⠀⠸⡀⠀⢀⠇⠀⠀⠀⠀⠀⠀⠀⠀⠀⠀⠀⠀⠀⠀⠀⠀⠀⠀⠀⠀⠀⠀⠀⠀⠀⠀⠀⠀⠀⠀⠀⠀⠀⠀⠀⠀⠀⠀⠀⠀⠀⠀⠀⠂
⠅⠠⠀⠧⠤⠼⠄⠠⠀⠄⠠⠀⠄⠠⠀⠄⠠⠀⠄⠠⠀⠄⠠⠀⠄⠠⠀⠄⠠⠀⠄⠠⠀⠄⠠⠀⠄⠠⠀⠄⠠⠀⠄⠠⠀⠄⠠⠀⠄⠠⠁ -10.4
32.0                                          59.0

 INFO  duello::energy > Adding Coulomb potential to nonbonded matrix
 DEBUG duello::structure > Read 7ktz.xyz: 𝑁=243, ∑𝑞ᵢ=4.17𝑒, ∑𝑚ᵢ=25247.63
 DEBUG duello::structure > Read 7ktz.xyz: 𝑁=243, ∑𝑞ᵢ=4.17𝑒, ∑𝑚ᵢ=25247.63
 INFO  duello            > Medium: 𝑇 = 300.00 K, εᵣ = 77.69, λᴮ = 7.17 Å, 𝐼 = 80.00 mM, λᴰ = 10.73 Å, 0.08 M 🧂Salt = NaCl
 INFO  duello            > Molecular net-charges:    [4.17e, 4.17e]
 INFO  duello            > Molecular dipole moments: [444.97 D, 444.97 D]
 INFO  duello            > Molecular masses (g/mol): [25247.63, 25247.63]
 INFO  duello            > COM range: [32.0, 60.0) in 1.0 Å steps 🐾
 INFO  duello::icotable  > Actual angle resolution = 0.37 radians
 INFO  duello::icoscan   > 6D table: 𝑅(28) x 𝜔(18) x 𝜃𝜑(92) x 𝜃𝜑(92) = 4265856 poses 💃🕺 (1.6 MB)
 INFO  duello::report    > Second virial coefficient, 𝐵₂ = -105835.58 Å³
 INFO  duello::report    >                               = -1.00e-4 mol⋅ml/g²
 INFO  duello::report    > Reduced second virial coefficient, 𝐵₂ / 𝐵₂hs = -1.54 using σ = 32.00 Å
 INFO  duello::report    > Dissociation constant, 𝐾𝑑 = 4.76e-3 mol/l using σ = 32.00 Å
 INFO  duello::report    > Plot: [1;33mfree energy[0m and [1;31mmean energy[0m along mass center separation. In units of kT and angstroms.
⣣⠈⠀⠁⠈⠀⠁⠈⠀⠁⠈⠀⠁⠈⠀⠁⠈⠀⠁⠈⠀⠁⠈⠀⠁⠈⠀⠁⠈⠀⠁⠈⠀⠁⠈⠀⠁⠈⠀⠁⠈⠀⠁⠈⠀⠁⠈⠀⠁⠈⡁ 3.5
⠄⠣⡀⠀⠀⠀⠀⠀⠀⠀⠀⠀⠀⠀⠀⠀⠀⠀⠀⠀⠀⠀⠀⠀⠀⠀⠀⠀⠀⠀⠀⠀⠀⠀⠀⠀⠀⠀⠀⠀⠀⠀⠀⠀⠀⠀⠀⠀⠀⠀⠄
⠂⠀⢣⠀⠀⠀⠀⠀⠀⠀⠀⠀⠀⠀⠀⠀⠀⠀⠀⠀⠀⠀⠀⠀⠀⠀⠀⠀⠀⠀⠀⠀⠀⠀⠀⠀⠀⠀⠀⠀⠀⠀⠀⠀⠀⠀⠀⠀⠀⠀⠂
⡃⠐⠈⡆⠐⠀⠂⢐⣀⣂⣐⣀⣂⠐⠀⠂⠐⠀⠂⠐⠀⠂⠐⠀⣂⣐⣀⣂⣴⡤⠦⠴⠶⠖⠒⠒⠒⠒⠒⠒⠒⠒⠒⠒⠒⠒⠒⠒⠒⠒⡃
⠄⠀⠀⠈⠉⠉⠉⠁⠀⠀⠀⠀⠀⠉⠉⠉⠑⠒⠒⠒⠊⠉⠉⣉⠤⠒⠉⠉⠀⠀⠀⠀⠀⠀⠀⠀⠀⠀⠀⠀⠀⠀⠀⠀⠀⠀⠀⠀⠀⠀⠄
⠂⠀⠀⠀⠀⠀⠀⠀⠀⠀⠀⠀⠀⠀⠀⠀⠀⠀⢀⡠⠔⠒⠉⠀⠀⠀⠀⠀⠀⠀⠀⠀⠀⠀⠀⠀⠀⠀⠀⠀⠀⠀⠀⠀⠀⠀⠀⠀⠀⠀⠂
⡁⠀⠀⠀⠀⠀⠀⠀⠀⠀⠀⠀⠀⠀⠀⣀⠔⠊⠁⠀⠀⠀⠀⠀⠀⠀⠀⠀⠀⠀⠀⠀⠀⠀⠀⠀⠀⠀⠀⠀⠀⠀⠀⠀⠀⠀⠀⠀⠀⠀⡁
⠄⠀⠀⠀⠀⠀⠀⠀⠀⠀⠀⣀⠔⠉⠉⠀⠀⠀⠀⠀⠀⠀⠀⠀⠀⠀⠀⠀⠀⠀⠀⠀⠀⠀⠀⠀⠀⠀⠀⠀⠀⠀⠀⠀⠀⠀⠀⠀⠀⠀⠄
⠂⠀⠀⠀⠀⠀⠀⠀⡠⠊⠉⠀⠀⠀⠀⠀⠀⠀⠀⠀⠀⠀⠀⠀⠀⠀⠀⠀⠀⠀⠀⠀⠀⠀⠀⠀⠀⠀⠀⠀⠀⠀⠀⠀⠀⠀⠀⠀⠀⠀⠂
⡁⠀⡀⠀⠀⠀⠀⡎⠀⠀⠀⠀⠀⠀⠀⠀⠀⠀⠀⠀⠀⠀⠀⠀⠀⠀⠀⠀⠀⠀⠀⠀⠀⠀⠀⠀⠀⠀⠀⠀⠀⠀⠀⠀⠀⠀⠀⠀⠀⠀⡁
⠖⠉⢇⠀⠀⠀⡸⠀⠀⠀⠀⠀⠀⠀⠀⠀⠀⠀⠀⠀⠀⠀⠀⠀⠀⠀⠀⠀⠀⠀⠀⠀⠀⠀⠀⠀⠀⠀⠀⠀⠀⠀⠀⠀⠀⠀⠀⠀⠀⠀⠄
⠂⠀⠸⡀⠀⢠⠃⠀⠀⠀⠀⠀⠀⠀⠀⠀⠀⠀⠀⠀⠀⠀⠀⠀⠀⠀⠀⠀⠀⠀⠀⠀⠀⠀⠀⠀⠀⠀⠀⠀⠀⠀⠀⠀⠀⠀⠀⠀⠀⠀⠂
⠅⠠⠀⠧⠤⠜⠄⠠⠀⠄⠠⠀⠄⠠⠀⠄⠠⠀⠄⠠⠀⠄⠠⠀⠄⠠⠀⠄⠠⠀⠄⠠⠀⠄⠠⠀⠄⠠⠀⠄⠠⠀⠄⠠⠀⠄⠠⠀⠄⠠⠁ -10.3
32.0                                          59.0

 INFO  duello::energy > Adding Coulomb potential to nonbonded matrix
 DEBUG duello::structure > Read 7ktz.xyz: 𝑁=243, ∑𝑞ᵢ=4.17𝑒, ∑𝑚ᵢ=25247.63
 DEBUG duello::structure > Read 7ktz.xyz: 𝑁=243, ∑𝑞ᵢ=4.17𝑒, ∑𝑚ᵢ=25247.63
 INFO  duello            > Medium: 𝑇 = 300.00 K, εᵣ = 77.69, λᴮ = 7.17 Å, 𝐼 = 100.00 mM, λᴰ = 9.60 Å, 0.10 M 🧂Salt = NaCl
 INFO  duello            > Molecular net-charges:    [4.17e, 4.17e]
 INFO  duello            > Molecular dipole moments: [444.97 D, 444.97 D]
 INFO  duello            > Molecular masses (g/mol): [25247.63, 25247.63]
 INFO  duello            > COM range: [32.0, 60.0) in 1.0 Å steps 🐾
 INFO  duello::icotable  > Actual angle resolution = 0.37 radians
 INFO  duello::icoscan   > 6D table: 𝑅(28) x 𝜔(18) x 𝜃𝜑(92) x 𝜃𝜑(92) = 4265856 poses 💃🕺 (1.6 MB)
 INFO  duello::report    > Second virial coefficient, 𝐵₂ = -104922.52 Å³
 INFO  duello::report    >                               = -9.91e-5 mol⋅ml/g²
 INFO  duello::report    > Reduced second virial coefficient, 𝐵₂ / 𝐵₂hs = -1.53 using σ = 32.00 Å
 INFO  duello::report    > Dissociation constant, 𝐾𝑑 = 4.78e-3 mol/l using σ = 32.00 Å
 INFO  duello::report    > Plot: [1;33mfree energy[0m and [1;31mmean energy[0m along mass center separation. In units of kT and angstroms.
⣣⠈⠀⠁⠈⠀⠁⠈⠀⠁⠈⠀⠁⠈⠀⠁⠈⠀⠁⠈⠀⠁⠈⠀⠁⠈⠀⠁⠈⠀⠁⠈⠀⠁⠈⠀⠁⠈⠀⠁⠈⠀⠁⠈⠀⠁⠈⠀⠁⠈⡁ 3.6
⠄⠣⡀⠀⠀⠀⠀⠀⠀⠀⠀⠀⠀⠀⠀⠀⠀⠀⠀⠀⠀⠀⠀⠀⠀⠀⠀⠀⠀⠀⠀⠀⠀⠀⠀⠀⠀⠀⠀⠀⠀⠀⠀⠀⠀⠀⠀⠀⠀⠀⠄
⠂⠀⢣⠀⠀⠀⠀⠀⠀⠀⠀⠀⠀⠀⠀⠀⠀⠀⠀⠀⠀⠀⠀⠀⠀⠀⠀⠀⠀⠀⠀⠀⠀⠀⠀⠀⠀⠀⠀⠀⠀⠀⠀⠀⠀⠀⠀⠀⠀⠀⠂
⡃⠐⠈⡆⠐⠀⠂⢐⣀⣂⣐⠀⠂⠐⠀⠂⠐⠀⠂⠐⠀⠂⠐⠀⠂⠐⣀⣂⣴⣤⣦⡴⠤⠖⠒⠒⠒⠒⠒⠒⠒⠒⠒⠒⠒⠒⠒⠒⠒⠒⡃
⠄⠀⠀⠈⠉⠉⠉⠁⠀⠀⠀⠉⠉⠉⠉⠉⠑⠒⠒⠒⠒⠒⣉⣉⠭⠛⠉⠉⠀⠀⠀⠀⠀⠀⠀⠀⠀⠀⠀⠀⠀⠀⠀⠀⠀⠀⠀⠀⠀⠀⠄
⠂⠀⠀⠀⠀⠀⠀⠀⠀⠀⠀⠀⠀⠀⠀⠀⠀⠀⢀⡠⠔⠊⠀⠀⠀⠀⠀⠀⠀⠀⠀⠀⠀⠀⠀⠀⠀⠀⠀⠀⠀⠀⠀⠀⠀⠀⠀⠀⠀⠀⠂
⡁⠀⠀⠀⠀⠀⠀⠀⠀⠀⠀⠀⠀⠀⠀⣀⠔⠊⠁⠀⠀⠀⠀⠀⠀⠀⠀⠀⠀⠀⠀⠀⠀⠀⠀⠀⠀⠀⠀⠀⠀⠀⠀⠀⠀⠀⠀⠀⠀⠀⡁
⠄⠀⠀⠀⠀⠀⠀⠀⠀⠀⢀⠤⠒⠉⠉⠀⠀⠀⠀⠀⠀⠀⠀⠀⠀⠀⠀⠀⠀⠀⠀⠀⠀⠀⠀⠀⠀⠀⠀⠀⠀⠀⠀⠀⠀⠀⠀⠀⠀⠀⠄
⠂⠀⠀⠀⠀⠀⠀⠀⢀⠔⠁⠀⠀⠀⠀⠀⠀⠀⠀⠀⠀⠀⠀⠀⠀⠀⠀⠀⠀⠀⠀⠀⠀⠀⠀⠀⠀⠀⠀⠀⠀⠀⠀⠀⠀⠀⠀⠀⠀⠀⠂
⡁⠀⡀⠀⠀⠀⠀⡎⠁⠀⠀⠀⠀⠀⠀⠀⠀⠀⠀⠀⠀⠀⠀⠀⠀⠀⠀⠀⠀⠀⠀⠀⠀⠀⠀⠀⠀⠀⠀⠀⠀⠀⠀⠀⠀⠀⠀⠀⠀⠀⡁
⠖⠉⢇⠀⠀⠀⡸⠀⠀⠀⠀⠀⠀⠀⠀⠀⠀⠀⠀⠀⠀⠀⠀⠀⠀⠀⠀⠀⠀⠀⠀⠀⠀⠀⠀⠀⠀⠀⠀⠀⠀⠀⠀⠀⠀⠀⠀⠀⠀⠀⠄
⠂⠀⠸⡀⠀⢠⠃⠀⠀⠀⠀⠀⠀⠀⠀⠀⠀⠀⠀⠀⠀⠀⠀⠀⠀⠀⠀⠀⠀⠀⠀⠀⠀⠀⠀⠀⠀⠀⠀⠀⠀⠀⠀⠀⠀⠀⠀⠀⠀⠀⠂
⠅⠠⠀⠧⠤⠜⠄⠠⠀⠄⠠⠀⠄⠠⠀⠄⠠⠀⠄⠠⠀⠄⠠⠀⠄⠠⠀⠄⠠⠀⠄⠠⠀⠄⠠⠀⠄⠠⠀⠄⠠⠀⠄⠠⠀⠄⠠⠀⠄⠠⠁ -10.2
32.0                                          59.0

