 INFO  duello::energy > Adding Coulomb potential to nonbonded matrix
 DEBUG duello::structure > Read 7ktz.xyz: 𝑁=277, ∑𝑞ᵢ=4.17𝑒, ∑𝑚ᵢ=25247.63
 DEBUG duello::structure > Read 7ktz.xyz: 𝑁=277, ∑𝑞ᵢ=4.17𝑒, ∑𝑚ᵢ=25247.63
 INFO  duello            > Medium: 𝑇 = 300.00 K, εᵣ = 77.69, λᴮ = 7.17 Å, 𝐼 = 5.00 mM, λᴰ = 42.93 Å, 0.01 M 🧂Salt = NaCl
 INFO  duello            > Molecular net-charges:    [4.17e, 4.17e]
 INFO  duello            > Molecular dipole moments: [513.22 D, 513.22 D]
 INFO  duello            > Molecular masses (g/mol): [25247.63, 25247.63]
 INFO  duello            > COM range: [32.0, 60.0) in 1.0 Å steps 🐾
 INFO  duello::icotable  > Actual angle resolution = 0.37 radians
 INFO  duello::icoscan   > 6D table: 𝑅(28) x 𝜔(18) x 𝜃𝜑(92) x 𝜃𝜑(92) = 4265856 poses 💃🕺 (1.6 MB)
 INFO  duello::report    > Second virial coefficient, 𝐵₂ = -229112.42 Å³
 INFO  duello::report    >                               = -2.16e-4 mol⋅ml/g²
 INFO  duello::report    > Reduced second virial coefficient, 𝐵₂ / 𝐵₂hs = -3.34 using σ = 32.00 Å
 INFO  duello::report    > Dissociation constant, 𝐾𝑑 = 2.79e-3 mol/l using σ = 32.00 Å
 INFO  duello::report    > Plot: [1;33mfree energy[0m and [1;31mmean energy[0m along mass center separation. In units of kT and angstroms.
⣇⠈⠀⠁⠈⠀⠁⠈⠀⠁⠈⠀⠁⠈⠀⠁⠈⠀⠁⠈⠀⠁⠈⠀⠁⠈⠀⠁⠈⠀⠁⠈⠀⠁⠈⠀⠁⠈⠀⠁⠈⠀⠁⠈⠀⠁⠈⠀⠁⠈⡁ 1.5
⠌⢦⠀⢄⠠⠀⠄⠠⠀⠄⠠⠀⠄⠠⠀⠄⠠⠀⠄⠠⠀⠄⠠⠀⠄⠠⣀⣄⠤⠤⠤⠴⠒⢎⣩⠭⠭⠻⠛⠟⠻⠛⠟⠻⠋⠍⠩⠉⠍⠩⠅
⠂⠈⠒⠉⢆⠀⢀⠔⠒⠒⠒⠉⠉⠉⠉⠒⠒⠒⠒⠒⠒⠒⠒⠒⠉⠉⠀⠀⣀⠔⠒⠊⠉⠁⠀⠀⠀⠀⠀⠀⠀⠀⠀⠀⠀⠀⠀⠀⠀⠀⠂
⡁⠀⠀⠀⠈⠲⠁⠀⠀⠀⠀⠀⠀⠀⠀⠀⠀⠀⠀⠀⠀⠀⠀⣀⠤⠒⠉⠉⠀⠀⠀⠀⠀⠀⠀⠀⠀⠀⠀⠀⠀⠀⠀⠀⠀⠀⠀⠀⠀⠀⡁
⠄⠀⠀⠀⠀⠀⠀⠀⠀⠀⠀⠀⠀⠀⠀⠀⠀⠀⠀⢀⡠⠔⠉⠀⠀⠀⠀⠀⠀⠀⠀⠀⠀⠀⠀⠀⠀⠀⠀⠀⠀⠀⠀⠀⠀⠀⠀⠀⠀⠀⠄
⠂⠀⠀⠀⠀⠀⠀⠀⠀⠀⠀⠀⠀⠀⣀⠤⠤⠔⠊⠁⠀⠀⠀⠀⠀⠀⠀⠀⠀⠀⠀⠀⠀⠀⠀⠀⠀⠀⠀⠀⠀⠀⠀⠀⠀⠀⠀⠀⠀⠀⠂
⡁⠀⠀⠀⠀⠀⠀⠀⠀⠀⠀⢀⠔⠉⠀⠀⠀⠀⠀⠀⠀⠀⠀⠀⠀⠀⠀⠀⠀⠀⠀⠀⠀⠀⠀⠀⠀⠀⠀⠀⠀⠀⠀⠀⠀⠀⠀⠀⠀⠀⡁
⠄⠀⠀⠀⠀⠀⠀⠀⠀⢀⠔⠁⠀⠀⠀⠀⠀⠀⠀⠀⠀⠀⠀⠀⠀⠀⠀⠀⠀⠀⠀⠀⠀⠀⠀⠀⠀⠀⠀⠀⠀⠀⠀⠀⠀⠀⠀⠀⠀⠀⠄
⠂⠀⠀⠀⠀⠀⠀⡔⠊⠁⠀⠀⠀⠀⠀⠀⠀⠀⠀⠀⠀⠀⠀⠀⠀⠀⠀⠀⠀⠀⠀⠀⠀⠀⠀⠀⠀⠀⠀⠀⠀⠀⠀⠀⠀⠀⠀⠀⠀⠀⠂
⡁⠀⠀⣾⠀⠀⢠⠃⠀⠀⠀⠀⠀⠀⠀⠀⠀⠀⠀⠀⠀⠀⠀⠀⠀⠀⠀⠀⠀⠀⠀⠀⠀⠀⠀⠀⠀⠀⠀⠀⠀⠀⠀⠀⠀⠀⠀⠀⠀⠀⡁
⠵⡀⡸⠀⢇⠀⡜⠀⠀⠀⠀⠀⠀⠀⠀⠀⠀⠀⠀⠀⠀⠀⠀⠀⠀⠀⠀⠀⠀⠀⠀⠀⠀⠀⠀⠀⠀⠀⠀⠀⠀⠀⠀⠀⠀⠀⠀⠀⠀⠀⠄
⠂⠑⠇⠀⠸⣠⠃⠀⠀⠀⠀⠀⠀⠀⠀⠀⠀⠀⠀⠀⠀⠀⠀⠀⠀⠀⠀⠀⠀⠀⠀⠀⠀⠀⠀⠀⠀⠀⠀⠀⠀⠀⠀⠀⠀⠀⠀⠀⠀⠀⠂
⠅⠠⠀⠄⠠⠻⠄⠠⠀⠄⠠⠀⠄⠠⠀⠄⠠⠀⠄⠠⠀⠄⠠⠀⠄⠠⠀⠄⠠⠀⠄⠠⠀⠄⠠⠀⠄⠠⠀⠄⠠⠀⠄⠠⠀⠄⠠⠀⠄⠠⠁ -13.6
32.0                                          59.0

 INFO  duello::energy > Adding Coulomb potential to nonbonded matrix
 DEBUG duello::structure > Read 7ktz.xyz: 𝑁=277, ∑𝑞ᵢ=4.17𝑒, ∑𝑚ᵢ=25247.63
 DEBUG duello::structure > Read 7ktz.xyz: 𝑁=277, ∑𝑞ᵢ=4.17𝑒, ∑𝑚ᵢ=25247.63
 INFO  duello            > Medium: 𝑇 = 300.00 K, εᵣ = 77.69, λᴮ = 7.17 Å, 𝐼 = 10.00 mM, λᴰ = 30.36 Å, 0.01 M 🧂Salt = NaCl
 INFO  duello            > Molecular net-charges:    [4.17e, 4.17e]
 INFO  duello            > Molecular dipole moments: [513.22 D, 513.22 D]
 INFO  duello            > Molecular masses (g/mol): [25247.63, 25247.63]
 INFO  duello            > COM range: [32.0, 60.0) in 1.0 Å steps 🐾
 INFO  duello::icotable  > Actual angle resolution = 0.37 radians
 INFO  duello::icoscan   > 6D table: 𝑅(28) x 𝜔(18) x 𝜃𝜑(92) x 𝜃𝜑(92) = 4265856 poses 💃🕺 (1.6 MB)
 INFO  duello::report    > Second virial coefficient, 𝐵₂ = -295445.54 Å³
 INFO  duello::report    >                               = -2.79e-4 mol⋅ml/g²
 INFO  duello::report    > Reduced second virial coefficient, 𝐵₂ / 𝐵₂hs = -4.30 using σ = 32.00 Å
 INFO  duello::report    > Dissociation constant, 𝐾𝑑 = 2.28e-3 mol/l using σ = 32.00 Å
 INFO  duello::report    > Plot: [1;33mfree energy[0m and [1;31mmean energy[0m along mass center separation. In units of kT and angstroms.
⣇⠈⠀⠁⠈⠀⠁⠈⠀⠁⠈⠀⠁⠈⠀⠁⠈⠀⠁⠈⠀⠁⠈⠀⠁⠈⠀⠁⠈⠀⠁⠈⠀⠁⠈⠀⠁⠈⠀⠁⠈⠀⠁⠈⠀⠁⠈⠀⠁⠈⡁ 1.5
⠌⢦⠀⠄⠠⠀⠄⠠⠀⠄⠠⠀⠄⠠⠀⠄⠠⠀⠄⠠⠀⠄⠠⠀⠄⠠⣀⣄⣠⡠⠤⠴⠒⢖⣲⠶⠶⠭⠭⠟⠻⠛⠟⠻⠛⠟⠻⠛⠟⠻⠇
⠂⠈⠒⠚⢄⠀⢀⠔⠒⠒⠒⠒⠒⠒⠒⠒⠢⠤⠤⠤⠔⠒⠒⠒⠉⠉⠀⠀⣀⠔⠒⠊⠉⠁⠀⠀⠀⠀⠀⠀⠀⠀⠀⠀⠀⠀⠀⠀⠀⠀⠂
⡁⠀⠀⠀⠈⠲⠁⠀⠀⠀⠀⠀⠀⠀⠀⠀⠀⠀⠀⠀⠀⠀⠀⣀⠤⠒⠉⠉⠀⠀⠀⠀⠀⠀⠀⠀⠀⠀⠀⠀⠀⠀⠀⠀⠀⠀⠀⠀⠀⠀⡁
⠄⠀⠀⠀⠀⠀⠀⠀⠀⠀⠀⠀⠀⠀⠀⠀⠀⠀⠀⢀⡠⠔⠉⠀⠀⠀⠀⠀⠀⠀⠀⠀⠀⠀⠀⠀⠀⠀⠀⠀⠀⠀⠀⠀⠀⠀⠀⠀⠀⠀⠄
⠂⠀⠀⠀⠀⠀⠀⠀⠀⠀⠀⠀⠀⠀⣀⠤⠤⠔⠊⠁⠀⠀⠀⠀⠀⠀⠀⠀⠀⠀⠀⠀⠀⠀⠀⠀⠀⠀⠀⠀⠀⠀⠀⠀⠀⠀⠀⠀⠀⠀⠂
⡁⠀⠀⠀⠀⠀⠀⠀⠀⠀⠀⢀⠔⠉⠀⠀⠀⠀⠀⠀⠀⠀⠀⠀⠀⠀⠀⠀⠀⠀⠀⠀⠀⠀⠀⠀⠀⠀⠀⠀⠀⠀⠀⠀⠀⠀⠀⠀⠀⠀⡁
⠄⠀⠀⠀⠀⠀⠀⠀⠀⢀⠔⠁⠀⠀⠀⠀⠀⠀⠀⠀⠀⠀⠀⠀⠀⠀⠀⠀⠀⠀⠀⠀⠀⠀⠀⠀⠀⠀⠀⠀⠀⠀⠀⠀⠀⠀⠀⠀⠀⠀⠄
⠂⠀⠀⠀⠀⠀⠀⡔⠊⠁⠀⠀⠀⠀⠀⠀⠀⠀⠀⠀⠀⠀⠀⠀⠀⠀⠀⠀⠀⠀⠀⠀⠀⠀⠀⠀⠀⠀⠀⠀⠀⠀⠀⠀⠀⠀⠀⠀⠀⠀⠂
⡁⠀⠀⣴⠀⠀⢠⠃⠀⠀⠀⠀⠀⠀⠀⠀⠀⠀⠀⠀⠀⠀⠀⠀⠀⠀⠀⠀⠀⠀⠀⠀⠀⠀⠀⠀⠀⠀⠀⠀⠀⠀⠀⠀⠀⠀⠀⠀⠀⠀⡁
⠵⡀⢰⠉⡆⠀⡜⠀⠀⠀⠀⠀⠀⠀⠀⠀⠀⠀⠀⠀⠀⠀⠀⠀⠀⠀⠀⠀⠀⠀⠀⠀⠀⠀⠀⠀⠀⠀⠀⠀⠀⠀⠀⠀⠀⠀⠀⠀⠀⠀⠄
⠂⠑⠇⠀⠸⣠⠃⠀⠀⠀⠀⠀⠀⠀⠀⠀⠀⠀⠀⠀⠀⠀⠀⠀⠀⠀⠀⠀⠀⠀⠀⠀⠀⠀⠀⠀⠀⠀⠀⠀⠀⠀⠀⠀⠀⠀⠀⠀⠀⠀⠂
⠅⠠⠀⠄⠠⠻⠄⠠⠀⠄⠠⠀⠄⠠⠀⠄⠠⠀⠄⠠⠀⠄⠠⠀⠄⠠⠀⠄⠠⠀⠄⠠⠀⠄⠠⠀⠄⠠⠀⠄⠠⠀⠄⠠⠀⠄⠠⠀⠄⠠⠁ -13.5
32.0                                          59.0

 INFO  duello::energy > Adding Coulomb potential to nonbonded matrix
 DEBUG duello::structure > Read 7ktz.xyz: 𝑁=277, ∑𝑞ᵢ=4.17𝑒, ∑𝑚ᵢ=25247.63
 DEBUG duello::structure > Read 7ktz.xyz: 𝑁=277, ∑𝑞ᵢ=4.17𝑒, ∑𝑚ᵢ=25247.63
 INFO  duello            > Medium: 𝑇 = 300.00 K, εᵣ = 77.69, λᴮ = 7.17 Å, 𝐼 = 15.00 mM, λᴰ = 24.79 Å, 0.01 M 🧂Salt = NaCl
 INFO  duello            > Molecular net-charges:    [4.17e, 4.17e]
 INFO  duello            > Molecular dipole moments: [513.22 D, 513.22 D]
 INFO  duello            > Molecular masses (g/mol): [25247.63, 25247.63]
 INFO  duello            > COM range: [32.0, 60.0) in 1.0 Å steps 🐾
 INFO  duello::icotable  > Actual angle resolution = 0.37 radians
 INFO  duello::icoscan   > 6D table: 𝑅(28) x 𝜔(18) x 𝜃𝜑(92) x 𝜃𝜑(92) = 4265856 poses 💃🕺 (1.6 MB)
 INFO  duello::report    > Second virial coefficient, 𝐵₂ = -301500.50 Å³
 INFO  duello::report    >                               = -2.85e-4 mol⋅ml/g²
 INFO  duello::report    > Reduced second virial coefficient, 𝐵₂ / 𝐵₂hs = -4.39 using σ = 32.00 Å
 INFO  duello::report    > Dissociation constant, 𝐾𝑑 = 2.24e-3 mol/l using σ = 32.00 Å
 INFO  duello::report    > Plot: [1;33mfree energy[0m and [1;31mmean energy[0m along mass center separation. In units of kT and angstroms.
⣇⠈⠀⠁⠈⠀⠁⠈⠀⠁⠈⠀⠁⠈⠀⠁⠈⠀⠁⠈⠀⠁⠈⠀⠁⠈⠀⠁⠈⠀⠁⠈⠀⠁⠈⠀⠁⠈⠀⠁⠈⠀⠁⠈⠀⠁⠈⠀⠁⠈⡁ 1.6
⠌⢦⠀⠄⠠⠀⠄⠠⠀⠄⠠⠀⠄⠠⠀⠄⠠⠀⠄⠠⠀⠄⠠⠀⠄⠠⠀⠄⣠⡠⠤⠤⠤⢔⣲⠶⠶⠶⠶⠶⠶⠒⠖⠲⠒⠖⠲⠒⠖⠲⠆
⠂⠈⠒⠚⢄⠀⢀⠔⠒⠒⠒⠒⠒⠒⠒⠒⠢⠤⠤⠤⠤⠤⠒⠒⠒⠒⠉⠉⣀⠔⠒⠊⠉⠁⠀⠀⠀⠀⠀⠀⠀⠀⠀⠀⠀⠀⠀⠀⠀⠀⠂
⡁⠀⠀⠀⠈⠲⠁⠀⠀⠀⠀⠀⠀⠀⠀⠀⠀⠀⠀⠀⠀⠀⠀⣀⠤⠒⠉⠉⠀⠀⠀⠀⠀⠀⠀⠀⠀⠀⠀⠀⠀⠀⠀⠀⠀⠀⠀⠀⠀⠀⡁
⠄⠀⠀⠀⠀⠀⠀⠀⠀⠀⠀⠀⠀⠀⠀⠀⠀⠀⠀⢀⡠⠔⠉⠀⠀⠀⠀⠀⠀⠀⠀⠀⠀⠀⠀⠀⠀⠀⠀⠀⠀⠀⠀⠀⠀⠀⠀⠀⠀⠀⠄
⠂⠀⠀⠀⠀⠀⠀⠀⠀⠀⠀⠀⠀⠀⠀⣀⡠⠔⠊⠁⠀⠀⠀⠀⠀⠀⠀⠀⠀⠀⠀⠀⠀⠀⠀⠀⠀⠀⠀⠀⠀⠀⠀⠀⠀⠀⠀⠀⠀⠀⠂
⡁⠀⠀⠀⠀⠀⠀⠀⠀⠀⠀⢀⠔⠉⠉⠀⠀⠀⠀⠀⠀⠀⠀⠀⠀⠀⠀⠀⠀⠀⠀⠀⠀⠀⠀⠀⠀⠀⠀⠀⠀⠀⠀⠀⠀⠀⠀⠀⠀⠀⡁
⠄⠀⠀⠀⠀⠀⠀⠀⠀⡠⠔⠁⠀⠀⠀⠀⠀⠀⠀⠀⠀⠀⠀⠀⠀⠀⠀⠀⠀⠀⠀⠀⠀⠀⠀⠀⠀⠀⠀⠀⠀⠀⠀⠀⠀⠀⠀⠀⠀⠀⠄
⠂⠀⠀⠀⠀⠀⠀⡔⠊⠀⠀⠀⠀⠀⠀⠀⠀⠀⠀⠀⠀⠀⠀⠀⠀⠀⠀⠀⠀⠀⠀⠀⠀⠀⠀⠀⠀⠀⠀⠀⠀⠀⠀⠀⠀⠀⠀⠀⠀⠀⠂
⡁⠀⠀⣴⠀⠀⢠⠃⠀⠀⠀⠀⠀⠀⠀⠀⠀⠀⠀⠀⠀⠀⠀⠀⠀⠀⠀⠀⠀⠀⠀⠀⠀⠀⠀⠀⠀⠀⠀⠀⠀⠀⠀⠀⠀⠀⠀⠀⠀⠀⡁
⠧⡀⢰⠉⡆⠀⡜⠀⠀⠀⠀⠀⠀⠀⠀⠀⠀⠀⠀⠀⠀⠀⠀⠀⠀⠀⠀⠀⠀⠀⠀⠀⠀⠀⠀⠀⠀⠀⠀⠀⠀⠀⠀⠀⠀⠀⠀⠀⠀⠀⠄
⠂⠑⠇⠀⠸⣠⠃⠀⠀⠀⠀⠀⠀⠀⠀⠀⠀⠀⠀⠀⠀⠀⠀⠀⠀⠀⠀⠀⠀⠀⠀⠀⠀⠀⠀⠀⠀⠀⠀⠀⠀⠀⠀⠀⠀⠀⠀⠀⠀⠀⠂
⠅⠠⠀⠄⠠⠻⠄⠠⠀⠄⠠⠀⠄⠠⠀⠄⠠⠀⠄⠠⠀⠄⠠⠀⠄⠠⠀⠄⠠⠀⠄⠠⠀⠄⠠⠀⠄⠠⠀⠄⠠⠀⠄⠠⠀⠄⠠⠀⠄⠠⠁ -13.4
32.0                                          59.0

 INFO  duello::energy > Adding Coulomb potential to nonbonded matrix
 DEBUG duello::structure > Read 7ktz.xyz: 𝑁=277, ∑𝑞ᵢ=4.17𝑒, ∑𝑚ᵢ=25247.63
 DEBUG duello::structure > Read 7ktz.xyz: 𝑁=277, ∑𝑞ᵢ=4.17𝑒, ∑𝑚ᵢ=25247.63
 INFO  duello            > Medium: 𝑇 = 300.00 K, εᵣ = 77.69, λᴮ = 7.17 Å, 𝐼 = 20.00 mM, λᴰ = 21.47 Å, 0.02 M 🧂Salt = NaCl
 INFO  duello            > Molecular net-charges:    [4.17e, 4.17e]
 INFO  duello            > Molecular dipole moments: [513.22 D, 513.22 D]
 INFO  duello            > Molecular masses (g/mol): [25247.63, 25247.63]
 INFO  duello            > COM range: [32.0, 60.0) in 1.0 Å steps 🐾
 INFO  duello::icotable  > Actual angle resolution = 0.37 radians
 INFO  duello::icoscan   > 6D table: 𝑅(28) x 𝜔(18) x 𝜃𝜑(92) x 𝜃𝜑(92) = 4265856 poses 💃🕺 (1.6 MB)
 INFO  duello::report    > Second virial coefficient, 𝐵₂ = -290047.06 Å³
 INFO  duello::report    >                               = -2.74e-4 mol⋅ml/g²
 INFO  duello::report    > Reduced second virial coefficient, 𝐵₂ / 𝐵₂hs = -4.23 using σ = 32.00 Å
 INFO  duello::report    > Dissociation constant, 𝐾𝑑 = 2.31e-3 mol/l using σ = 32.00 Å
 INFO  duello::report    > Plot: [1;33mfree energy[0m and [1;31mmean energy[0m along mass center separation. In units of kT and angstroms.
⣇⠈⠀⠁⠈⠀⠁⠈⠀⠁⠈⠀⠁⠈⠀⠁⠈⠀⠁⠈⠀⠁⠈⠀⠁⠈⠀⠁⠈⠀⠁⠈⠀⠁⠈⠀⠁⠈⠀⠁⠈⠀⠁⠈⠀⠁⠈⠀⠁⠈⡁ 1.7
⠌⢦⠀⠄⠠⠀⠄⠠⠀⠄⠠⠀⠄⠠⠀⠄⠠⠀⠄⠠⠀⠄⠠⠀⠄⠠⠀⠄⣠⣀⣄⡠⠤⢤⣤⣤⣤⠶⠶⠶⠶⠶⠶⠶⠖⠖⠲⠒⠖⠲⠆
⠂⠈⠒⠚⢄⠀⠀⡠⠤⠔⠒⠒⠒⠒⠒⠤⢄⣀⡠⠤⠤⠤⠤⠤⠒⠒⠉⠉⣀⠔⠒⠊⠉⠁⠀⠀⠀⠀⠀⠀⠀⠀⠀⠀⠀⠀⠀⠀⠀⠀⠂
⡁⠀⠀⠀⠈⠢⠊⠀⠀⠀⠀⠀⠀⠀⠀⠀⠀⠀⠀⠀⠀⠀⠀⣀⠤⠒⠉⠉⠀⠀⠀⠀⠀⠀⠀⠀⠀⠀⠀⠀⠀⠀⠀⠀⠀⠀⠀⠀⠀⠀⡁
⠄⠀⠀⠀⠀⠀⠀⠀⠀⠀⠀⠀⠀⠀⠀⠀⠀⠀⠀⢀⡠⠔⠉⠀⠀⠀⠀⠀⠀⠀⠀⠀⠀⠀⠀⠀⠀⠀⠀⠀⠀⠀⠀⠀⠀⠀⠀⠀⠀⠀⠄
⠂⠀⠀⠀⠀⠀⠀⠀⠀⠀⠀⠀⠀⠀⠀⣀⡠⠔⠊⠁⠀⠀⠀⠀⠀⠀⠀⠀⠀⠀⠀⠀⠀⠀⠀⠀⠀⠀⠀⠀⠀⠀⠀⠀⠀⠀⠀⠀⠀⠀⠂
⡁⠀⠀⠀⠀⠀⠀⠀⠀⠀⠀⢀⠔⠉⠉⠀⠀⠀⠀⠀⠀⠀⠀⠀⠀⠀⠀⠀⠀⠀⠀⠀⠀⠀⠀⠀⠀⠀⠀⠀⠀⠀⠀⠀⠀⠀⠀⠀⠀⠀⡁
⠄⠀⠀⠀⠀⠀⠀⠀⠀⡠⠔⠁⠀⠀⠀⠀⠀⠀⠀⠀⠀⠀⠀⠀⠀⠀⠀⠀⠀⠀⠀⠀⠀⠀⠀⠀⠀⠀⠀⠀⠀⠀⠀⠀⠀⠀⠀⠀⠀⠀⠄
⠂⠀⠀⠀⠀⠀⠀⡔⠊⠀⠀⠀⠀⠀⠀⠀⠀⠀⠀⠀⠀⠀⠀⠀⠀⠀⠀⠀⠀⠀⠀⠀⠀⠀⠀⠀⠀⠀⠀⠀⠀⠀⠀⠀⠀⠀⠀⠀⠀⠀⠂
⡁⠀⠀⣴⠀⠀⢠⠃⠀⠀⠀⠀⠀⠀⠀⠀⠀⠀⠀⠀⠀⠀⠀⠀⠀⠀⠀⠀⠀⠀⠀⠀⠀⠀⠀⠀⠀⠀⠀⠀⠀⠀⠀⠀⠀⠀⠀⠀⠀⠀⡁
⠧⡀⢰⠉⡆⠀⡜⠀⠀⠀⠀⠀⠀⠀⠀⠀⠀⠀⠀⠀⠀⠀⠀⠀⠀⠀⠀⠀⠀⠀⠀⠀⠀⠀⠀⠀⠀⠀⠀⠀⠀⠀⠀⠀⠀⠀⠀⠀⠀⠀⠄
⠂⠑⠇⠀⠸⣠⠃⠀⠀⠀⠀⠀⠀⠀⠀⠀⠀⠀⠀⠀⠀⠀⠀⠀⠀⠀⠀⠀⠀⠀⠀⠀⠀⠀⠀⠀⠀⠀⠀⠀⠀⠀⠀⠀⠀⠀⠀⠀⠀⠀⠂
⠅⠠⠀⠄⠠⠻⠄⠠⠀⠄⠠⠀⠄⠠⠀⠄⠠⠀⠄⠠⠀⠄⠠⠀⠄⠠⠀⠄⠠⠀⠄⠠⠀⠄⠠⠀⠄⠠⠀⠄⠠⠀⠄⠠⠀⠄⠠⠀⠄⠠⠁ -13.2
32.0                                          59.0

 INFO  duello::energy > Adding Coulomb potential to nonbonded matrix
 DEBUG duello::structure > Read 7ktz.xyz: 𝑁=277, ∑𝑞ᵢ=4.17𝑒, ∑𝑚ᵢ=25247.63
 DEBUG duello::structure > Read 7ktz.xyz: 𝑁=277, ∑𝑞ᵢ=4.17𝑒, ∑𝑚ᵢ=25247.63
 INFO  duello            > Medium: 𝑇 = 300.00 K, εᵣ = 77.69, λᴮ = 7.17 Å, 𝐼 = 30.00 mM, λᴰ = 17.53 Å, 0.03 M 🧂Salt = NaCl
 INFO  duello            > Molecular net-charges:    [4.17e, 4.17e]
 INFO  duello            > Molecular dipole moments: [513.22 D, 513.22 D]
 INFO  duello            > Molecular masses (g/mol): [25247.63, 25247.63]
 INFO  duello            > COM range: [32.0, 60.0) in 1.0 Å steps 🐾
 INFO  duello::icotable  > Actual angle resolution = 0.37 radians
 INFO  duello::icoscan   > 6D table: 𝑅(28) x 𝜔(18) x 𝜃𝜑(92) x 𝜃𝜑(92) = 4265856 poses 💃🕺 (1.6 MB)
 INFO  duello::report    > Second virial coefficient, 𝐵₂ = -256742.45 Å³
 INFO  duello::report    >                               = -2.43e-4 mol⋅ml/g²
 INFO  duello::report    > Reduced second virial coefficient, 𝐵₂ / 𝐵₂hs = -3.74 using σ = 32.00 Å
 INFO  duello::report    > Dissociation constant, 𝐾𝑑 = 2.55e-3 mol/l using σ = 32.00 Å
 INFO  duello::report    > Plot: [1;33mfree energy[0m and [1;31mmean energy[0m along mass center separation. In units of kT and angstroms.
⣇⠈⠀⠁⠈⠀⠁⠈⠀⠁⠈⠀⠁⠈⠀⠁⠈⠀⠁⠈⠀⠁⠈⠀⠁⠈⠀⠁⠈⠀⠁⠈⠀⠁⠈⠀⠁⠈⠀⠁⠈⠀⠁⠈⠀⠁⠈⠀⠁⠈⡁ 1.9
⡌⢆⠀⡀⢀⠀⡀⢀⠀⡀⢀⠀⡀⢀⠀⡀⢀⠀⡀⢀⠀⡀⢀⠀⡀⢀⠀⡀⢀⠀⡀⢀⣀⣀⣀⣤⣤⣤⣤⣤⣤⠤⡤⢤⠤⡤⢤⠤⡤⢤⠄
⠂⠈⠒⠲⡀⠀⠀⡠⠤⠤⠤⠤⠤⠤⠤⠤⢄⣀⣀⣀⣀⣀⠤⠤⠤⠤⠒⠒⣉⡩⠝⠋⠉⠉⠉⠀⠀⠀⠀⠀⠀⠀⠀⠀⠀⠀⠀⠀⠀⠀⠂
⡁⠀⠀⠀⠈⠢⠊⠀⠀⠀⠀⠀⠀⠀⠀⠀⠀⠀⠀⠀⠀⠀⠀⣀⠤⠤⠒⠉⠀⠀⠀⠀⠀⠀⠀⠀⠀⠀⠀⠀⠀⠀⠀⠀⠀⠀⠀⠀⠀⠀⡁
⠄⠀⠀⠀⠀⠀⠀⠀⠀⠀⠀⠀⠀⠀⠀⠀⠀⠀⠀⢀⡠⠔⠉⠀⠀⠀⠀⠀⠀⠀⠀⠀⠀⠀⠀⠀⠀⠀⠀⠀⠀⠀⠀⠀⠀⠀⠀⠀⠀⠀⠄
⠂⠀⠀⠀⠀⠀⠀⠀⠀⠀⠀⠀⠀⠀⠀⣀⡠⠔⠊⠁⠀⠀⠀⠀⠀⠀⠀⠀⠀⠀⠀⠀⠀⠀⠀⠀⠀⠀⠀⠀⠀⠀⠀⠀⠀⠀⠀⠀⠀⠀⠂
⡁⠀⠀⠀⠀⠀⠀⠀⠀⠀⠀⢀⠔⠉⠉⠀⠀⠀⠀⠀⠀⠀⠀⠀⠀⠀⠀⠀⠀⠀⠀⠀⠀⠀⠀⠀⠀⠀⠀⠀⠀⠀⠀⠀⠀⠀⠀⠀⠀⠀⡁
⠄⠀⠀⠀⠀⠀⠀⠀⠀⡠⠔⠁⠀⠀⠀⠀⠀⠀⠀⠀⠀⠀⠀⠀⠀⠀⠀⠀⠀⠀⠀⠀⠀⠀⠀⠀⠀⠀⠀⠀⠀⠀⠀⠀⠀⠀⠀⠀⠀⠀⠄
⠂⠀⠀⠀⠀⠀⠀⡔⠊⠀⠀⠀⠀⠀⠀⠀⠀⠀⠀⠀⠀⠀⠀⠀⠀⠀⠀⠀⠀⠀⠀⠀⠀⠀⠀⠀⠀⠀⠀⠀⠀⠀⠀⠀⠀⠀⠀⠀⠀⠀⠂
⡁⠀⠀⣠⠀⠀⢠⠃⠀⠀⠀⠀⠀⠀⠀⠀⠀⠀⠀⠀⠀⠀⠀⠀⠀⠀⠀⠀⠀⠀⠀⠀⠀⠀⠀⠀⠀⠀⠀⠀⠀⠀⠀⠀⠀⠀⠀⠀⠀⠀⡁
⠧⡀⢰⠉⡆⠀⡜⠀⠀⠀⠀⠀⠀⠀⠀⠀⠀⠀⠀⠀⠀⠀⠀⠀⠀⠀⠀⠀⠀⠀⠀⠀⠀⠀⠀⠀⠀⠀⠀⠀⠀⠀⠀⠀⠀⠀⠀⠀⠀⠀⠄
⠂⠑⠇⠀⠸⣠⠃⠀⠀⠀⠀⠀⠀⠀⠀⠀⠀⠀⠀⠀⠀⠀⠀⠀⠀⠀⠀⠀⠀⠀⠀⠀⠀⠀⠀⠀⠀⠀⠀⠀⠀⠀⠀⠀⠀⠀⠀⠀⠀⠀⠂
⠅⠠⠀⠄⠠⠻⠄⠠⠀⠄⠠⠀⠄⠠⠀⠄⠠⠀⠄⠠⠀⠄⠠⠀⠄⠠⠀⠄⠠⠀⠄⠠⠀⠄⠠⠀⠄⠠⠀⠄⠠⠀⠄⠠⠀⠄⠠⠀⠄⠠⠁ -12.8
32.0                                          59.0

 INFO  duello::energy > Adding Coulomb potential to nonbonded matrix
 DEBUG duello::structure > Read 7ktz.xyz: 𝑁=277, ∑𝑞ᵢ=4.17𝑒, ∑𝑚ᵢ=25247.63
 DEBUG duello::structure > Read 7ktz.xyz: 𝑁=277, ∑𝑞ᵢ=4.17𝑒, ∑𝑚ᵢ=25247.63
 INFO  duello            > Medium: 𝑇 = 300.00 K, εᵣ = 77.69, λᴮ = 7.17 Å, 𝐼 = 40.00 mM, λᴰ = 15.18 Å, 0.04 M 🧂Salt = NaCl
 INFO  duello            > Molecular net-charges:    [4.17e, 4.17e]
 INFO  duello            > Molecular dipole moments: [513.22 D, 513.22 D]
 INFO  duello            > Molecular masses (g/mol): [25247.63, 25247.63]
 INFO  duello            > COM range: [32.0, 60.0) in 1.0 Å steps 🐾
 INFO  duello::icotable  > Actual angle resolution = 0.37 radians
 INFO  duello::icoscan   > 6D table: 𝑅(28) x 𝜔(18) x 𝜃𝜑(92) x 𝜃𝜑(92) = 4265856 poses 💃🕺 (1.6 MB)
 INFO  duello::report    > Second virial coefficient, 𝐵₂ = -226347.11 Å³
 INFO  duello::report    >                               = -2.14e-4 mol⋅ml/g²
 INFO  duello::report    > Reduced second virial coefficient, 𝐵₂ / 𝐵₂hs = -3.30 using σ = 32.00 Å
 INFO  duello::report    > Dissociation constant, 𝐾𝑑 = 2.81e-3 mol/l using σ = 32.00 Å
 INFO  duello::report    > Plot: [1;33mfree energy[0m and [1;31mmean energy[0m along mass center separation. In units of kT and angstroms.
⣇⠈⠀⠁⠈⠀⠁⠈⠀⠁⠈⠀⠁⠈⠀⠁⠈⠀⠁⠈⠀⠁⠈⠀⠁⠈⠀⠁⠈⠀⠁⠈⠀⠁⠈⠀⠁⠈⠀⠁⠈⠀⠁⠈⠀⠁⠈⠀⠁⠈⡁ 2.0
⠌⢆⠀⠀⠀⠀⠀⠀⠀⠀⠀⠀⠀⠀⠀⠀⠀⠀⠀⠀⠀⠀⠀⠀⠀⠀⠀⠀⠀⠀⠀⠀⠀⢀⣀⣀⣀⣀⣀⣀⣀⣀⣀⣀⣀⣀⣀⣀⣀⣀⡄
⠃⠈⠒⠳⡈⠀⠁⡨⠤⠥⠬⠤⠥⠬⠤⣁⡈⠀⢁⣈⣀⣁⣈⣀⠥⠬⠒⠓⣚⡪⠭⠝⠛⠋⠉⠉⠉⠈⠀⠁⠈⠀⠁⠈⠀⠁⠈⠀⠁⠈⠂
⡁⠀⠀⠀⠈⠢⠊⠀⠀⠀⠀⠀⠀⠀⠀⠀⠈⠉⠁⠀⠀⠀⠀⠀⣀⠤⠒⠉⠀⠀⠀⠀⠀⠀⠀⠀⠀⠀⠀⠀⠀⠀⠀⠀⠀⠀⠀⠀⠀⠀⡁
⠄⠀⠀⠀⠀⠀⠀⠀⠀⠀⠀⠀⠀⠀⠀⠀⠀⠀⠀⢀⡠⠔⠉⠉⠀⠀⠀⠀⠀⠀⠀⠀⠀⠀⠀⠀⠀⠀⠀⠀⠀⠀⠀⠀⠀⠀⠀⠀⠀⠀⠄
⠂⠀⠀⠀⠀⠀⠀⠀⠀⠀⠀⠀⠀⠀⠀⣀⡠⠔⠊⠁⠀⠀⠀⠀⠀⠀⠀⠀⠀⠀⠀⠀⠀⠀⠀⠀⠀⠀⠀⠀⠀⠀⠀⠀⠀⠀⠀⠀⠀⠀⠂
⡁⠀⠀⠀⠀⠀⠀⠀⠀⠀⠀⢀⠔⠉⠉⠀⠀⠀⠀⠀⠀⠀⠀⠀⠀⠀⠀⠀⠀⠀⠀⠀⠀⠀⠀⠀⠀⠀⠀⠀⠀⠀⠀⠀⠀⠀⠀⠀⠀⠀⡁
⠄⠀⠀⠀⠀⠀⠀⠀⠀⡠⠔⠁⠀⠀⠀⠀⠀⠀⠀⠀⠀⠀⠀⠀⠀⠀⠀⠀⠀⠀⠀⠀⠀⠀⠀⠀⠀⠀⠀⠀⠀⠀⠀⠀⠀⠀⠀⠀⠀⠀⠄
⠂⠀⠀⠀⠀⠀⠀⡔⠊⠀⠀⠀⠀⠀⠀⠀⠀⠀⠀⠀⠀⠀⠀⠀⠀⠀⠀⠀⠀⠀⠀⠀⠀⠀⠀⠀⠀⠀⠀⠀⠀⠀⠀⠀⠀⠀⠀⠀⠀⠀⠂
⡁⠀⠀⢀⠀⠀⢠⠃⠀⠀⠀⠀⠀⠀⠀⠀⠀⠀⠀⠀⠀⠀⠀⠀⠀⠀⠀⠀⠀⠀⠀⠀⠀⠀⠀⠀⠀⠀⠀⠀⠀⠀⠀⠀⠀⠀⠀⠀⠀⠀⡁
⠦⡀⢠⠛⡄⠀⡜⠀⠀⠀⠀⠀⠀⠀⠀⠀⠀⠀⠀⠀⠀⠀⠀⠀⠀⠀⠀⠀⠀⠀⠀⠀⠀⠀⠀⠀⠀⠀⠀⠀⠀⠀⠀⠀⠀⠀⠀⠀⠀⠀⠄
⠂⠈⠃⠀⢱⢠⠃⠀⠀⠀⠀⠀⠀⠀⠀⠀⠀⠀⠀⠀⠀⠀⠀⠀⠀⠀⠀⠀⠀⠀⠀⠀⠀⠀⠀⠀⠀⠀⠀⠀⠀⠀⠀⠀⠀⠀⠀⠀⠀⠀⠂
⠅⠠⠀⠄⠠⠻⠄⠠⠀⠄⠠⠀⠄⠠⠀⠄⠠⠀⠄⠠⠀⠄⠠⠀⠄⠠⠀⠄⠠⠀⠄⠠⠀⠄⠠⠀⠄⠠⠀⠄⠠⠀⠄⠠⠀⠄⠠⠀⠄⠠⠁ -12.5
32.0                                          59.0

 INFO  duello::energy > Adding Coulomb potential to nonbonded matrix
 DEBUG duello::structure > Read 7ktz.xyz: 𝑁=277, ∑𝑞ᵢ=4.17𝑒, ∑𝑚ᵢ=25247.63
 DEBUG duello::structure > Read 7ktz.xyz: 𝑁=277, ∑𝑞ᵢ=4.17𝑒, ∑𝑚ᵢ=25247.63
 INFO  duello            > Medium: 𝑇 = 300.00 K, εᵣ = 77.69, λᴮ = 7.17 Å, 𝐼 = 60.00 mM, λᴰ = 12.39 Å, 0.06 M 🧂Salt = NaCl
 INFO  duello            > Molecular net-charges:    [4.17e, 4.17e]
 INFO  duello            > Molecular dipole moments: [513.22 D, 513.22 D]
 INFO  duello            > Molecular masses (g/mol): [25247.63, 25247.63]
 INFO  duello            > COM range: [32.0, 60.0) in 1.0 Å steps 🐾
 INFO  duello::icotable  > Actual angle resolution = 0.37 radians
 INFO  duello::icoscan   > 6D table: 𝑅(28) x 𝜔(18) x 𝜃𝜑(92) x 𝜃𝜑(92) = 4265856 poses 💃🕺 (1.6 MB)
 INFO  duello::report    > Second virial coefficient, 𝐵₂ = -182979.00 Å³
 INFO  duello::report    >                               = -1.73e-4 mol⋅ml/g²
 INFO  duello::report    > Reduced second virial coefficient, 𝐵₂ / 𝐵₂hs = -2.67 using σ = 32.00 Å
 INFO  duello::report    > Dissociation constant, 𝐾𝑑 = 3.30e-3 mol/l using σ = 32.00 Å
 INFO  duello::report    > Plot: [1;33mfree energy[0m and [1;31mmean energy[0m along mass center separation. In units of kT and angstroms.
⣇⠈⠀⠁⠈⠀⠁⠈⠀⠁⠈⠀⠁⠈⠀⠁⠈⠀⠁⠈⠀⠁⠈⠀⠁⠈⠀⠁⠈⠀⠁⠈⠀⠁⠈⠀⠁⠈⠀⠁⠈⠀⠁⠈⠀⠁⠈⠀⠁⠈⡁ 2.3
⠌⢆⠀⠀⠀⠀⠀⠀⠀⠀⠀⠀⠀⠀⠀⠀⠀⠀⠀⠀⠀⠀⠀⠀⠀⠀⠀⠀⠀⠀⠀⠀⠀⠀⠀⠀⠀⠀⠀⠀⠀⠀⠀⠀⠀⠀⠀⠀⠀⠀⠄
⠂⠘⠒⢆⠐⠀⠂⢐⣀⣂⣐⣀⣂⣐⣀⠂⠐⠀⠂⠐⠀⠂⠐⠀⣂⣐⠤⠦⠴⡴⠶⠶⠶⠞⠛⠉⠋⠙⠉⠋⠙⠉⠋⠙⠉⠋⠙⠉⠋⠙⠃
⡁⠀⠀⠀⠑⢄⠔⠁⠀⠀⠀⠀⠀⠀⠀⠉⠉⠉⠉⠉⠉⠉⠉⠉⣀⠤⠒⠒⠉⠀⠀⠀⠀⠀⠀⠀⠀⠀⠀⠀⠀⠀⠀⠀⠀⠀⠀⠀⠀⠀⡁
⠄⠀⠀⠀⠀⠀⠀⠀⠀⠀⠀⠀⠀⠀⠀⠀⠀⠀⠀⢀⡠⠤⠒⠉⠀⠀⠀⠀⠀⠀⠀⠀⠀⠀⠀⠀⠀⠀⠀⠀⠀⠀⠀⠀⠀⠀⠀⠀⠀⠀⠄
⠂⠀⠀⠀⠀⠀⠀⠀⠀⠀⠀⠀⠀⠀⠀⣀⣀⡠⠊⠁⠀⠀⠀⠀⠀⠀⠀⠀⠀⠀⠀⠀⠀⠀⠀⠀⠀⠀⠀⠀⠀⠀⠀⠀⠀⠀⠀⠀⠀⠀⠂
⡁⠀⠀⠀⠀⠀⠀⠀⠀⠀⠀⠀⡠⠒⠉⠀⠀⠀⠀⠀⠀⠀⠀⠀⠀⠀⠀⠀⠀⠀⠀⠀⠀⠀⠀⠀⠀⠀⠀⠀⠀⠀⠀⠀⠀⠀⠀⠀⠀⠀⡁
⠄⠀⠀⠀⠀⠀⠀⠀⠀⢀⠔⠉⠀⠀⠀⠀⠀⠀⠀⠀⠀⠀⠀⠀⠀⠀⠀⠀⠀⠀⠀⠀⠀⠀⠀⠀⠀⠀⠀⠀⠀⠀⠀⠀⠀⠀⠀⠀⠀⠀⠄
⠂⠀⠀⠀⠀⠀⠀⡠⠔⠁⠀⠀⠀⠀⠀⠀⠀⠀⠀⠀⠀⠀⠀⠀⠀⠀⠀⠀⠀⠀⠀⠀⠀⠀⠀⠀⠀⠀⠀⠀⠀⠀⠀⠀⠀⠀⠀⠀⠀⠀⠂
⡁⠀⠀⠀⠀⠀⢀⠇⠀⠀⠀⠀⠀⠀⠀⠀⠀⠀⠀⠀⠀⠀⠀⠀⠀⠀⠀⠀⠀⠀⠀⠀⠀⠀⠀⠀⠀⠀⠀⠀⠀⠀⠀⠀⠀⠀⠀⠀⠀⠀⡁
⠤⡀⢀⢴⠀⠀⡸⠀⠀⠀⠀⠀⠀⠀⠀⠀⠀⠀⠀⠀⠀⠀⠀⠀⠀⠀⠀⠀⠀⠀⠀⠀⠀⠀⠀⠀⠀⠀⠀⠀⠀⠀⠀⠀⠀⠀⠀⠀⠀⠀⠄
⠂⠈⠃⠀⢣⢀⠇⠀⠀⠀⠀⠀⠀⠀⠀⠀⠀⠀⠀⠀⠀⠀⠀⠀⠀⠀⠀⠀⠀⠀⠀⠀⠀⠀⠀⠀⠀⠀⠀⠀⠀⠀⠀⠀⠀⠀⠀⠀⠀⠀⠂
⠅⠠⠀⠄⠠⠻⠄⠠⠀⠄⠠⠀⠄⠠⠀⠄⠠⠀⠄⠠⠀⠄⠠⠀⠄⠠⠀⠄⠠⠀⠄⠠⠀⠄⠠⠀⠄⠠⠀⠄⠠⠀⠄⠠⠀⠄⠠⠀⠄⠠⠁ -12.0
32.0                                          59.0

 INFO  duello::energy > Adding Coulomb potential to nonbonded matrix
 DEBUG duello::structure > Read 7ktz.xyz: 𝑁=277, ∑𝑞ᵢ=4.17𝑒, ∑𝑚ᵢ=25247.63
 DEBUG duello::structure > Read 7ktz.xyz: 𝑁=277, ∑𝑞ᵢ=4.17𝑒, ∑𝑚ᵢ=25247.63
 INFO  duello            > Medium: 𝑇 = 300.00 K, εᵣ = 77.69, λᴮ = 7.17 Å, 𝐼 = 80.00 mM, λᴰ = 10.73 Å, 0.08 M 🧂Salt = NaCl
 INFO  duello            > Molecular net-charges:    [4.17e, 4.17e]
 INFO  duello            > Molecular dipole moments: [513.22 D, 513.22 D]
 INFO  duello            > Molecular masses (g/mol): [25247.63, 25247.63]
 INFO  duello            > COM range: [32.0, 60.0) in 1.0 Å steps 🐾
 INFO  duello::icotable  > Actual angle resolution = 0.37 radians
 INFO  duello::icoscan   > 6D table: 𝑅(28) x 𝜔(18) x 𝜃𝜑(92) x 𝜃𝜑(92) = 4265856 poses 💃🕺 (1.6 MB)
 INFO  duello::report    > Second virial coefficient, 𝐵₂ = -156144.14 Å³
 INFO  duello::report    >                               = -1.48e-4 mol⋅ml/g²
 INFO  duello::report    > Reduced second virial coefficient, 𝐵₂ / 𝐵₂hs = -2.28 using σ = 32.00 Å
 INFO  duello::report    > Dissociation constant, 𝐾𝑑 = 3.69e-3 mol/l using σ = 32.00 Å
 INFO  duello::report    > Plot: [1;33mfree energy[0m and [1;31mmean energy[0m along mass center separation. In units of kT and angstroms.
⣇⠈⠀⠁⠈⠀⠁⠈⠀⠁⠈⠀⠁⠈⠀⠁⠈⠀⠁⠈⠀⠁⠈⠀⠁⠈⠀⠁⠈⠀⠁⠈⠀⠁⠈⠀⠁⠈⠀⠁⠈⠀⠁⠈⠀⠁⠈⠀⠁⠈⡁ 2.5
⠌⢆⠀⠀⠀⠀⠀⠀⠀⠀⠀⠀⠀⠀⠀⠀⠀⠀⠀⠀⠀⠀⠀⠀⠀⠀⠀⠀⠀⠀⠀⠀⠀⠀⠀⠀⠀⠀⠀⠀⠀⠀⠀⠀⠀⠀⠀⠀⠀⠀⠄
⠂⠘⠢⡂⠐⠀⠂⠐⠀⠂⠐⠀⠂⠐⠀⠂⠐⠀⠂⠐⠀⠂⠐⠀⠂⠐⣀⣂⠴⢤⣦⡴⠶⠶⠶⠒⠒⠒⠒⠒⠒⠒⠒⠒⠒⠒⠒⠒⠒⠒⠂
⡁⠀⠀⠈⠑⢄⡠⠊⠉⠉⠉⠉⠉⠉⠉⠒⠒⠒⠒⠒⠒⠒⠉⠉⣉⠭⠒⠒⠉⠁⠀⠀⠀⠀⠀⠀⠀⠀⠀⠀⠀⠀⠀⠀⠀⠀⠀⠀⠀⠀⡁
⠄⠀⠀⠀⠀⠀⠀⠀⠀⠀⠀⠀⠀⠀⠀⠀⠀⠀⠀⠀⢀⡠⠒⠉⠀⠀⠀⠀⠀⠀⠀⠀⠀⠀⠀⠀⠀⠀⠀⠀⠀⠀⠀⠀⠀⠀⠀⠀⠀⠀⠄
⠂⠀⠀⠀⠀⠀⠀⠀⠀⠀⠀⠀⠀⠀⠀⠀⢀⡠⠊⠉⠁⠀⠀⠀⠀⠀⠀⠀⠀⠀⠀⠀⠀⠀⠀⠀⠀⠀⠀⠀⠀⠀⠀⠀⠀⠀⠀⠀⠀⠀⠂
⡁⠀⠀⠀⠀⠀⠀⠀⠀⠀⠀⠀⡠⠒⠒⠉⠁⠀⠀⠀⠀⠀⠀⠀⠀⠀⠀⠀⠀⠀⠀⠀⠀⠀⠀⠀⠀⠀⠀⠀⠀⠀⠀⠀⠀⠀⠀⠀⠀⠀⡁
⠄⠀⠀⠀⠀⠀⠀⠀⠀⢀⡠⠊⠀⠀⠀⠀⠀⠀⠀⠀⠀⠀⠀⠀⠀⠀⠀⠀⠀⠀⠀⠀⠀⠀⠀⠀⠀⠀⠀⠀⠀⠀⠀⠀⠀⠀⠀⠀⠀⠀⠄
⠂⠀⠀⠀⠀⠀⠀⡠⠔⠁⠀⠀⠀⠀⠀⠀⠀⠀⠀⠀⠀⠀⠀⠀⠀⠀⠀⠀⠀⠀⠀⠀⠀⠀⠀⠀⠀⠀⠀⠀⠀⠀⠀⠀⠀⠀⠀⠀⠀⠀⠂
⡁⠀⠀⠀⠀⠀⢀⠇⠀⠀⠀⠀⠀⠀⠀⠀⠀⠀⠀⠀⠀⠀⠀⠀⠀⠀⠀⠀⠀⠀⠀⠀⠀⠀⠀⠀⠀⠀⠀⠀⠀⠀⠀⠀⠀⠀⠀⠀⠀⠀⡁
⠤⡀⠀⢀⠀⠀⡸⠀⠀⠀⠀⠀⠀⠀⠀⠀⠀⠀⠀⠀⠀⠀⠀⠀⠀⠀⠀⠀⠀⠀⠀⠀⠀⠀⠀⠀⠀⠀⠀⠀⠀⠀⠀⠀⠀⠀⠀⠀⠀⠀⠄
⠂⠈⠒⠉⢆⢀⠇⠀⠀⠀⠀⠀⠀⠀⠀⠀⠀⠀⠀⠀⠀⠀⠀⠀⠀⠀⠀⠀⠀⠀⠀⠀⠀⠀⠀⠀⠀⠀⠀⠀⠀⠀⠀⠀⠀⠀⠀⠀⠀⠀⠂
⠅⠠⠀⠄⠨⠺⠄⠠⠀⠄⠠⠀⠄⠠⠀⠄⠠⠀⠄⠠⠀⠄⠠⠀⠄⠠⠀⠄⠠⠀⠄⠠⠀⠄⠠⠀⠄⠠⠀⠄⠠⠀⠄⠠⠀⠄⠠⠀⠄⠠⠁ -11.5
32.0                                          59.0

 INFO  duello::energy > Adding Coulomb potential to nonbonded matrix
 DEBUG duello::structure > Read 7ktz.xyz: 𝑁=277, ∑𝑞ᵢ=4.17𝑒, ∑𝑚ᵢ=25247.63
 DEBUG duello::structure > Read 7ktz.xyz: 𝑁=277, ∑𝑞ᵢ=4.17𝑒, ∑𝑚ᵢ=25247.63
 INFO  duello            > Medium: 𝑇 = 300.00 K, εᵣ = 77.69, λᴮ = 7.17 Å, 𝐼 = 100.00 mM, λᴰ = 9.60 Å, 0.10 M 🧂Salt = NaCl
 INFO  duello            > Molecular net-charges:    [4.17e, 4.17e]
 INFO  duello            > Molecular dipole moments: [513.22 D, 513.22 D]
 INFO  duello            > Molecular masses (g/mol): [25247.63, 25247.63]
 INFO  duello            > COM range: [32.0, 60.0) in 1.0 Å steps 🐾
 INFO  duello::icotable  > Actual angle resolution = 0.37 radians
 INFO  duello::icoscan   > 6D table: 𝑅(28) x 𝜔(18) x 𝜃𝜑(92) x 𝜃𝜑(92) = 4265856 poses 💃🕺 (1.6 MB)
 INFO  duello::report    > Second virial coefficient, 𝐵₂ = -138852.30 Å³
 INFO  duello::report    >                               = -1.31e-4 mol⋅ml/g²
 INFO  duello::report    > Reduced second virial coefficient, 𝐵₂ / 𝐵₂hs = -2.02 using σ = 32.00 Å
 INFO  duello::report    > Dissociation constant, 𝐾𝑑 = 4.00e-3 mol/l using σ = 32.00 Å
 INFO  duello::report    > Plot: [1;33mfree energy[0m and [1;31mmean energy[0m along mass center separation. In units of kT and angstroms.
⣇⠈⠀⠁⠈⠀⠁⠈⠀⠁⠈⠀⠁⠈⠀⠁⠈⠀⠁⠈⠀⠁⠈⠀⠁⠈⠀⠁⠈⠀⠁⠈⠀⠁⠈⠀⠁⠈⠀⠁⠈⠀⠁⠈⠀⠁⠈⠀⠁⠈⡁ 2.7
⠌⢆⠀⠀⠀⠀⠀⠀⠀⠀⠀⠀⠀⠀⠀⠀⠀⠀⠀⠀⠀⠀⠀⠀⠀⠀⠀⠀⠀⠀⠀⠀⠀⠀⠀⠀⠀⠀⠀⠀⠀⠀⠀⠀⠀⠀⠀⠀⠀⠀⠄
⠆⠨⠢⡄⠠⠀⠄⠠⠀⠄⠠⠀⠄⠠⠀⠄⠠⠀⠄⠠⠀⠄⠠⠀⠄⠠⠀⠄⣠⣀⣄⣠⣤⡤⠤⠤⠤⠤⠤⠶⠶⠶⠖⠲⠒⠖⠲⠒⠖⠲⠂
⡁⠀⠀⠈⠑⢄⡠⠊⠉⠉⠉⠉⠉⠒⠒⠒⠢⠤⠤⠤⠔⠒⠒⠒⣉⣉⠭⠭⠒⠁⠀⠀⠀⠀⠀⠀⠀⠀⠀⠀⠀⠀⠀⠀⠀⠀⠀⠀⠀⠀⡁
⠄⠀⠀⠀⠀⠀⠀⠀⠀⠀⠀⠀⠀⠀⠀⠀⠀⠀⠀⠀⢀⡠⠒⠉⠀⠀⠀⠀⠀⠀⠀⠀⠀⠀⠀⠀⠀⠀⠀⠀⠀⠀⠀⠀⠀⠀⠀⠀⠀⠀⠄
⠂⠀⠀⠀⠀⠀⠀⠀⠀⠀⠀⠀⠀⠀⠀⠀⢀⡠⠔⠊⠁⠀⠀⠀⠀⠀⠀⠀⠀⠀⠀⠀⠀⠀⠀⠀⠀⠀⠀⠀⠀⠀⠀⠀⠀⠀⠀⠀⠀⠀⠂
⡁⠀⠀⠀⠀⠀⠀⠀⠀⠀⠀⠀⢀⠤⠒⠉⠁⠀⠀⠀⠀⠀⠀⠀⠀⠀⠀⠀⠀⠀⠀⠀⠀⠀⠀⠀⠀⠀⠀⠀⠀⠀⠀⠀⠀⠀⠀⠀⠀⠀⡁
⠄⠀⠀⠀⠀⠀⠀⠀⠀⢀⡠⠒⠁⠀⠀⠀⠀⠀⠀⠀⠀⠀⠀⠀⠀⠀⠀⠀⠀⠀⠀⠀⠀⠀⠀⠀⠀⠀⠀⠀⠀⠀⠀⠀⠀⠀⠀⠀⠀⠀⠄
⠂⠀⠀⠀⠀⠀⠀⢀⠔⠁⠀⠀⠀⠀⠀⠀⠀⠀⠀⠀⠀⠀⠀⠀⠀⠀⠀⠀⠀⠀⠀⠀⠀⠀⠀⠀⠀⠀⠀⠀⠀⠀⠀⠀⠀⠀⠀⠀⠀⠀⠂
⡁⠀⠀⠀⠀⠀⢀⠇⠀⠀⠀⠀⠀⠀⠀⠀⠀⠀⠀⠀⠀⠀⠀⠀⠀⠀⠀⠀⠀⠀⠀⠀⠀⠀⠀⠀⠀⠀⠀⠀⠀⠀⠀⠀⠀⠀⠀⠀⠀⠀⡁
⣄⠀⠀⠀⠀⠀⡸⠀⠀⠀⠀⠀⠀⠀⠀⠀⠀⠀⠀⠀⠀⠀⠀⠀⠀⠀⠀⠀⠀⠀⠀⠀⠀⠀⠀⠀⠀⠀⠀⠀⠀⠀⠀⠀⠀⠀⠀⠀⠀⠀⠄
⠂⠉⠒⠲⡀⢀⠇⠀⠀⠀⠀⠀⠀⠀⠀⠀⠀⠀⠀⠀⠀⠀⠀⠀⠀⠀⠀⠀⠀⠀⠀⠀⠀⠀⠀⠀⠀⠀⠀⠀⠀⠀⠀⠀⠀⠀⠀⠀⠀⠀⠂
⠅⠠⠀⠄⠨⠺⠄⠠⠀⠄⠠⠀⠄⠠⠀⠄⠠⠀⠄⠠⠀⠄⠠⠀⠄⠠⠀⠄⠠⠀⠄⠠⠀⠄⠠⠀⠄⠠⠀⠄⠠⠀⠄⠠⠀⠄⠠⠀⠄⠠⠁ -11.2
32.0                                          59.0

