 INFO  duello::energy > Adding Coulomb potential to nonbonded matrix
 DEBUG duello::energy > Adding ion-induced dipole term for atom pair (0, 0). Alphas: 50, 50
 DEBUG duello::energy > Adding ion-induced dipole term for atom pair (0, 1). Alphas: 50, 50
 DEBUG duello::energy > Adding ion-induced dipole term for atom pair (0, 2). Alphas: 50, 50
 DEBUG duello::energy > Adding ion-induced dipole term for atom pair (0, 3). Alphas: 50, 50
 DEBUG duello::energy > Adding ion-induced dipole term for atom pair (0, 4). Alphas: 50, 50
 DEBUG duello::energy > Adding ion-induced dipole term for atom pair (0, 5). Alphas: 50, 50
 DEBUG duello::energy > Adding ion-induced dipole term for atom pair (0, 6). Alphas: 50, 50
 DEBUG duello::energy > Adding ion-induced dipole term for atom pair (0, 21). Alphas: 50, 50
 DEBUG duello::energy > Adding ion-induced dipole term for atom pair (1, 0). Alphas: 50, 50
 DEBUG duello::energy > Adding ion-induced dipole term for atom pair (1, 1). Alphas: 50, 50
 DEBUG duello::energy > Adding ion-induced dipole term for atom pair (1, 2). Alphas: 50, 50
 DEBUG duello::energy > Adding ion-induced dipole term for atom pair (1, 3). Alphas: 50, 50
 DEBUG duello::energy > Adding ion-induced dipole term for atom pair (1, 4). Alphas: 50, 50
 DEBUG duello::energy > Adding ion-induced dipole term for atom pair (1, 5). Alphas: 50, 50
 DEBUG duello::energy > Adding ion-induced dipole term for atom pair (1, 6). Alphas: 50, 50
 DEBUG duello::energy > Adding ion-induced dipole term for atom pair (1, 21). Alphas: 50, 50
 DEBUG duello::energy > Adding ion-induced dipole term for atom pair (2, 0). Alphas: 50, 50
 DEBUG duello::energy > Adding ion-induced dipole term for atom pair (2, 1). Alphas: 50, 50
 DEBUG duello::energy > Adding ion-induced dipole term for atom pair (2, 2). Alphas: 50, 50
 DEBUG duello::energy > Adding ion-induced dipole term for atom pair (2, 3). Alphas: 50, 50
 DEBUG duello::energy > Adding ion-induced dipole term for atom pair (2, 4). Alphas: 50, 50
 DEBUG duello::energy > Adding ion-induced dipole term for atom pair (2, 5). Alphas: 50, 50
 DEBUG duello::energy > Adding ion-induced dipole term for atom pair (2, 6). Alphas: 50, 50
 DEBUG duello::energy > Adding ion-induced dipole term for atom pair (2, 21). Alphas: 50, 50
 DEBUG duello::energy > Adding ion-induced dipole term for atom pair (3, 0). Alphas: 50, 50
 DEBUG duello::energy > Adding ion-induced dipole term for atom pair (3, 1). Alphas: 50, 50
 DEBUG duello::energy > Adding ion-induced dipole term for atom pair (3, 2). Alphas: 50, 50
 DEBUG duello::energy > Adding ion-induced dipole term for atom pair (3, 3). Alphas: 50, 50
 DEBUG duello::energy > Adding ion-induced dipole term for atom pair (3, 4). Alphas: 50, 50
 DEBUG duello::energy > Adding ion-induced dipole term for atom pair (3, 5). Alphas: 50, 50
 DEBUG duello::energy > Adding ion-induced dipole term for atom pair (3, 6). Alphas: 50, 50
 DEBUG duello::energy > Adding ion-induced dipole term for atom pair (3, 21). Alphas: 50, 50
 DEBUG duello::energy > Adding ion-induced dipole term for atom pair (4, 0). Alphas: 50, 50
 DEBUG duello::energy > Adding ion-induced dipole term for atom pair (4, 1). Alphas: 50, 50
 DEBUG duello::energy > Adding ion-induced dipole term for atom pair (4, 2). Alphas: 50, 50
 DEBUG duello::energy > Adding ion-induced dipole term for atom pair (4, 3). Alphas: 50, 50
 DEBUG duello::energy > Adding ion-induced dipole term for atom pair (4, 4). Alphas: 50, 50
 DEBUG duello::energy > Adding ion-induced dipole term for atom pair (4, 5). Alphas: 50, 50
 DEBUG duello::energy > Adding ion-induced dipole term for atom pair (4, 6). Alphas: 50, 50
 DEBUG duello::energy > Adding ion-induced dipole term for atom pair (4, 21). Alphas: 50, 50
 DEBUG duello::energy > Adding ion-induced dipole term for atom pair (5, 0). Alphas: 50, 50
 DEBUG duello::energy > Adding ion-induced dipole term for atom pair (5, 1). Alphas: 50, 50
 DEBUG duello::energy > Adding ion-induced dipole term for atom pair (5, 2). Alphas: 50, 50
 DEBUG duello::energy > Adding ion-induced dipole term for atom pair (5, 3). Alphas: 50, 50
 DEBUG duello::energy > Adding ion-induced dipole term for atom pair (5, 4). Alphas: 50, 50
 DEBUG duello::energy > Adding ion-induced dipole term for atom pair (5, 5). Alphas: 50, 50
 DEBUG duello::energy > Adding ion-induced dipole term for atom pair (5, 6). Alphas: 50, 50
 DEBUG duello::energy > Adding ion-induced dipole term for atom pair (5, 21). Alphas: 50, 50
 DEBUG duello::energy > Adding ion-induced dipole term for atom pair (6, 0). Alphas: 50, 50
 DEBUG duello::energy > Adding ion-induced dipole term for atom pair (6, 1). Alphas: 50, 50
 DEBUG duello::energy > Adding ion-induced dipole term for atom pair (6, 2). Alphas: 50, 50
 DEBUG duello::energy > Adding ion-induced dipole term for atom pair (6, 3). Alphas: 50, 50
 DEBUG duello::energy > Adding ion-induced dipole term for atom pair (6, 4). Alphas: 50, 50
 DEBUG duello::energy > Adding ion-induced dipole term for atom pair (6, 5). Alphas: 50, 50
 DEBUG duello::energy > Adding ion-induced dipole term for atom pair (6, 6). Alphas: 50, 50
 DEBUG duello::energy > Adding ion-induced dipole term for atom pair (6, 21). Alphas: 50, 50
 DEBUG duello::energy > Adding ion-induced dipole term for atom pair (21, 0). Alphas: 50, 50
 DEBUG duello::energy > Adding ion-induced dipole term for atom pair (21, 1). Alphas: 50, 50
 DEBUG duello::energy > Adding ion-induced dipole term for atom pair (21, 2). Alphas: 50, 50
 DEBUG duello::energy > Adding ion-induced dipole term for atom pair (21, 3). Alphas: 50, 50
 DEBUG duello::energy > Adding ion-induced dipole term for atom pair (21, 4). Alphas: 50, 50
 DEBUG duello::energy > Adding ion-induced dipole term for atom pair (21, 5). Alphas: 50, 50
 DEBUG duello::energy > Adding ion-induced dipole term for atom pair (21, 6). Alphas: 50, 50
 DEBUG duello::energy > Adding ion-induced dipole term for atom pair (21, 21). Alphas: 50, 50
 DEBUG duello::structure > Read 7ktz.xyz: ð‘=243, âˆ‘ð‘žáµ¢=4.17ð‘’, âˆ‘ð‘šáµ¢=25247.63
 DEBUG duello::structure > Read 7ktz.xyz: ð‘=243, âˆ‘ð‘žáµ¢=4.17ð‘’, âˆ‘ð‘šáµ¢=25247.63
 INFO  duello            > Medium: ð‘‡ = 300.00 K, Îµáµ£ = 77.69, Î»á´® = 7.17 â„«, ð¼ = 5.00 mM, Î»á´° = 42.93 â„«, 0.01 M ðŸ§‚Salt = NaCl
 INFO  duello            > Molecular net-charges:    [4.17e, 4.17e]
 INFO  duello            > Molecular dipole moments: [444.97 D, 444.97 D]
 INFO  duello            > Molecular masses (g/mol): [25247.63, 25247.63]
 INFO  duello            > COM range: [32.0, 60.0) in 1.0 â„« steps ðŸ¾
 INFO  duello::icotable  > Actual angle resolution = 0.37 radians
 INFO  duello::icoscan   > 6D table: ð‘…(28) x ðœ”(18) x ðœƒðœ‘(92) x ðœƒðœ‘(92) = 4265856 poses ðŸ’ƒðŸ•º (1.6 MB)
 INFO  duello::report    > Second virial coefficient, ðµâ‚‚ = -120216.15 Ã…Â³
 INFO  duello::report    >                               = -1.14e-4 molâ‹…ml/gÂ²
 INFO  duello::report    > Reduced second virial coefficient, ðµâ‚‚ / ðµâ‚‚hs = -1.75 using Ïƒ = 32.00 Ã…
 INFO  duello::report    > Dissociation constant, ð¾ð‘‘ = 4.40e-3 mol/l using Ïƒ = 32.00 Ã…
 INFO  duello::report    > Plot: [1;33mfree energy[0m and [1;31mmean energy[0m along mass center separation. In units of kT and angstroms.
â¡£â¡ˆâ €â â ˆâ €â â ˆâ €â â ˆâ €â â ˆâ €â â ˆâ €â â ˆâ €â â ˆâ €â â ˆâ €â â ˆâ €â â ˆâ €â â ˆâ €â â ˆâ €â â ˆâ €â â ˆâ €â â ˆâ €â â ˆâ¡ 2.6
â „â ‘â¡„â €â €â €â €â €â €â €â €â €â €â €â €â €â €â €â €â €â €â €â €â €â €â €â €â €â €â €â €â €â €â €â €â €â €â €â €â €â €â €â €â €â €â €â €â €â €â €â „
â †â  â ±â¡„â  â €â „â¢ â£€â¡„â  â €â „â  â €â „â  â €â „â  â €â „â  â €â „â  â£€â£„â ¤â ”â –â¢²â£’â¡®â ­â ›â Ÿâ »â ›â Ÿâ «â ‰â â ©â ‰â â ©â ‰â â ©â ƒ
â¡â €â €â ‘â ’â ¢â ”â â €â ˆâ ‰â ’â ’â ¤â ¤â ¤â ¤â ¤â ¤â ¤â ”â ’â ’â ’â ‰â ‰â €â£€â ¤â Šâ ‰â â €â €â €â €â €â €â €â €â €â €â €â €â €â €â €â €â €â €â¡
â „â €â €â €â €â €â €â €â €â €â €â €â €â €â €â €â €â €â €â €â €â €â €â£€â ¤â ’â ‰â €â €â €â €â €â €â €â €â €â €â €â €â €â €â €â €â €â €â €â €â €â €â €â „
â ‚â €â €â €â €â €â €â €â €â €â €â €â €â €â €â €â €â €â €â¢€â ”â ’â ‰â €â €â €â €â €â €â €â €â €â €â €â €â €â €â €â €â €â €â €â €â €â €â €â €â €â €â €â ‚
â¡â €â €â €â €â €â €â €â €â €â €â €â €â €â €â£€â¡ â ”â Šâ â €â €â €â €â €â €â €â €â €â €â €â €â €â €â €â €â €â €â €â €â €â €â €â €â €â €â €â €â €â €â¡
â „â €â €â €â €â €â €â €â €â €â €â €â €â¡ â Šâ €â €â €â €â €â €â €â €â €â €â €â €â €â €â €â €â €â €â €â €â €â €â €â €â €â €â €â €â €â €â €â €â €â €â €â „
â ‚â €â €â €â €â €â €â¡ â ”â Šâ ‰â ‰â ‰â €â €â €â €â €â €â €â €â €â €â €â €â €â €â €â €â €â €â €â €â €â €â €â €â €â €â €â €â €â €â €â €â €â €â €â €â €â ‚
â¡â €â €â €â €â €â¢€â ‡â €â €â €â €â €â €â €â €â €â €â €â €â €â €â €â €â €â €â €â €â €â €â €â €â €â €â €â €â €â €â €â €â €â €â €â €â €â €â €â €â €â €â¡
â –â ’â¡†â €â €â €â¡¸â €â €â €â €â €â €â €â €â €â €â €â €â €â €â €â €â €â €â €â €â €â €â €â €â €â €â €â €â €â €â €â €â €â €â €â €â €â €â €â €â €â €â €â „
â ‚â €â ¸â¡€â €â¢€â ‡â €â €â €â €â €â €â €â €â €â €â €â €â €â €â €â €â €â €â €â €â €â €â €â €â €â €â €â €â €â €â €â €â €â €â €â €â €â €â €â €â €â €â €â ‚
â …â  â €â §â ¤â ¼â „â  â €â „â  â €â „â  â €â „â  â €â „â  â €â „â  â €â „â  â €â „â  â €â „â  â €â „â  â €â „â  â €â „â  â €â „â  â €â „â  â €â „â  â  -11.5
32.0                                          59.0

 INFO  duello::energy > Adding Coulomb potential to nonbonded matrix
 DEBUG duello::energy > Adding ion-induced dipole term for atom pair (0, 0). Alphas: 50, 50
 DEBUG duello::energy > Adding ion-induced dipole term for atom pair (0, 1). Alphas: 50, 50
 DEBUG duello::energy > Adding ion-induced dipole term for atom pair (0, 2). Alphas: 50, 50
 DEBUG duello::energy > Adding ion-induced dipole term for atom pair (0, 3). Alphas: 50, 50
 DEBUG duello::energy > Adding ion-induced dipole term for atom pair (0, 4). Alphas: 50, 50
 DEBUG duello::energy > Adding ion-induced dipole term for atom pair (0, 5). Alphas: 50, 50
 DEBUG duello::energy > Adding ion-induced dipole term for atom pair (0, 6). Alphas: 50, 50
 DEBUG duello::energy > Adding ion-induced dipole term for atom pair (0, 21). Alphas: 50, 50
 DEBUG duello::energy > Adding ion-induced dipole term for atom pair (1, 0). Alphas: 50, 50
 DEBUG duello::energy > Adding ion-induced dipole term for atom pair (1, 1). Alphas: 50, 50
 DEBUG duello::energy > Adding ion-induced dipole term for atom pair (1, 2). Alphas: 50, 50
 DEBUG duello::energy > Adding ion-induced dipole term for atom pair (1, 3). Alphas: 50, 50
 DEBUG duello::energy > Adding ion-induced dipole term for atom pair (1, 4). Alphas: 50, 50
 DEBUG duello::energy > Adding ion-induced dipole term for atom pair (1, 5). Alphas: 50, 50
 DEBUG duello::energy > Adding ion-induced dipole term for atom pair (1, 6). Alphas: 50, 50
 DEBUG duello::energy > Adding ion-induced dipole term for atom pair (1, 21). Alphas: 50, 50
 DEBUG duello::energy > Adding ion-induced dipole term for atom pair (2, 0). Alphas: 50, 50
 DEBUG duello::energy > Adding ion-induced dipole term for atom pair (2, 1). Alphas: 50, 50
 DEBUG duello::energy > Adding ion-induced dipole term for atom pair (2, 2). Alphas: 50, 50
 DEBUG duello::energy > Adding ion-induced dipole term for atom pair (2, 3). Alphas: 50, 50
 DEBUG duello::energy > Adding ion-induced dipole term for atom pair (2, 4). Alphas: 50, 50
 DEBUG duello::energy > Adding ion-induced dipole term for atom pair (2, 5). Alphas: 50, 50
 DEBUG duello::energy > Adding ion-induced dipole term for atom pair (2, 6). Alphas: 50, 50
 DEBUG duello::energy > Adding ion-induced dipole term for atom pair (2, 21). Alphas: 50, 50
 DEBUG duello::energy > Adding ion-induced dipole term for atom pair (3, 0). Alphas: 50, 50
 DEBUG duello::energy > Adding ion-induced dipole term for atom pair (3, 1). Alphas: 50, 50
 DEBUG duello::energy > Adding ion-induced dipole term for atom pair (3, 2). Alphas: 50, 50
 DEBUG duello::energy > Adding ion-induced dipole term for atom pair (3, 3). Alphas: 50, 50
 DEBUG duello::energy > Adding ion-induced dipole term for atom pair (3, 4). Alphas: 50, 50
 DEBUG duello::energy > Adding ion-induced dipole term for atom pair (3, 5). Alphas: 50, 50
 DEBUG duello::energy > Adding ion-induced dipole term for atom pair (3, 6). Alphas: 50, 50
 DEBUG duello::energy > Adding ion-induced dipole term for atom pair (3, 21). Alphas: 50, 50
 DEBUG duello::energy > Adding ion-induced dipole term for atom pair (4, 0). Alphas: 50, 50
 DEBUG duello::energy > Adding ion-induced dipole term for atom pair (4, 1). Alphas: 50, 50
 DEBUG duello::energy > Adding ion-induced dipole term for atom pair (4, 2). Alphas: 50, 50
 DEBUG duello::energy > Adding ion-induced dipole term for atom pair (4, 3). Alphas: 50, 50
 DEBUG duello::energy > Adding ion-induced dipole term for atom pair (4, 4). Alphas: 50, 50
 DEBUG duello::energy > Adding ion-induced dipole term for atom pair (4, 5). Alphas: 50, 50
 DEBUG duello::energy > Adding ion-induced dipole term for atom pair (4, 6). Alphas: 50, 50
 DEBUG duello::energy > Adding ion-induced dipole term for atom pair (4, 21). Alphas: 50, 50
 DEBUG duello::energy > Adding ion-induced dipole term for atom pair (5, 0). Alphas: 50, 50
 DEBUG duello::energy > Adding ion-induced dipole term for atom pair (5, 1). Alphas: 50, 50
 DEBUG duello::energy > Adding ion-induced dipole term for atom pair (5, 2). Alphas: 50, 50
 DEBUG duello::energy > Adding ion-induced dipole term for atom pair (5, 3). Alphas: 50, 50
 DEBUG duello::energy > Adding ion-induced dipole term for atom pair (5, 4). Alphas: 50, 50
 DEBUG duello::energy > Adding ion-induced dipole term for atom pair (5, 5). Alphas: 50, 50
 DEBUG duello::energy > Adding ion-induced dipole term for atom pair (5, 6). Alphas: 50, 50
 DEBUG duello::energy > Adding ion-induced dipole term for atom pair (5, 21). Alphas: 50, 50
 DEBUG duello::energy > Adding ion-induced dipole term for atom pair (6, 0). Alphas: 50, 50
 DEBUG duello::energy > Adding ion-induced dipole term for atom pair (6, 1). Alphas: 50, 50
 DEBUG duello::energy > Adding ion-induced dipole term for atom pair (6, 2). Alphas: 50, 50
 DEBUG duello::energy > Adding ion-induced dipole term for atom pair (6, 3). Alphas: 50, 50
 DEBUG duello::energy > Adding ion-induced dipole term for atom pair (6, 4). Alphas: 50, 50
 DEBUG duello::energy > Adding ion-induced dipole term for atom pair (6, 5). Alphas: 50, 50
 DEBUG duello::energy > Adding ion-induced dipole term for atom pair (6, 6). Alphas: 50, 50
 DEBUG duello::energy > Adding ion-induced dipole term for atom pair (6, 21). Alphas: 50, 50
 DEBUG duello::energy > Adding ion-induced dipole term for atom pair (21, 0). Alphas: 50, 50
 DEBUG duello::energy > Adding ion-induced dipole term for atom pair (21, 1). Alphas: 50, 50
 DEBUG duello::energy > Adding ion-induced dipole term for atom pair (21, 2). Alphas: 50, 50
 DEBUG duello::energy > Adding ion-induced dipole term for atom pair (21, 3). Alphas: 50, 50
 DEBUG duello::energy > Adding ion-induced dipole term for atom pair (21, 4). Alphas: 50, 50
 DEBUG duello::energy > Adding ion-induced dipole term for atom pair (21, 5). Alphas: 50, 50
 DEBUG duello::energy > Adding ion-induced dipole term for atom pair (21, 6). Alphas: 50, 50
 DEBUG duello::energy > Adding ion-induced dipole term for atom pair (21, 21). Alphas: 50, 50
 DEBUG duello::structure > Read 7ktz.xyz: ð‘=243, âˆ‘ð‘žáµ¢=4.17ð‘’, âˆ‘ð‘šáµ¢=25247.63
 DEBUG duello::structure > Read 7ktz.xyz: ð‘=243, âˆ‘ð‘žáµ¢=4.17ð‘’, âˆ‘ð‘šáµ¢=25247.63
 INFO  duello            > Medium: ð‘‡ = 300.00 K, Îµáµ£ = 77.69, Î»á´® = 7.17 â„«, ð¼ = 10.00 mM, Î»á´° = 30.36 â„«, 0.01 M ðŸ§‚Salt = NaCl
 INFO  duello            > Molecular net-charges:    [4.17e, 4.17e]
 INFO  duello            > Molecular dipole moments: [444.97 D, 444.97 D]
 INFO  duello            > Molecular masses (g/mol): [25247.63, 25247.63]
 INFO  duello            > COM range: [32.0, 60.0) in 1.0 â„« steps ðŸ¾
 INFO  duello::icotable  > Actual angle resolution = 0.37 radians
 INFO  duello::icoscan   > 6D table: ð‘…(28) x ðœ”(18) x ðœƒðœ‘(92) x ðœƒðœ‘(92) = 4265856 poses ðŸ’ƒðŸ•º (1.6 MB)
 INFO  duello::report    > Second virial coefficient, ðµâ‚‚ = -203450.36 Ã…Â³
 INFO  duello::report    >                               = -1.92e-4 molâ‹…ml/gÂ²
 INFO  duello::report    > Reduced second virial coefficient, ðµâ‚‚ / ðµâ‚‚hs = -2.96 using Ïƒ = 32.00 Ã…
 INFO  duello::report    > Dissociation constant, ð¾ð‘‘ = 3.05e-3 mol/l using Ïƒ = 32.00 Ã…
 INFO  duello::report    > Plot: [1;33mfree energy[0m and [1;31mmean energy[0m along mass center separation. In units of kT and angstroms.
â¡£â¡ˆâ €â â ˆâ €â â ˆâ €â â ˆâ €â â ˆâ €â â ˆâ €â â ˆâ €â â ˆâ €â â ˆâ €â â ˆâ €â â ˆâ €â â ˆâ €â â ˆâ €â â ˆâ €â â ˆâ €â â ˆâ €â â ˆâ¡ 2.6
â „â ‘â¡„â €â €â €â €â €â €â €â €â €â €â €â €â €â €â €â €â €â €â €â €â €â €â €â €â €â €â €â €â €â €â €â €â €â €â €â €â €â €â €â €â €â €â €â €â €â €â €â „
â †â  â¢±â „â  â €â „â  â €â „â  â €â „â  â €â „â  â €â „â  â €â „â  â €â „â  â£€â£„â£ â¡ â ¤â¢´â£’â¡¶â ¶â ’â –â »â ›â Ÿâ »â ›â Ÿâ »â ›â Ÿâ «â ‰â â ©â ƒ
â¡â €â €â £â ¤â ¤â ”â Šâ ‰â ‰â ‘â ¤â ¤â ¤â ¤â ¤â ¤â ¤â ¤â ¤â ¤â ¤â ’â ’â ‰â ‰â €â£€â ¤â Šâ ‰â â €â €â €â €â €â €â €â €â €â €â €â €â €â €â €â €â €â €â¡
â „â €â €â €â €â €â €â €â €â €â €â €â €â €â €â €â €â €â €â €â €â €â €â£€â ¤â ’â ‰â €â €â €â €â €â €â €â €â €â €â €â €â €â €â €â €â €â €â €â €â €â €â €â „
â ‚â €â €â €â €â €â €â €â €â €â €â €â €â €â €â €â €â €â €â¢€â ”â ’â ‰â €â €â €â €â €â €â €â €â €â €â €â €â €â €â €â €â €â €â €â €â €â €â €â €â €â €â €â ‚
â¡â €â €â €â €â €â €â €â €â €â €â €â €â €â €â£€â¡ â ”â Šâ â €â €â €â €â €â €â €â €â €â €â €â €â €â €â €â €â €â €â €â €â €â €â €â €â €â €â €â €â €â €â¡
â „â €â €â €â €â €â €â €â €â €â €â €â €â¡ â Šâ €â €â €â €â €â €â €â €â €â €â €â €â €â €â €â €â €â €â €â €â €â €â €â €â €â €â €â €â €â €â €â €â €â €â €â „
â ‚â €â €â €â €â €â €â¡ â ”â Šâ ‰â ‰â ‰â €â €â €â €â €â €â €â €â €â €â €â €â €â €â €â €â €â €â €â €â €â €â €â €â €â €â €â €â €â €â €â €â €â €â €â €â €â ‚
â¡â €â €â €â €â €â¢€â ‡â €â €â €â €â €â €â €â €â €â €â €â €â €â €â €â €â €â €â €â €â €â €â €â €â €â €â €â €â €â €â €â €â €â €â €â €â €â €â €â €â €â €â¡
â –â ’â¡†â €â €â €â¡¸â €â €â €â €â €â €â €â €â €â €â €â €â €â €â €â €â €â €â €â €â €â €â €â €â €â €â €â €â €â €â €â €â €â €â €â €â €â €â €â €â €â €â €â „
â ‚â €â ¸â¡€â €â¢€â ‡â €â €â €â €â €â €â €â €â €â €â €â €â €â €â €â €â €â €â €â €â €â €â €â €â €â €â €â €â €â €â €â €â €â €â €â €â €â €â €â €â €â €â €â ‚
â …â  â €â §â ¤â ¼â „â  â €â „â  â €â „â  â €â „â  â €â „â  â €â „â  â €â „â  â €â „â  â €â „â  â €â „â  â €â „â  â €â „â  â €â „â  â €â „â  â €â „â  â  -11.5
32.0                                          59.0

 INFO  duello::energy > Adding Coulomb potential to nonbonded matrix
 DEBUG duello::energy > Adding ion-induced dipole term for atom pair (0, 0). Alphas: 50, 50
 DEBUG duello::energy > Adding ion-induced dipole term for atom pair (0, 1). Alphas: 50, 50
 DEBUG duello::energy > Adding ion-induced dipole term for atom pair (0, 2). Alphas: 50, 50
 DEBUG duello::energy > Adding ion-induced dipole term for atom pair (0, 3). Alphas: 50, 50
 DEBUG duello::energy > Adding ion-induced dipole term for atom pair (0, 4). Alphas: 50, 50
 DEBUG duello::energy > Adding ion-induced dipole term for atom pair (0, 5). Alphas: 50, 50
 DEBUG duello::energy > Adding ion-induced dipole term for atom pair (0, 6). Alphas: 50, 50
 DEBUG duello::energy > Adding ion-induced dipole term for atom pair (0, 21). Alphas: 50, 50
 DEBUG duello::energy > Adding ion-induced dipole term for atom pair (1, 0). Alphas: 50, 50
 DEBUG duello::energy > Adding ion-induced dipole term for atom pair (1, 1). Alphas: 50, 50
 DEBUG duello::energy > Adding ion-induced dipole term for atom pair (1, 2). Alphas: 50, 50
 DEBUG duello::energy > Adding ion-induced dipole term for atom pair (1, 3). Alphas: 50, 50
 DEBUG duello::energy > Adding ion-induced dipole term for atom pair (1, 4). Alphas: 50, 50
 DEBUG duello::energy > Adding ion-induced dipole term for atom pair (1, 5). Alphas: 50, 50
 DEBUG duello::energy > Adding ion-induced dipole term for atom pair (1, 6). Alphas: 50, 50
 DEBUG duello::energy > Adding ion-induced dipole term for atom pair (1, 21). Alphas: 50, 50
 DEBUG duello::energy > Adding ion-induced dipole term for atom pair (2, 0). Alphas: 50, 50
 DEBUG duello::energy > Adding ion-induced dipole term for atom pair (2, 1). Alphas: 50, 50
 DEBUG duello::energy > Adding ion-induced dipole term for atom pair (2, 2). Alphas: 50, 50
 DEBUG duello::energy > Adding ion-induced dipole term for atom pair (2, 3). Alphas: 50, 50
 DEBUG duello::energy > Adding ion-induced dipole term for atom pair (2, 4). Alphas: 50, 50
 DEBUG duello::energy > Adding ion-induced dipole term for atom pair (2, 5). Alphas: 50, 50
 DEBUG duello::energy > Adding ion-induced dipole term for atom pair (2, 6). Alphas: 50, 50
 DEBUG duello::energy > Adding ion-induced dipole term for atom pair (2, 21). Alphas: 50, 50
 DEBUG duello::energy > Adding ion-induced dipole term for atom pair (3, 0). Alphas: 50, 50
 DEBUG duello::energy > Adding ion-induced dipole term for atom pair (3, 1). Alphas: 50, 50
 DEBUG duello::energy > Adding ion-induced dipole term for atom pair (3, 2). Alphas: 50, 50
 DEBUG duello::energy > Adding ion-induced dipole term for atom pair (3, 3). Alphas: 50, 50
 DEBUG duello::energy > Adding ion-induced dipole term for atom pair (3, 4). Alphas: 50, 50
 DEBUG duello::energy > Adding ion-induced dipole term for atom pair (3, 5). Alphas: 50, 50
 DEBUG duello::energy > Adding ion-induced dipole term for atom pair (3, 6). Alphas: 50, 50
 DEBUG duello::energy > Adding ion-induced dipole term for atom pair (3, 21). Alphas: 50, 50
 DEBUG duello::energy > Adding ion-induced dipole term for atom pair (4, 0). Alphas: 50, 50
 DEBUG duello::energy > Adding ion-induced dipole term for atom pair (4, 1). Alphas: 50, 50
 DEBUG duello::energy > Adding ion-induced dipole term for atom pair (4, 2). Alphas: 50, 50
 DEBUG duello::energy > Adding ion-induced dipole term for atom pair (4, 3). Alphas: 50, 50
 DEBUG duello::energy > Adding ion-induced dipole term for atom pair (4, 4). Alphas: 50, 50
 DEBUG duello::energy > Adding ion-induced dipole term for atom pair (4, 5). Alphas: 50, 50
 DEBUG duello::energy > Adding ion-induced dipole term for atom pair (4, 6). Alphas: 50, 50
 DEBUG duello::energy > Adding ion-induced dipole term for atom pair (4, 21). Alphas: 50, 50
 DEBUG duello::energy > Adding ion-induced dipole term for atom pair (5, 0). Alphas: 50, 50
 DEBUG duello::energy > Adding ion-induced dipole term for atom pair (5, 1). Alphas: 50, 50
 DEBUG duello::energy > Adding ion-induced dipole term for atom pair (5, 2). Alphas: 50, 50
 DEBUG duello::energy > Adding ion-induced dipole term for atom pair (5, 3). Alphas: 50, 50
 DEBUG duello::energy > Adding ion-induced dipole term for atom pair (5, 4). Alphas: 50, 50
 DEBUG duello::energy > Adding ion-induced dipole term for atom pair (5, 5). Alphas: 50, 50
 DEBUG duello::energy > Adding ion-induced dipole term for atom pair (5, 6). Alphas: 50, 50
 DEBUG duello::energy > Adding ion-induced dipole term for atom pair (5, 21). Alphas: 50, 50
 DEBUG duello::energy > Adding ion-induced dipole term for atom pair (6, 0). Alphas: 50, 50
 DEBUG duello::energy > Adding ion-induced dipole term for atom pair (6, 1). Alphas: 50, 50
 DEBUG duello::energy > Adding ion-induced dipole term for atom pair (6, 2). Alphas: 50, 50
 DEBUG duello::energy > Adding ion-induced dipole term for atom pair (6, 3). Alphas: 50, 50
 DEBUG duello::energy > Adding ion-induced dipole term for atom pair (6, 4). Alphas: 50, 50
 DEBUG duello::energy > Adding ion-induced dipole term for atom pair (6, 5). Alphas: 50, 50
 DEBUG duello::energy > Adding ion-induced dipole term for atom pair (6, 6). Alphas: 50, 50
 DEBUG duello::energy > Adding ion-induced dipole term for atom pair (6, 21). Alphas: 50, 50
 DEBUG duello::energy > Adding ion-induced dipole term for atom pair (21, 0). Alphas: 50, 50
 DEBUG duello::energy > Adding ion-induced dipole term for atom pair (21, 1). Alphas: 50, 50
 DEBUG duello::energy > Adding ion-induced dipole term for atom pair (21, 2). Alphas: 50, 50
 DEBUG duello::energy > Adding ion-induced dipole term for atom pair (21, 3). Alphas: 50, 50
 DEBUG duello::energy > Adding ion-induced dipole term for atom pair (21, 4). Alphas: 50, 50
 DEBUG duello::energy > Adding ion-induced dipole term for atom pair (21, 5). Alphas: 50, 50
 DEBUG duello::energy > Adding ion-induced dipole term for atom pair (21, 6). Alphas: 50, 50
 DEBUG duello::energy > Adding ion-induced dipole term for atom pair (21, 21). Alphas: 50, 50
 DEBUG duello::structure > Read 7ktz.xyz: ð‘=243, âˆ‘ð‘žáµ¢=4.17ð‘’, âˆ‘ð‘šáµ¢=25247.63
 DEBUG duello::structure > Read 7ktz.xyz: ð‘=243, âˆ‘ð‘žáµ¢=4.17ð‘’, âˆ‘ð‘šáµ¢=25247.63
 INFO  duello            > Medium: ð‘‡ = 300.00 K, Îµáµ£ = 77.69, Î»á´® = 7.17 â„«, ð¼ = 15.00 mM, Î»á´° = 24.79 â„«, 0.01 M ðŸ§‚Salt = NaCl
 INFO  duello            > Molecular net-charges:    [4.17e, 4.17e]
 INFO  duello            > Molecular dipole moments: [444.97 D, 444.97 D]
 INFO  duello            > Molecular masses (g/mol): [25247.63, 25247.63]
 INFO  duello            > COM range: [32.0, 60.0) in 1.0 â„« steps ðŸ¾
 INFO  duello::icotable  > Actual angle resolution = 0.37 radians
 INFO  duello::icoscan   > 6D table: ð‘…(28) x ðœ”(18) x ðœƒðœ‘(92) x ðœƒðœ‘(92) = 4265856 poses ðŸ’ƒðŸ•º (1.6 MB)
 INFO  duello::report    > Second virial coefficient, ðµâ‚‚ = -231088.70 Ã…Â³
 INFO  duello::report    >                               = -2.18e-4 molâ‹…ml/gÂ²
 INFO  duello::report    > Reduced second virial coefficient, ðµâ‚‚ / ðµâ‚‚hs = -3.37 using Ïƒ = 32.00 Ã…
 INFO  duello::report    > Dissociation constant, ð¾ð‘‘ = 2.77e-3 mol/l using Ïƒ = 32.00 Ã…
 INFO  duello::report    > Plot: [1;33mfree energy[0m and [1;31mmean energy[0m along mass center separation. In units of kT and angstroms.
â¡£â¡ˆâ €â â ˆâ €â â ˆâ €â â ˆâ €â â ˆâ €â â ˆâ €â â ˆâ €â â ˆâ €â â ˆâ €â â ˆâ €â â ˆâ €â â ˆâ €â â ˆâ €â â ˆâ €â â ˆâ €â â ˆâ €â â ˆâ¡ 2.6
â „â ‘â¡„â €â €â €â €â €â €â €â €â €â €â €â €â €â €â €â €â €â €â €â €â €â €â €â €â €â €â €â €â €â €â €â €â €â €â €â €â €â €â €â €â €â €â €â €â €â €â €â „
â †â  â¢±â „â  â €â „â  â €â „â  â €â „â  â €â „â  â €â „â  â €â „â  â €â „â  â €â „â£ â¡ â ¤â¢¤â£¤â¡´â ¶â ¶â ¶â ²â ’â –â ²â ’â –â ²â ’â –â ²â ’â –â ²â ‚
â¡â €â €â £â ¤â¢„â¡ â Šâ ‰â ‘â ’â ¤â ¤â ¤â ¤â ¤â¢„â£€â¡ â ¤â ¤â ¤â ¤â ¤â ’â ’â ‰â£‰â ¤â ”â Šâ â €â €â €â €â €â €â €â €â €â €â €â €â €â €â €â €â €â €â¡
â „â €â €â €â €â €â €â €â €â €â €â €â €â €â €â €â €â €â €â €â €â €â €â£€â ¤â ’â ‰â €â €â €â €â €â €â €â €â €â €â €â €â €â €â €â €â €â €â €â €â €â €â €â „
â ‚â €â €â €â €â €â €â €â €â €â €â €â €â €â €â €â €â €â¢€â¡ â ”â ’â ‰â €â €â €â €â €â €â €â €â €â €â €â €â €â €â €â €â €â €â €â €â €â €â €â €â €â €â €â ‚
â¡â €â €â €â €â €â €â €â €â €â €â €â €â €â €â£€â¡ â ”â â €â €â €â €â €â €â €â €â €â €â €â €â €â €â €â €â €â €â €â €â €â €â €â €â €â €â €â €â €â €â €â¡
â „â €â €â €â €â €â €â €â €â €â €â €â €â¡ â Šâ €â €â €â €â €â €â €â €â €â €â €â €â €â €â €â €â €â €â €â €â €â €â €â €â €â €â €â €â €â €â €â €â €â €â €â „
â ‚â €â €â €â €â €â €â¢€â¡ â ”â ’â ‰â ‰â €â €â €â €â €â €â €â €â €â €â €â €â €â €â €â €â €â €â €â €â €â €â €â €â €â €â €â €â €â €â €â €â €â €â €â €â €â ‚
â¡â €â €â €â €â €â¢€â ‡â €â €â €â €â €â €â €â €â €â €â €â €â €â €â €â €â €â €â €â €â €â €â €â €â €â €â €â €â €â €â €â €â €â €â €â €â €â €â €â €â €â €â¡
â –â ’â¡†â €â €â €â¡¸â €â €â €â €â €â €â €â €â €â €â €â €â €â €â €â €â €â €â €â €â €â €â €â €â €â €â €â €â €â €â €â €â €â €â €â €â €â €â €â €â €â €â €â „
â ‚â €â ¸â¡€â €â¢€â ‡â €â €â €â €â €â €â €â €â €â €â €â €â €â €â €â €â €â €â €â €â €â €â €â €â €â €â €â €â €â €â €â €â €â €â €â €â €â €â €â €â €â €â €â ‚
â …â  â €â §â ¤â ¼â „â  â €â „â  â €â „â  â €â „â  â €â „â  â €â „â  â €â „â  â €â „â  â €â „â  â €â „â  â €â „â  â €â „â  â €â „â  â €â „â  â €â „â  â  -11.4
32.0                                          59.0

 INFO  duello::energy > Adding Coulomb potential to nonbonded matrix
 DEBUG duello::energy > Adding ion-induced dipole term for atom pair (0, 0). Alphas: 50, 50
 DEBUG duello::energy > Adding ion-induced dipole term for atom pair (0, 1). Alphas: 50, 50
 DEBUG duello::energy > Adding ion-induced dipole term for atom pair (0, 2). Alphas: 50, 50
 DEBUG duello::energy > Adding ion-induced dipole term for atom pair (0, 3). Alphas: 50, 50
 DEBUG duello::energy > Adding ion-induced dipole term for atom pair (0, 4). Alphas: 50, 50
 DEBUG duello::energy > Adding ion-induced dipole term for atom pair (0, 5). Alphas: 50, 50
 DEBUG duello::energy > Adding ion-induced dipole term for atom pair (0, 6). Alphas: 50, 50
 DEBUG duello::energy > Adding ion-induced dipole term for atom pair (0, 21). Alphas: 50, 50
 DEBUG duello::energy > Adding ion-induced dipole term for atom pair (1, 0). Alphas: 50, 50
 DEBUG duello::energy > Adding ion-induced dipole term for atom pair (1, 1). Alphas: 50, 50
 DEBUG duello::energy > Adding ion-induced dipole term for atom pair (1, 2). Alphas: 50, 50
 DEBUG duello::energy > Adding ion-induced dipole term for atom pair (1, 3). Alphas: 50, 50
 DEBUG duello::energy > Adding ion-induced dipole term for atom pair (1, 4). Alphas: 50, 50
 DEBUG duello::energy > Adding ion-induced dipole term for atom pair (1, 5). Alphas: 50, 50
 DEBUG duello::energy > Adding ion-induced dipole term for atom pair (1, 6). Alphas: 50, 50
 DEBUG duello::energy > Adding ion-induced dipole term for atom pair (1, 21). Alphas: 50, 50
 DEBUG duello::energy > Adding ion-induced dipole term for atom pair (2, 0). Alphas: 50, 50
 DEBUG duello::energy > Adding ion-induced dipole term for atom pair (2, 1). Alphas: 50, 50
 DEBUG duello::energy > Adding ion-induced dipole term for atom pair (2, 2). Alphas: 50, 50
 DEBUG duello::energy > Adding ion-induced dipole term for atom pair (2, 3). Alphas: 50, 50
 DEBUG duello::energy > Adding ion-induced dipole term for atom pair (2, 4). Alphas: 50, 50
 DEBUG duello::energy > Adding ion-induced dipole term for atom pair (2, 5). Alphas: 50, 50
 DEBUG duello::energy > Adding ion-induced dipole term for atom pair (2, 6). Alphas: 50, 50
 DEBUG duello::energy > Adding ion-induced dipole term for atom pair (2, 21). Alphas: 50, 50
 DEBUG duello::energy > Adding ion-induced dipole term for atom pair (3, 0). Alphas: 50, 50
 DEBUG duello::energy > Adding ion-induced dipole term for atom pair (3, 1). Alphas: 50, 50
 DEBUG duello::energy > Adding ion-induced dipole term for atom pair (3, 2). Alphas: 50, 50
 DEBUG duello::energy > Adding ion-induced dipole term for atom pair (3, 3). Alphas: 50, 50
 DEBUG duello::energy > Adding ion-induced dipole term for atom pair (3, 4). Alphas: 50, 50
 DEBUG duello::energy > Adding ion-induced dipole term for atom pair (3, 5). Alphas: 50, 50
 DEBUG duello::energy > Adding ion-induced dipole term for atom pair (3, 6). Alphas: 50, 50
 DEBUG duello::energy > Adding ion-induced dipole term for atom pair (3, 21). Alphas: 50, 50
 DEBUG duello::energy > Adding ion-induced dipole term for atom pair (4, 0). Alphas: 50, 50
 DEBUG duello::energy > Adding ion-induced dipole term for atom pair (4, 1). Alphas: 50, 50
 DEBUG duello::energy > Adding ion-induced dipole term for atom pair (4, 2). Alphas: 50, 50
 DEBUG duello::energy > Adding ion-induced dipole term for atom pair (4, 3). Alphas: 50, 50
 DEBUG duello::energy > Adding ion-induced dipole term for atom pair (4, 4). Alphas: 50, 50
 DEBUG duello::energy > Adding ion-induced dipole term for atom pair (4, 5). Alphas: 50, 50
 DEBUG duello::energy > Adding ion-induced dipole term for atom pair (4, 6). Alphas: 50, 50
 DEBUG duello::energy > Adding ion-induced dipole term for atom pair (4, 21). Alphas: 50, 50
 DEBUG duello::energy > Adding ion-induced dipole term for atom pair (5, 0). Alphas: 50, 50
 DEBUG duello::energy > Adding ion-induced dipole term for atom pair (5, 1). Alphas: 50, 50
 DEBUG duello::energy > Adding ion-induced dipole term for atom pair (5, 2). Alphas: 50, 50
 DEBUG duello::energy > Adding ion-induced dipole term for atom pair (5, 3). Alphas: 50, 50
 DEBUG duello::energy > Adding ion-induced dipole term for atom pair (5, 4). Alphas: 50, 50
 DEBUG duello::energy > Adding ion-induced dipole term for atom pair (5, 5). Alphas: 50, 50
 DEBUG duello::energy > Adding ion-induced dipole term for atom pair (5, 6). Alphas: 50, 50
 DEBUG duello::energy > Adding ion-induced dipole term for atom pair (5, 21). Alphas: 50, 50
 DEBUG duello::energy > Adding ion-induced dipole term for atom pair (6, 0). Alphas: 50, 50
 DEBUG duello::energy > Adding ion-induced dipole term for atom pair (6, 1). Alphas: 50, 50
 DEBUG duello::energy > Adding ion-induced dipole term for atom pair (6, 2). Alphas: 50, 50
 DEBUG duello::energy > Adding ion-induced dipole term for atom pair (6, 3). Alphas: 50, 50
 DEBUG duello::energy > Adding ion-induced dipole term for atom pair (6, 4). Alphas: 50, 50
 DEBUG duello::energy > Adding ion-induced dipole term for atom pair (6, 5). Alphas: 50, 50
 DEBUG duello::energy > Adding ion-induced dipole term for atom pair (6, 6). Alphas: 50, 50
 DEBUG duello::energy > Adding ion-induced dipole term for atom pair (6, 21). Alphas: 50, 50
 DEBUG duello::energy > Adding ion-induced dipole term for atom pair (21, 0). Alphas: 50, 50
 DEBUG duello::energy > Adding ion-induced dipole term for atom pair (21, 1). Alphas: 50, 50
 DEBUG duello::energy > Adding ion-induced dipole term for atom pair (21, 2). Alphas: 50, 50
 DEBUG duello::energy > Adding ion-induced dipole term for atom pair (21, 3). Alphas: 50, 50
 DEBUG duello::energy > Adding ion-induced dipole term for atom pair (21, 4). Alphas: 50, 50
 DEBUG duello::energy > Adding ion-induced dipole term for atom pair (21, 5). Alphas: 50, 50
 DEBUG duello::energy > Adding ion-induced dipole term for atom pair (21, 6). Alphas: 50, 50
 DEBUG duello::energy > Adding ion-induced dipole term for atom pair (21, 21). Alphas: 50, 50
 DEBUG duello::structure > Read 7ktz.xyz: ð‘=243, âˆ‘ð‘žáµ¢=4.17ð‘’, âˆ‘ð‘šáµ¢=25247.63
 DEBUG duello::structure > Read 7ktz.xyz: ð‘=243, âˆ‘ð‘žáµ¢=4.17ð‘’, âˆ‘ð‘šáµ¢=25247.63
 INFO  duello            > Medium: ð‘‡ = 300.00 K, Îµáµ£ = 77.69, Î»á´® = 7.17 â„«, ð¼ = 20.00 mM, Î»á´° = 21.47 â„«, 0.02 M ðŸ§‚Salt = NaCl
 INFO  duello            > Molecular net-charges:    [4.17e, 4.17e]
 INFO  duello            > Molecular dipole moments: [444.97 D, 444.97 D]
 INFO  duello            > Molecular masses (g/mol): [25247.63, 25247.63]
 INFO  duello            > COM range: [32.0, 60.0) in 1.0 â„« steps ðŸ¾
 INFO  duello::icotable  > Actual angle resolution = 0.37 radians
 INFO  duello::icoscan   > 6D table: ð‘…(28) x ðœ”(18) x ðœƒðœ‘(92) x ðœƒðœ‘(92) = 4265856 poses ðŸ’ƒðŸ•º (1.6 MB)
 INFO  duello::report    > Second virial coefficient, ðµâ‚‚ = -238702.66 Ã…Â³
 INFO  duello::report    >                               = -2.26e-4 molâ‹…ml/gÂ²
 INFO  duello::report    > Reduced second virial coefficient, ðµâ‚‚ / ðµâ‚‚hs = -3.48 using Ïƒ = 32.00 Ã…
 INFO  duello::report    > Dissociation constant, ð¾ð‘‘ = 2.70e-3 mol/l using Ïƒ = 32.00 Ã…
 INFO  duello::report    > Plot: [1;33mfree energy[0m and [1;31mmean energy[0m along mass center separation. In units of kT and angstroms.
â¡£â¡ˆâ €â â ˆâ €â â ˆâ €â â ˆâ €â â ˆâ €â â ˆâ €â â ˆâ €â â ˆâ €â â ˆâ €â â ˆâ €â â ˆâ €â â ˆâ €â â ˆâ €â â ˆâ €â â ˆâ €â â ˆâ €â â ˆâ¡ 2.7
â „â ‘â¡„â €â €â €â €â €â €â €â €â €â €â €â €â €â €â €â €â €â €â €â €â €â €â €â €â €â €â €â €â €â €â €â €â €â €â €â €â €â €â €â €â €â €â €â €â €â €â €â „
â †â  â¢±â „â  â €â „â  â €â „â  â €â „â  â €â „â  â €â „â  â €â „â  â €â „â  â €â „â£ â£€â£„â£ â£¤â£¤â£¤â ¶â ¶â ¶â ¶â ¶â ¶â ’â –â ²â ’â –â ²â ’â –â ²â ‚
â¡â €â €â £â ¤â¢„â¡ â ”â ’â ’â ’â ¤â ¤â£€â£€â£€â£€â£€â£€â£€â¡ â ¤â ¤â ¤â ’â ’â ‰â£‰â ¤â ”â Šâ â €â €â €â €â €â €â €â €â €â €â €â €â €â €â €â €â €â €â¡
â „â €â €â €â €â €â €â €â €â €â €â €â €â €â €â €â €â €â €â €â €â €â €â£€â ¤â ’â ‰â €â €â €â €â €â €â €â €â €â €â €â €â €â €â €â €â €â €â €â €â €â €â €â „
â ‚â €â €â €â €â €â €â €â €â €â €â €â €â €â €â €â €â €â¢€â¡ â ”â ’â ‰â €â €â €â €â €â €â €â €â €â €â €â €â €â €â €â €â €â €â €â €â €â €â €â €â €â €â €â ‚
â¡â €â €â €â €â €â €â €â €â €â €â €â €â €â €â£€â¡ â ”â â €â €â €â €â €â €â €â €â €â €â €â €â €â €â €â €â €â €â €â €â €â €â €â €â €â €â €â €â €â €â €â¡
â „â €â €â €â €â €â €â €â €â €â €â €â €â¡ â Šâ €â €â €â €â €â €â €â €â €â €â €â €â €â €â €â €â €â €â €â €â €â €â €â €â €â €â €â €â €â €â €â €â €â €â €â „
â ‚â €â €â €â €â €â €â¢€â¡ â ”â ’â ‰â ‰â €â €â €â €â €â €â €â €â €â €â €â €â €â €â €â €â €â €â €â €â €â €â €â €â €â €â €â €â €â €â €â €â €â €â €â €â €â ‚
â¡â €â €â €â €â €â¢€â ‡â €â €â €â €â €â €â €â €â €â €â €â €â €â €â €â €â €â €â €â €â €â €â €â €â €â €â €â €â €â €â €â €â €â €â €â €â €â €â €â €â €â €â¡
â –â ’â¡‡â €â €â €â¡¸â €â €â €â €â €â €â €â €â €â €â €â €â €â €â €â €â €â €â €â €â €â €â €â €â €â €â €â €â €â €â €â €â €â €â €â €â €â €â €â €â €â €â €â „
â ‚â €â ¸â¡€â €â¢€â ‡â €â €â €â €â €â €â €â €â €â €â €â €â €â €â €â €â €â €â €â €â €â €â €â €â €â €â €â €â €â €â €â €â €â €â €â €â €â €â €â €â €â €â €â ‚
â …â  â €â §â ¤â ¼â „â  â €â „â  â €â „â  â €â „â  â €â „â  â €â „â  â €â „â  â €â „â  â €â „â  â €â „â  â €â „â  â €â „â  â €â „â  â €â „â  â €â „â  â  -11.2
32.0                                          59.0

 INFO  duello::energy > Adding Coulomb potential to nonbonded matrix
 DEBUG duello::energy > Adding ion-induced dipole term for atom pair (0, 0). Alphas: 50, 50
 DEBUG duello::energy > Adding ion-induced dipole term for atom pair (0, 1). Alphas: 50, 50
 DEBUG duello::energy > Adding ion-induced dipole term for atom pair (0, 2). Alphas: 50, 50
 DEBUG duello::energy > Adding ion-induced dipole term for atom pair (0, 3). Alphas: 50, 50
 DEBUG duello::energy > Adding ion-induced dipole term for atom pair (0, 4). Alphas: 50, 50
 DEBUG duello::energy > Adding ion-induced dipole term for atom pair (0, 5). Alphas: 50, 50
 DEBUG duello::energy > Adding ion-induced dipole term for atom pair (0, 6). Alphas: 50, 50
 DEBUG duello::energy > Adding ion-induced dipole term for atom pair (0, 21). Alphas: 50, 50
 DEBUG duello::energy > Adding ion-induced dipole term for atom pair (1, 0). Alphas: 50, 50
 DEBUG duello::energy > Adding ion-induced dipole term for atom pair (1, 1). Alphas: 50, 50
 DEBUG duello::energy > Adding ion-induced dipole term for atom pair (1, 2). Alphas: 50, 50
 DEBUG duello::energy > Adding ion-induced dipole term for atom pair (1, 3). Alphas: 50, 50
 DEBUG duello::energy > Adding ion-induced dipole term for atom pair (1, 4). Alphas: 50, 50
 DEBUG duello::energy > Adding ion-induced dipole term for atom pair (1, 5). Alphas: 50, 50
 DEBUG duello::energy > Adding ion-induced dipole term for atom pair (1, 6). Alphas: 50, 50
 DEBUG duello::energy > Adding ion-induced dipole term for atom pair (1, 21). Alphas: 50, 50
 DEBUG duello::energy > Adding ion-induced dipole term for atom pair (2, 0). Alphas: 50, 50
 DEBUG duello::energy > Adding ion-induced dipole term for atom pair (2, 1). Alphas: 50, 50
 DEBUG duello::energy > Adding ion-induced dipole term for atom pair (2, 2). Alphas: 50, 50
 DEBUG duello::energy > Adding ion-induced dipole term for atom pair (2, 3). Alphas: 50, 50
 DEBUG duello::energy > Adding ion-induced dipole term for atom pair (2, 4). Alphas: 50, 50
 DEBUG duello::energy > Adding ion-induced dipole term for atom pair (2, 5). Alphas: 50, 50
 DEBUG duello::energy > Adding ion-induced dipole term for atom pair (2, 6). Alphas: 50, 50
 DEBUG duello::energy > Adding ion-induced dipole term for atom pair (2, 21). Alphas: 50, 50
 DEBUG duello::energy > Adding ion-induced dipole term for atom pair (3, 0). Alphas: 50, 50
 DEBUG duello::energy > Adding ion-induced dipole term for atom pair (3, 1). Alphas: 50, 50
 DEBUG duello::energy > Adding ion-induced dipole term for atom pair (3, 2). Alphas: 50, 50
 DEBUG duello::energy > Adding ion-induced dipole term for atom pair (3, 3). Alphas: 50, 50
 DEBUG duello::energy > Adding ion-induced dipole term for atom pair (3, 4). Alphas: 50, 50
 DEBUG duello::energy > Adding ion-induced dipole term for atom pair (3, 5). Alphas: 50, 50
 DEBUG duello::energy > Adding ion-induced dipole term for atom pair (3, 6). Alphas: 50, 50
 DEBUG duello::energy > Adding ion-induced dipole term for atom pair (3, 21). Alphas: 50, 50
 DEBUG duello::energy > Adding ion-induced dipole term for atom pair (4, 0). Alphas: 50, 50
 DEBUG duello::energy > Adding ion-induced dipole term for atom pair (4, 1). Alphas: 50, 50
 DEBUG duello::energy > Adding ion-induced dipole term for atom pair (4, 2). Alphas: 50, 50
 DEBUG duello::energy > Adding ion-induced dipole term for atom pair (4, 3). Alphas: 50, 50
 DEBUG duello::energy > Adding ion-induced dipole term for atom pair (4, 4). Alphas: 50, 50
 DEBUG duello::energy > Adding ion-induced dipole term for atom pair (4, 5). Alphas: 50, 50
 DEBUG duello::energy > Adding ion-induced dipole term for atom pair (4, 6). Alphas: 50, 50
 DEBUG duello::energy > Adding ion-induced dipole term for atom pair (4, 21). Alphas: 50, 50
 DEBUG duello::energy > Adding ion-induced dipole term for atom pair (5, 0). Alphas: 50, 50
 DEBUG duello::energy > Adding ion-induced dipole term for atom pair (5, 1). Alphas: 50, 50
 DEBUG duello::energy > Adding ion-induced dipole term for atom pair (5, 2). Alphas: 50, 50
 DEBUG duello::energy > Adding ion-induced dipole term for atom pair (5, 3). Alphas: 50, 50
 DEBUG duello::energy > Adding ion-induced dipole term for atom pair (5, 4). Alphas: 50, 50
 DEBUG duello::energy > Adding ion-induced dipole term for atom pair (5, 5). Alphas: 50, 50
 DEBUG duello::energy > Adding ion-induced dipole term for atom pair (5, 6). Alphas: 50, 50
 DEBUG duello::energy > Adding ion-induced dipole term for atom pair (5, 21). Alphas: 50, 50
 DEBUG duello::energy > Adding ion-induced dipole term for atom pair (6, 0). Alphas: 50, 50
 DEBUG duello::energy > Adding ion-induced dipole term for atom pair (6, 1). Alphas: 50, 50
 DEBUG duello::energy > Adding ion-induced dipole term for atom pair (6, 2). Alphas: 50, 50
 DEBUG duello::energy > Adding ion-induced dipole term for atom pair (6, 3). Alphas: 50, 50
 DEBUG duello::energy > Adding ion-induced dipole term for atom pair (6, 4). Alphas: 50, 50
 DEBUG duello::energy > Adding ion-induced dipole term for atom pair (6, 5). Alphas: 50, 50
 DEBUG duello::energy > Adding ion-induced dipole term for atom pair (6, 6). Alphas: 50, 50
 DEBUG duello::energy > Adding ion-induced dipole term for atom pair (6, 21). Alphas: 50, 50
 DEBUG duello::energy > Adding ion-induced dipole term for atom pair (21, 0). Alphas: 50, 50
 DEBUG duello::energy > Adding ion-induced dipole term for atom pair (21, 1). Alphas: 50, 50
 DEBUG duello::energy > Adding ion-induced dipole term for atom pair (21, 2). Alphas: 50, 50
 DEBUG duello::energy > Adding ion-induced dipole term for atom pair (21, 3). Alphas: 50, 50
 DEBUG duello::energy > Adding ion-induced dipole term for atom pair (21, 4). Alphas: 50, 50
 DEBUG duello::energy > Adding ion-induced dipole term for atom pair (21, 5). Alphas: 50, 50
 DEBUG duello::energy > Adding ion-induced dipole term for atom pair (21, 6). Alphas: 50, 50
 DEBUG duello::energy > Adding ion-induced dipole term for atom pair (21, 21). Alphas: 50, 50
 DEBUG duello::structure > Read 7ktz.xyz: ð‘=243, âˆ‘ð‘žáµ¢=4.17ð‘’, âˆ‘ð‘šáµ¢=25247.63
 DEBUG duello::structure > Read 7ktz.xyz: ð‘=243, âˆ‘ð‘žáµ¢=4.17ð‘’, âˆ‘ð‘šáµ¢=25247.63
 INFO  duello            > Medium: ð‘‡ = 300.00 K, Îµáµ£ = 77.69, Î»á´® = 7.17 â„«, ð¼ = 30.00 mM, Î»á´° = 17.53 â„«, 0.03 M ðŸ§‚Salt = NaCl
 INFO  duello            > Molecular net-charges:    [4.17e, 4.17e]
 INFO  duello            > Molecular dipole moments: [444.97 D, 444.97 D]
 INFO  duello            > Molecular masses (g/mol): [25247.63, 25247.63]
 INFO  duello            > COM range: [32.0, 60.0) in 1.0 â„« steps ðŸ¾
 INFO  duello::icotable  > Actual angle resolution = 0.37 radians
 INFO  duello::icoscan   > 6D table: ð‘…(28) x ðœ”(18) x ðœƒðœ‘(92) x ðœƒðœ‘(92) = 4265856 poses ðŸ’ƒðŸ•º (1.6 MB)
 INFO  duello::report    > Second virial coefficient, ðµâ‚‚ = -233785.92 Ã…Â³
 INFO  duello::report    >                               = -2.21e-4 molâ‹…ml/gÂ²
 INFO  duello::report    > Reduced second virial coefficient, ðµâ‚‚ / ðµâ‚‚hs = -3.41 using Ïƒ = 32.00 Ã…
 INFO  duello::report    > Dissociation constant, ð¾ð‘‘ = 2.75e-3 mol/l using Ïƒ = 32.00 Ã…
 INFO  duello::report    > Plot: [1;33mfree energy[0m and [1;31mmean energy[0m along mass center separation. In units of kT and angstroms.
â¡£â¡ˆâ €â â ˆâ €â â ˆâ €â â ˆâ €â â ˆâ €â â ˆâ €â â ˆâ €â â ˆâ €â â ˆâ €â â ˆâ €â â ˆâ €â â ˆâ €â â ˆâ €â â ˆâ €â â ˆâ €â â ˆâ €â â ˆâ¡ 2.8
â „â ‘â¡„â €â €â €â €â €â €â €â €â €â €â €â €â €â €â €â €â €â €â €â €â €â €â €â €â €â €â €â €â €â €â €â €â €â €â €â €â €â €â €â €â €â €â €â €â €â €â €â „
â¡‚â¢€â¢±â¡€â¢€â €â¡€â¢€â €â¡€â¢€â €â¡€â¢€â €â¡€â¢€â €â¡€â¢€â €â¡€â¢€â €â¡€â¢€â €â¡€â¢€â¢€â£€â£€â£€â£ â£¤â£¤â£¤â¢¤â ¤â¡¤â¢¤â ¤â¡¤â¢¤â ¤â¡¤â¢¤â ¤â¡¤â¢¤â †
â¡â €â €â¢‡â£€â£€â¡ â ”â ’â ¢â ¤â£€â£€â£€â£€â£€â£€â£€â£€â£€â£€â£€â ¤â ¤â ¤â ¤â ’â£’â ­â •â ’â Šâ ‰â â €â €â €â €â €â €â €â €â €â €â €â €â €â €â €â €â¡
â „â €â €â €â €â €â €â €â €â €â €â €â €â €â €â €â €â €â €â €â €â €â €â£€â ¤â ’â ‰â €â €â €â €â €â €â €â €â €â €â €â €â €â €â €â €â €â €â €â €â €â €â €â „
â ‚â €â €â €â €â €â €â €â €â €â €â €â €â €â €â €â €â €â¢€â¡ â ”â ’â ‰â €â €â €â €â €â €â €â €â €â €â €â €â €â €â €â €â €â €â €â €â €â €â €â €â €â €â €â ‚
â¡â €â €â €â €â €â €â €â €â €â €â €â €â €â €â£€â¡ â ”â â €â €â €â €â €â €â €â €â €â €â €â €â €â €â €â €â €â €â €â €â €â €â €â €â €â €â €â €â €â €â €â¡
â „â €â €â €â €â €â €â €â €â €â €â €â €â¡ â Šâ €â €â €â €â €â €â €â €â €â €â €â €â €â €â €â €â €â €â €â €â €â €â €â €â €â €â €â €â €â €â €â €â €â €â €â „
â ‚â €â €â €â €â €â €â €â¢€â ”â ’â ‰â ‰â â €â €â €â €â €â €â €â €â €â €â €â €â €â €â €â €â €â €â €â €â €â €â €â €â €â €â €â €â €â €â €â €â €â €â €â €â ‚
â¡â €â €â €â €â €â €â¡Žâ â €â €â €â €â €â €â €â €â €â €â €â €â €â €â €â €â €â €â €â €â €â €â €â €â €â €â €â €â €â €â €â €â €â €â €â €â €â €â €â €â €â¡
â –â ’â¡‡â €â €â €â¢¸â €â €â €â €â €â €â €â €â €â €â €â €â €â €â €â €â €â €â €â €â €â €â €â €â €â €â €â €â €â €â €â €â €â €â €â €â €â €â €â €â €â €â €â „
â ‚â €â ¸â¡€â €â¢€â ‡â €â €â €â €â €â €â €â €â €â €â €â €â €â €â €â €â €â €â €â €â €â €â €â €â €â €â €â €â €â €â €â €â €â €â €â €â €â €â €â €â €â €â €â ‚
â …â  â €â §â ¤â ¼â „â  â €â „â  â €â „â  â €â „â  â €â „â  â €â „â  â €â „â  â €â „â  â €â „â  â €â „â  â €â „â  â €â „â  â €â „â  â €â „â  â €â „â  â  -11.0
32.0                                          59.0

 INFO  duello::energy > Adding Coulomb potential to nonbonded matrix
 DEBUG duello::energy > Adding ion-induced dipole term for atom pair (0, 0). Alphas: 50, 50
 DEBUG duello::energy > Adding ion-induced dipole term for atom pair (0, 1). Alphas: 50, 50
 DEBUG duello::energy > Adding ion-induced dipole term for atom pair (0, 2). Alphas: 50, 50
 DEBUG duello::energy > Adding ion-induced dipole term for atom pair (0, 3). Alphas: 50, 50
 DEBUG duello::energy > Adding ion-induced dipole term for atom pair (0, 4). Alphas: 50, 50
 DEBUG duello::energy > Adding ion-induced dipole term for atom pair (0, 5). Alphas: 50, 50
 DEBUG duello::energy > Adding ion-induced dipole term for atom pair (0, 6). Alphas: 50, 50
 DEBUG duello::energy > Adding ion-induced dipole term for atom pair (0, 21). Alphas: 50, 50
 DEBUG duello::energy > Adding ion-induced dipole term for atom pair (1, 0). Alphas: 50, 50
 DEBUG duello::energy > Adding ion-induced dipole term for atom pair (1, 1). Alphas: 50, 50
 DEBUG duello::energy > Adding ion-induced dipole term for atom pair (1, 2). Alphas: 50, 50
 DEBUG duello::energy > Adding ion-induced dipole term for atom pair (1, 3). Alphas: 50, 50
 DEBUG duello::energy > Adding ion-induced dipole term for atom pair (1, 4). Alphas: 50, 50
 DEBUG duello::energy > Adding ion-induced dipole term for atom pair (1, 5). Alphas: 50, 50
 DEBUG duello::energy > Adding ion-induced dipole term for atom pair (1, 6). Alphas: 50, 50
 DEBUG duello::energy > Adding ion-induced dipole term for atom pair (1, 21). Alphas: 50, 50
 DEBUG duello::energy > Adding ion-induced dipole term for atom pair (2, 0). Alphas: 50, 50
 DEBUG duello::energy > Adding ion-induced dipole term for atom pair (2, 1). Alphas: 50, 50
 DEBUG duello::energy > Adding ion-induced dipole term for atom pair (2, 2). Alphas: 50, 50
 DEBUG duello::energy > Adding ion-induced dipole term for atom pair (2, 3). Alphas: 50, 50
 DEBUG duello::energy > Adding ion-induced dipole term for atom pair (2, 4). Alphas: 50, 50
 DEBUG duello::energy > Adding ion-induced dipole term for atom pair (2, 5). Alphas: 50, 50
 DEBUG duello::energy > Adding ion-induced dipole term for atom pair (2, 6). Alphas: 50, 50
 DEBUG duello::energy > Adding ion-induced dipole term for atom pair (2, 21). Alphas: 50, 50
 DEBUG duello::energy > Adding ion-induced dipole term for atom pair (3, 0). Alphas: 50, 50
 DEBUG duello::energy > Adding ion-induced dipole term for atom pair (3, 1). Alphas: 50, 50
 DEBUG duello::energy > Adding ion-induced dipole term for atom pair (3, 2). Alphas: 50, 50
 DEBUG duello::energy > Adding ion-induced dipole term for atom pair (3, 3). Alphas: 50, 50
 DEBUG duello::energy > Adding ion-induced dipole term for atom pair (3, 4). Alphas: 50, 50
 DEBUG duello::energy > Adding ion-induced dipole term for atom pair (3, 5). Alphas: 50, 50
 DEBUG duello::energy > Adding ion-induced dipole term for atom pair (3, 6). Alphas: 50, 50
 DEBUG duello::energy > Adding ion-induced dipole term for atom pair (3, 21). Alphas: 50, 50
 DEBUG duello::energy > Adding ion-induced dipole term for atom pair (4, 0). Alphas: 50, 50
 DEBUG duello::energy > Adding ion-induced dipole term for atom pair (4, 1). Alphas: 50, 50
 DEBUG duello::energy > Adding ion-induced dipole term for atom pair (4, 2). Alphas: 50, 50
 DEBUG duello::energy > Adding ion-induced dipole term for atom pair (4, 3). Alphas: 50, 50
 DEBUG duello::energy > Adding ion-induced dipole term for atom pair (4, 4). Alphas: 50, 50
 DEBUG duello::energy > Adding ion-induced dipole term for atom pair (4, 5). Alphas: 50, 50
 DEBUG duello::energy > Adding ion-induced dipole term for atom pair (4, 6). Alphas: 50, 50
 DEBUG duello::energy > Adding ion-induced dipole term for atom pair (4, 21). Alphas: 50, 50
 DEBUG duello::energy > Adding ion-induced dipole term for atom pair (5, 0). Alphas: 50, 50
 DEBUG duello::energy > Adding ion-induced dipole term for atom pair (5, 1). Alphas: 50, 50
 DEBUG duello::energy > Adding ion-induced dipole term for atom pair (5, 2). Alphas: 50, 50
 DEBUG duello::energy > Adding ion-induced dipole term for atom pair (5, 3). Alphas: 50, 50
 DEBUG duello::energy > Adding ion-induced dipole term for atom pair (5, 4). Alphas: 50, 50
 DEBUG duello::energy > Adding ion-induced dipole term for atom pair (5, 5). Alphas: 50, 50
 DEBUG duello::energy > Adding ion-induced dipole term for atom pair (5, 6). Alphas: 50, 50
 DEBUG duello::energy > Adding ion-induced dipole term for atom pair (5, 21). Alphas: 50, 50
 DEBUG duello::energy > Adding ion-induced dipole term for atom pair (6, 0). Alphas: 50, 50
 DEBUG duello::energy > Adding ion-induced dipole term for atom pair (6, 1). Alphas: 50, 50
 DEBUG duello::energy > Adding ion-induced dipole term for atom pair (6, 2). Alphas: 50, 50
 DEBUG duello::energy > Adding ion-induced dipole term for atom pair (6, 3). Alphas: 50, 50
 DEBUG duello::energy > Adding ion-induced dipole term for atom pair (6, 4). Alphas: 50, 50
 DEBUG duello::energy > Adding ion-induced dipole term for atom pair (6, 5). Alphas: 50, 50
 DEBUG duello::energy > Adding ion-induced dipole term for atom pair (6, 6). Alphas: 50, 50
 DEBUG duello::energy > Adding ion-induced dipole term for atom pair (6, 21). Alphas: 50, 50
 DEBUG duello::energy > Adding ion-induced dipole term for atom pair (21, 0). Alphas: 50, 50
 DEBUG duello::energy > Adding ion-induced dipole term for atom pair (21, 1). Alphas: 50, 50
 DEBUG duello::energy > Adding ion-induced dipole term for atom pair (21, 2). Alphas: 50, 50
 DEBUG duello::energy > Adding ion-induced dipole term for atom pair (21, 3). Alphas: 50, 50
 DEBUG duello::energy > Adding ion-induced dipole term for atom pair (21, 4). Alphas: 50, 50
 DEBUG duello::energy > Adding ion-induced dipole term for atom pair (21, 5). Alphas: 50, 50
 DEBUG duello::energy > Adding ion-induced dipole term for atom pair (21, 6). Alphas: 50, 50
 DEBUG duello::energy > Adding ion-induced dipole term for atom pair (21, 21). Alphas: 50, 50
 DEBUG duello::structure > Read 7ktz.xyz: ð‘=243, âˆ‘ð‘žáµ¢=4.17ð‘’, âˆ‘ð‘šáµ¢=25247.63
 DEBUG duello::structure > Read 7ktz.xyz: ð‘=243, âˆ‘ð‘žáµ¢=4.17ð‘’, âˆ‘ð‘šáµ¢=25247.63
 INFO  duello            > Medium: ð‘‡ = 300.00 K, Îµáµ£ = 77.69, Î»á´® = 7.17 â„«, ð¼ = 40.00 mM, Î»á´° = 15.18 â„«, 0.04 M ðŸ§‚Salt = NaCl
 INFO  duello            > Molecular net-charges:    [4.17e, 4.17e]
 INFO  duello            > Molecular dipole moments: [444.97 D, 444.97 D]
 INFO  duello            > Molecular masses (g/mol): [25247.63, 25247.63]
 INFO  duello            > COM range: [32.0, 60.0) in 1.0 â„« steps ðŸ¾
 INFO  duello::icotable  > Actual angle resolution = 0.37 radians
 INFO  duello::icoscan   > 6D table: ð‘…(28) x ðœ”(18) x ðœƒðœ‘(92) x ðœƒðœ‘(92) = 4265856 poses ðŸ’ƒðŸ•º (1.6 MB)
 INFO  duello::report    > Second virial coefficient, ðµâ‚‚ = -221943.50 Ã…Â³
 INFO  duello::report    >                               = -2.10e-4 molâ‹…ml/gÂ²
 INFO  duello::report    > Reduced second virial coefficient, ðµâ‚‚ / ðµâ‚‚hs = -3.23 using Ïƒ = 32.00 Ã…
 INFO  duello::report    > Dissociation constant, ð¾ð‘‘ = 2.86e-3 mol/l using Ïƒ = 32.00 Ã…
 INFO  duello::report    > Plot: [1;33mfree energy[0m and [1;31mmean energy[0m along mass center separation. In units of kT and angstroms.
â¡£â¡ˆâ €â â ˆâ €â â ˆâ €â â ˆâ €â â ˆâ €â â ˆâ €â â ˆâ €â â ˆâ €â â ˆâ €â â ˆâ €â â ˆâ €â â ˆâ €â â ˆâ €â â ˆâ €â â ˆâ €â â ˆâ €â â ˆâ¡ 2.9
â „â ‘â¡„â €â €â €â €â €â €â €â €â €â €â €â €â €â €â €â €â €â €â €â €â €â €â €â €â €â €â €â €â €â €â €â €â €â €â €â €â €â €â €â €â €â €â €â €â €â €â €â „
â¡‚â¢€â¢±â¡€â¢€â €â¡€â¢€â €â¡€â¢€â €â¡€â¢€â €â¡€â¢€â €â¡€â¢€â €â¡€â¢€â €â¡€â¢€â €â¡€â¢€â €â¡€â¢€â£€â£€â£€â£€â£€â£€â£€â£¤â£¤â£¤â£¤â£¤â¡¤â¡¤â¢¤â ¤â¡¤â¢¤â †
â¡â €â €â¢‡â£€â¡€â¢€â¡ â ¤â ¤â ¤â£€â£€â €â €â£€â¡€â €â €â €â¢€â£€â£€â£€â ¤â ¤â ’â£’â ­â â ›â ‹â ‰â â €â €â €â €â €â €â €â €â €â €â €â €â €â €â €â €â¡
â „â €â €â €â €â ˆâ â €â €â €â €â €â €â ‰â ‰â €â ˆâ ‰â ‰â ‰â â €â €â£€â ¤â ’â ‰â €â €â €â €â €â €â €â €â €â €â €â €â €â €â €â €â €â €â €â €â €â €â €â „
â ‚â €â €â €â €â €â €â €â €â €â €â €â €â €â €â €â €â €â¢€â¡ â ”â ’â ‰â €â €â €â €â €â €â €â €â €â €â €â €â €â €â €â €â €â €â €â €â €â €â €â €â €â €â €â ‚
â¡â €â €â €â €â €â €â €â €â €â €â €â €â €â €â£€â¡ â ”â â €â €â €â €â €â €â €â €â €â €â €â €â €â €â €â €â €â €â €â €â €â €â €â €â €â €â €â €â €â €â €â¡
â „â €â €â €â €â €â €â €â €â €â €â €â €â¡ â Šâ €â €â €â €â €â €â €â €â €â €â €â €â €â €â €â €â €â €â €â €â €â €â €â €â €â €â €â €â €â €â €â €â €â €â €â „
â ‚â €â €â €â €â €â €â €â¢€â¡ â ”â ‰â ‰â â €â €â €â €â €â €â €â €â €â €â €â €â €â €â €â €â €â €â €â €â €â €â €â €â €â €â €â €â €â €â €â €â €â €â €â €â ‚
â¡â €â €â €â €â €â €â¡Žâ â €â €â €â €â €â €â €â €â €â €â €â €â €â €â €â €â €â €â €â €â €â €â €â €â €â €â €â €â €â €â €â €â €â €â €â €â €â €â €â €â €â¡
â –â ’â¡‡â €â €â €â¢¸â €â €â €â €â €â €â €â €â €â €â €â €â €â €â €â €â €â €â €â €â €â €â €â €â €â €â €â €â €â €â €â €â €â €â €â €â €â €â €â €â €â €â €â „
â ‚â €â ¸â¡€â €â¢€â ‡â €â €â €â €â €â €â €â €â €â €â €â €â €â €â €â €â €â €â €â €â €â €â €â €â €â €â €â €â €â €â €â €â €â €â €â €â €â €â €â €â €â €â €â ‚
â …â  â €â §â ¤â ¼â „â  â €â „â  â €â „â  â €â „â  â €â „â  â €â „â  â €â „â  â €â „â  â €â „â  â €â „â  â €â „â  â €â „â  â €â „â  â €â „â  â €â „â  â  -10.8
32.0                                          59.0

 INFO  duello::energy > Adding Coulomb potential to nonbonded matrix
 DEBUG duello::energy > Adding ion-induced dipole term for atom pair (0, 0). Alphas: 50, 50
 DEBUG duello::energy > Adding ion-induced dipole term for atom pair (0, 1). Alphas: 50, 50
 DEBUG duello::energy > Adding ion-induced dipole term for atom pair (0, 2). Alphas: 50, 50
 DEBUG duello::energy > Adding ion-induced dipole term for atom pair (0, 3). Alphas: 50, 50
 DEBUG duello::energy > Adding ion-induced dipole term for atom pair (0, 4). Alphas: 50, 50
 DEBUG duello::energy > Adding ion-induced dipole term for atom pair (0, 5). Alphas: 50, 50
 DEBUG duello::energy > Adding ion-induced dipole term for atom pair (0, 6). Alphas: 50, 50
 DEBUG duello::energy > Adding ion-induced dipole term for atom pair (0, 21). Alphas: 50, 50
 DEBUG duello::energy > Adding ion-induced dipole term for atom pair (1, 0). Alphas: 50, 50
 DEBUG duello::energy > Adding ion-induced dipole term for atom pair (1, 1). Alphas: 50, 50
 DEBUG duello::energy > Adding ion-induced dipole term for atom pair (1, 2). Alphas: 50, 50
 DEBUG duello::energy > Adding ion-induced dipole term for atom pair (1, 3). Alphas: 50, 50
 DEBUG duello::energy > Adding ion-induced dipole term for atom pair (1, 4). Alphas: 50, 50
 DEBUG duello::energy > Adding ion-induced dipole term for atom pair (1, 5). Alphas: 50, 50
 DEBUG duello::energy > Adding ion-induced dipole term for atom pair (1, 6). Alphas: 50, 50
 DEBUG duello::energy > Adding ion-induced dipole term for atom pair (1, 21). Alphas: 50, 50
 DEBUG duello::energy > Adding ion-induced dipole term for atom pair (2, 0). Alphas: 50, 50
 DEBUG duello::energy > Adding ion-induced dipole term for atom pair (2, 1). Alphas: 50, 50
 DEBUG duello::energy > Adding ion-induced dipole term for atom pair (2, 2). Alphas: 50, 50
 DEBUG duello::energy > Adding ion-induced dipole term for atom pair (2, 3). Alphas: 50, 50
 DEBUG duello::energy > Adding ion-induced dipole term for atom pair (2, 4). Alphas: 50, 50
 DEBUG duello::energy > Adding ion-induced dipole term for atom pair (2, 5). Alphas: 50, 50
 DEBUG duello::energy > Adding ion-induced dipole term for atom pair (2, 6). Alphas: 50, 50
 DEBUG duello::energy > Adding ion-induced dipole term for atom pair (2, 21). Alphas: 50, 50
 DEBUG duello::energy > Adding ion-induced dipole term for atom pair (3, 0). Alphas: 50, 50
 DEBUG duello::energy > Adding ion-induced dipole term for atom pair (3, 1). Alphas: 50, 50
 DEBUG duello::energy > Adding ion-induced dipole term for atom pair (3, 2). Alphas: 50, 50
 DEBUG duello::energy > Adding ion-induced dipole term for atom pair (3, 3). Alphas: 50, 50
 DEBUG duello::energy > Adding ion-induced dipole term for atom pair (3, 4). Alphas: 50, 50
 DEBUG duello::energy > Adding ion-induced dipole term for atom pair (3, 5). Alphas: 50, 50
 DEBUG duello::energy > Adding ion-induced dipole term for atom pair (3, 6). Alphas: 50, 50
 DEBUG duello::energy > Adding ion-induced dipole term for atom pair (3, 21). Alphas: 50, 50
 DEBUG duello::energy > Adding ion-induced dipole term for atom pair (4, 0). Alphas: 50, 50
 DEBUG duello::energy > Adding ion-induced dipole term for atom pair (4, 1). Alphas: 50, 50
 DEBUG duello::energy > Adding ion-induced dipole term for atom pair (4, 2). Alphas: 50, 50
 DEBUG duello::energy > Adding ion-induced dipole term for atom pair (4, 3). Alphas: 50, 50
 DEBUG duello::energy > Adding ion-induced dipole term for atom pair (4, 4). Alphas: 50, 50
 DEBUG duello::energy > Adding ion-induced dipole term for atom pair (4, 5). Alphas: 50, 50
 DEBUG duello::energy > Adding ion-induced dipole term for atom pair (4, 6). Alphas: 50, 50
 DEBUG duello::energy > Adding ion-induced dipole term for atom pair (4, 21). Alphas: 50, 50
 DEBUG duello::energy > Adding ion-induced dipole term for atom pair (5, 0). Alphas: 50, 50
 DEBUG duello::energy > Adding ion-induced dipole term for atom pair (5, 1). Alphas: 50, 50
 DEBUG duello::energy > Adding ion-induced dipole term for atom pair (5, 2). Alphas: 50, 50
 DEBUG duello::energy > Adding ion-induced dipole term for atom pair (5, 3). Alphas: 50, 50
 DEBUG duello::energy > Adding ion-induced dipole term for atom pair (5, 4). Alphas: 50, 50
 DEBUG duello::energy > Adding ion-induced dipole term for atom pair (5, 5). Alphas: 50, 50
 DEBUG duello::energy > Adding ion-induced dipole term for atom pair (5, 6). Alphas: 50, 50
 DEBUG duello::energy > Adding ion-induced dipole term for atom pair (5, 21). Alphas: 50, 50
 DEBUG duello::energy > Adding ion-induced dipole term for atom pair (6, 0). Alphas: 50, 50
 DEBUG duello::energy > Adding ion-induced dipole term for atom pair (6, 1). Alphas: 50, 50
 DEBUG duello::energy > Adding ion-induced dipole term for atom pair (6, 2). Alphas: 50, 50
 DEBUG duello::energy > Adding ion-induced dipole term for atom pair (6, 3). Alphas: 50, 50
 DEBUG duello::energy > Adding ion-induced dipole term for atom pair (6, 4). Alphas: 50, 50
 DEBUG duello::energy > Adding ion-induced dipole term for atom pair (6, 5). Alphas: 50, 50
 DEBUG duello::energy > Adding ion-induced dipole term for atom pair (6, 6). Alphas: 50, 50
 DEBUG duello::energy > Adding ion-induced dipole term for atom pair (6, 21). Alphas: 50, 50
 DEBUG duello::energy > Adding ion-induced dipole term for atom pair (21, 0). Alphas: 50, 50
 DEBUG duello::energy > Adding ion-induced dipole term for atom pair (21, 1). Alphas: 50, 50
 DEBUG duello::energy > Adding ion-induced dipole term for atom pair (21, 2). Alphas: 50, 50
 DEBUG duello::energy > Adding ion-induced dipole term for atom pair (21, 3). Alphas: 50, 50
 DEBUG duello::energy > Adding ion-induced dipole term for atom pair (21, 4). Alphas: 50, 50
 DEBUG duello::energy > Adding ion-induced dipole term for atom pair (21, 5). Alphas: 50, 50
 DEBUG duello::energy > Adding ion-induced dipole term for atom pair (21, 6). Alphas: 50, 50
 DEBUG duello::energy > Adding ion-induced dipole term for atom pair (21, 21). Alphas: 50, 50
 DEBUG duello::structure > Read 7ktz.xyz: ð‘=243, âˆ‘ð‘žáµ¢=4.17ð‘’, âˆ‘ð‘šáµ¢=25247.63
 DEBUG duello::structure > Read 7ktz.xyz: ð‘=243, âˆ‘ð‘žáµ¢=4.17ð‘’, âˆ‘ð‘šáµ¢=25247.63
 INFO  duello            > Medium: ð‘‡ = 300.00 K, Îµáµ£ = 77.69, Î»á´® = 7.17 â„«, ð¼ = 60.00 mM, Î»á´° = 12.39 â„«, 0.06 M ðŸ§‚Salt = NaCl
 INFO  duello            > Molecular net-charges:    [4.17e, 4.17e]
 INFO  duello            > Molecular dipole moments: [444.97 D, 444.97 D]
 INFO  duello            > Molecular masses (g/mol): [25247.63, 25247.63]
 INFO  duello            > COM range: [32.0, 60.0) in 1.0 â„« steps ðŸ¾
 INFO  duello::icotable  > Actual angle resolution = 0.37 radians
 INFO  duello::icoscan   > 6D table: ð‘…(28) x ðœ”(18) x ðœƒðœ‘(92) x ðœƒðœ‘(92) = 4265856 poses ðŸ’ƒðŸ•º (1.6 MB)
 INFO  duello::report    > Second virial coefficient, ðµâ‚‚ = -199241.89 Ã…Â³
 INFO  duello::report    >                               = -1.88e-4 molâ‹…ml/gÂ²
 INFO  duello::report    > Reduced second virial coefficient, ðµâ‚‚ / ðµâ‚‚hs = -2.90 using Ïƒ = 32.00 Ã…
 INFO  duello::report    > Dissociation constant, ð¾ð‘‘ = 3.10e-3 mol/l using Ïƒ = 32.00 Ã…
 INFO  duello::report    > Plot: [1;33mfree energy[0m and [1;31mmean energy[0m along mass center separation. In units of kT and angstroms.
â££â ˆâ €â â ˆâ €â â ˆâ €â â ˆâ €â â ˆâ €â â ˆâ €â â ˆâ €â â ˆâ €â â ˆâ €â â ˆâ €â â ˆâ €â â ˆâ €â â ˆâ €â â ˆâ €â â ˆâ €â â ˆâ €â â ˆâ¡ 3.1
â „â £â¡€â €â €â €â €â €â €â €â €â €â €â €â €â €â €â €â €â €â €â €â €â €â €â €â €â €â €â €â €â €â €â €â €â €â €â €â €â €â €â €â €â €â €â €â €â €â €â €â „
â ‚â €â¢£â €â €â €â €â €â €â €â €â €â €â €â €â €â €â €â €â €â €â €â €â €â €â €â €â €â €â €â €â €â €â €â €â£€â£€â£€â£€â£€â£€â£€â£€â£€â£€â£€â£€â£€â£€â£€â¡‚
â¡â ˆâ ˆâ¡‡â ˆâ €â¢â¡¨â ¤â¢…â£ˆâ£€â£â ˆâ €â â ˆâ €â â ˆâ €â â£ˆâ£€â£â£ˆâ ¤â ¥â£šâ žâ ›â ›â ›â ‹â ‰â ‰â ‰â ‰â ‰â â ˆâ €â â ˆâ €â â ˆâ €â â ˆâ¡
â „â €â €â ˆâ ‰â ‰â â €â €â €â €â €â €â ‰â ‰â ‰â ‰â ‰â ‰â ‰â ‰â ‰â €â£€â ¤â ’â ‰â ‰â €â €â €â €â €â €â €â €â €â €â €â €â €â €â €â €â €â €â €â €â €â €â „
â ‚â €â €â €â €â €â €â €â €â €â €â €â €â €â €â €â €â €â¢€â¡ â ”â ’â ‰â €â €â €â €â €â €â €â €â €â €â €â €â €â €â €â €â €â €â €â €â €â €â €â €â €â €â €â ‚
â¡â €â €â €â €â €â €â €â €â €â €â €â €â €â €â£€â ”â Šâ â €â €â €â €â €â €â €â €â €â €â €â €â €â €â €â €â €â €â €â €â €â €â €â €â €â €â €â €â €â €â €â¡
â „â €â €â €â €â €â €â €â €â €â €â €â €â¡ â Šâ €â €â €â €â €â €â €â €â €â €â €â €â €â €â €â €â €â €â €â €â €â €â €â €â €â €â €â €â €â €â €â €â €â €â €â „
â ‚â €â €â €â €â €â €â €â¢€â¡ â ”â ‰â ‰â â €â €â €â €â €â €â €â €â €â €â €â €â €â €â €â €â €â €â €â €â €â €â €â €â €â €â €â €â €â €â €â €â €â €â €â €â ‚
â¡â €â¡€â €â €â €â €â¡Žâ â €â €â €â €â €â €â €â €â €â €â €â €â €â €â €â €â €â €â €â €â €â €â €â €â €â €â €â €â €â €â €â €â €â €â €â €â €â €â €â €â €â¡
â –â ‰â¢‡â €â €â €â¡¸â €â €â €â €â €â €â €â €â €â €â €â €â €â €â €â €â €â €â €â €â €â €â €â €â €â €â €â €â €â €â €â €â €â €â €â €â €â €â €â €â €â €â €â „
â ‚â €â ¸â¡€â €â¢ â ƒâ €â €â €â €â €â €â €â €â €â €â €â €â €â €â €â €â €â €â €â €â €â €â €â €â €â €â €â €â €â €â €â €â €â €â €â €â €â €â €â €â €â €â €â ‚
â …â  â €â §â ¤â œâ „â  â €â „â  â €â „â  â €â „â  â €â „â  â €â „â  â €â „â  â €â „â  â €â „â  â €â „â  â €â „â  â €â „â  â €â „â  â €â „â  â €â „â  â  -10.6
32.0                                          59.0

 INFO  duello::energy > Adding Coulomb potential to nonbonded matrix
 DEBUG duello::energy > Adding ion-induced dipole term for atom pair (0, 0). Alphas: 50, 50
 DEBUG duello::energy > Adding ion-induced dipole term for atom pair (0, 1). Alphas: 50, 50
 DEBUG duello::energy > Adding ion-induced dipole term for atom pair (0, 2). Alphas: 50, 50
 DEBUG duello::energy > Adding ion-induced dipole term for atom pair (0, 3). Alphas: 50, 50
 DEBUG duello::energy > Adding ion-induced dipole term for atom pair (0, 4). Alphas: 50, 50
 DEBUG duello::energy > Adding ion-induced dipole term for atom pair (0, 5). Alphas: 50, 50
 DEBUG duello::energy > Adding ion-induced dipole term for atom pair (0, 6). Alphas: 50, 50
 DEBUG duello::energy > Adding ion-induced dipole term for atom pair (0, 21). Alphas: 50, 50
 DEBUG duello::energy > Adding ion-induced dipole term for atom pair (1, 0). Alphas: 50, 50
 DEBUG duello::energy > Adding ion-induced dipole term for atom pair (1, 1). Alphas: 50, 50
 DEBUG duello::energy > Adding ion-induced dipole term for atom pair (1, 2). Alphas: 50, 50
 DEBUG duello::energy > Adding ion-induced dipole term for atom pair (1, 3). Alphas: 50, 50
 DEBUG duello::energy > Adding ion-induced dipole term for atom pair (1, 4). Alphas: 50, 50
 DEBUG duello::energy > Adding ion-induced dipole term for atom pair (1, 5). Alphas: 50, 50
 DEBUG duello::energy > Adding ion-induced dipole term for atom pair (1, 6). Alphas: 50, 50
 DEBUG duello::energy > Adding ion-induced dipole term for atom pair (1, 21). Alphas: 50, 50
 DEBUG duello::energy > Adding ion-induced dipole term for atom pair (2, 0). Alphas: 50, 50
 DEBUG duello::energy > Adding ion-induced dipole term for atom pair (2, 1). Alphas: 50, 50
 DEBUG duello::energy > Adding ion-induced dipole term for atom pair (2, 2). Alphas: 50, 50
 DEBUG duello::energy > Adding ion-induced dipole term for atom pair (2, 3). Alphas: 50, 50
 DEBUG duello::energy > Adding ion-induced dipole term for atom pair (2, 4). Alphas: 50, 50
 DEBUG duello::energy > Adding ion-induced dipole term for atom pair (2, 5). Alphas: 50, 50
 DEBUG duello::energy > Adding ion-induced dipole term for atom pair (2, 6). Alphas: 50, 50
 DEBUG duello::energy > Adding ion-induced dipole term for atom pair (2, 21). Alphas: 50, 50
 DEBUG duello::energy > Adding ion-induced dipole term for atom pair (3, 0). Alphas: 50, 50
 DEBUG duello::energy > Adding ion-induced dipole term for atom pair (3, 1). Alphas: 50, 50
 DEBUG duello::energy > Adding ion-induced dipole term for atom pair (3, 2). Alphas: 50, 50
 DEBUG duello::energy > Adding ion-induced dipole term for atom pair (3, 3). Alphas: 50, 50
 DEBUG duello::energy > Adding ion-induced dipole term for atom pair (3, 4). Alphas: 50, 50
 DEBUG duello::energy > Adding ion-induced dipole term for atom pair (3, 5). Alphas: 50, 50
 DEBUG duello::energy > Adding ion-induced dipole term for atom pair (3, 6). Alphas: 50, 50
 DEBUG duello::energy > Adding ion-induced dipole term for atom pair (3, 21). Alphas: 50, 50
 DEBUG duello::energy > Adding ion-induced dipole term for atom pair (4, 0). Alphas: 50, 50
 DEBUG duello::energy > Adding ion-induced dipole term for atom pair (4, 1). Alphas: 50, 50
 DEBUG duello::energy > Adding ion-induced dipole term for atom pair (4, 2). Alphas: 50, 50
 DEBUG duello::energy > Adding ion-induced dipole term for atom pair (4, 3). Alphas: 50, 50
 DEBUG duello::energy > Adding ion-induced dipole term for atom pair (4, 4). Alphas: 50, 50
 DEBUG duello::energy > Adding ion-induced dipole term for atom pair (4, 5). Alphas: 50, 50
 DEBUG duello::energy > Adding ion-induced dipole term for atom pair (4, 6). Alphas: 50, 50
 DEBUG duello::energy > Adding ion-induced dipole term for atom pair (4, 21). Alphas: 50, 50
 DEBUG duello::energy > Adding ion-induced dipole term for atom pair (5, 0). Alphas: 50, 50
 DEBUG duello::energy > Adding ion-induced dipole term for atom pair (5, 1). Alphas: 50, 50
 DEBUG duello::energy > Adding ion-induced dipole term for atom pair (5, 2). Alphas: 50, 50
 DEBUG duello::energy > Adding ion-induced dipole term for atom pair (5, 3). Alphas: 50, 50
 DEBUG duello::energy > Adding ion-induced dipole term for atom pair (5, 4). Alphas: 50, 50
 DEBUG duello::energy > Adding ion-induced dipole term for atom pair (5, 5). Alphas: 50, 50
 DEBUG duello::energy > Adding ion-induced dipole term for atom pair (5, 6). Alphas: 50, 50
 DEBUG duello::energy > Adding ion-induced dipole term for atom pair (5, 21). Alphas: 50, 50
 DEBUG duello::energy > Adding ion-induced dipole term for atom pair (6, 0). Alphas: 50, 50
 DEBUG duello::energy > Adding ion-induced dipole term for atom pair (6, 1). Alphas: 50, 50
 DEBUG duello::energy > Adding ion-induced dipole term for atom pair (6, 2). Alphas: 50, 50
 DEBUG duello::energy > Adding ion-induced dipole term for atom pair (6, 3). Alphas: 50, 50
 DEBUG duello::energy > Adding ion-induced dipole term for atom pair (6, 4). Alphas: 50, 50
 DEBUG duello::energy > Adding ion-induced dipole term for atom pair (6, 5). Alphas: 50, 50
 DEBUG duello::energy > Adding ion-induced dipole term for atom pair (6, 6). Alphas: 50, 50
 DEBUG duello::energy > Adding ion-induced dipole term for atom pair (6, 21). Alphas: 50, 50
 DEBUG duello::energy > Adding ion-induced dipole term for atom pair (21, 0). Alphas: 50, 50
 DEBUG duello::energy > Adding ion-induced dipole term for atom pair (21, 1). Alphas: 50, 50
 DEBUG duello::energy > Adding ion-induced dipole term for atom pair (21, 2). Alphas: 50, 50
 DEBUG duello::energy > Adding ion-induced dipole term for atom pair (21, 3). Alphas: 50, 50
 DEBUG duello::energy > Adding ion-induced dipole term for atom pair (21, 4). Alphas: 50, 50
 DEBUG duello::energy > Adding ion-induced dipole term for atom pair (21, 5). Alphas: 50, 50
 DEBUG duello::energy > Adding ion-induced dipole term for atom pair (21, 6). Alphas: 50, 50
 DEBUG duello::energy > Adding ion-induced dipole term for atom pair (21, 21). Alphas: 50, 50
 DEBUG duello::structure > Read 7ktz.xyz: ð‘=243, âˆ‘ð‘žáµ¢=4.17ð‘’, âˆ‘ð‘šáµ¢=25247.63
 DEBUG duello::structure > Read 7ktz.xyz: ð‘=243, âˆ‘ð‘žáµ¢=4.17ð‘’, âˆ‘ð‘šáµ¢=25247.63
 INFO  duello            > Medium: ð‘‡ = 300.00 K, Îµáµ£ = 77.69, Î»á´® = 7.17 â„«, ð¼ = 80.00 mM, Î»á´° = 10.73 â„«, 0.08 M ðŸ§‚Salt = NaCl
 INFO  duello            > Molecular net-charges:    [4.17e, 4.17e]
 INFO  duello            > Molecular dipole moments: [444.97 D, 444.97 D]
 INFO  duello            > Molecular masses (g/mol): [25247.63, 25247.63]
 INFO  duello            > COM range: [32.0, 60.0) in 1.0 â„« steps ðŸ¾
 INFO  duello::icotable  > Actual angle resolution = 0.37 radians
 INFO  duello::icoscan   > 6D table: ð‘…(28) x ðœ”(18) x ðœƒðœ‘(92) x ðœƒðœ‘(92) = 4265856 poses ðŸ’ƒðŸ•º (1.6 MB)
 INFO  duello::report    > Second virial coefficient, ðµâ‚‚ = -182218.69 Ã…Â³
 INFO  duello::report    >                               = -1.72e-4 molâ‹…ml/gÂ²
 INFO  duello::report    > Reduced second virial coefficient, ðµâ‚‚ / ðµâ‚‚hs = -2.66 using Ïƒ = 32.00 Ã…
 INFO  duello::report    > Dissociation constant, ð¾ð‘‘ = 3.31e-3 mol/l using Ïƒ = 32.00 Ã…
 INFO  duello::report    > Plot: [1;33mfree energy[0m and [1;31mmean energy[0m along mass center separation. In units of kT and angstroms.
â££â ˆâ €â â ˆâ €â â ˆâ €â â ˆâ €â â ˆâ €â â ˆâ €â â ˆâ €â â ˆâ €â â ˆâ €â â ˆâ €â â ˆâ €â â ˆâ €â â ˆâ €â â ˆâ €â â ˆâ €â â ˆâ €â â ˆâ¡ 3.2
â „â £â¡€â €â €â €â €â €â €â €â €â €â €â €â €â €â €â €â €â €â €â €â €â €â €â €â €â €â €â €â €â €â €â €â €â €â €â €â €â €â €â €â €â €â €â €â €â €â €â €â „
â ‚â €â¢£â €â €â €â €â €â €â €â €â €â €â €â €â €â €â €â €â €â €â €â €â €â €â €â €â €â €â €â €â €â €â €â €â €â €â €â €â €â €â €â €â €â €â €â €â €â €â €â ‚
â¡â ˆâ ˆâ¡‡â ˆâ €â â¢ˆâ£€â£â£ˆâ €â â ˆâ €â â ˆâ €â â ˆâ €â â ˆâ €â£â£ˆâ ¤â ¥â£šâ¡²â ·â žâ ›â ‹â ‰â ‰â ‰â ‰â ‰â ‰â ‰â ‰â ‰â ‰â ‰â ‰â ‰â ‰â ‰â ‰â¡
â „â €â €â ˆâ ‰â ‰â ‰â â €â €â €â ‰â ‰â ‰â ‰â ‰â ‰â ‰â ‰â ‰â ‰â ‰â£‰â£‰â ¤â ’â ‰â ‰â €â €â €â €â €â €â €â €â €â €â €â €â €â €â €â €â €â €â €â €â €â €â „
â ‚â €â €â €â €â €â €â €â €â €â €â €â €â €â €â €â €â €â¢€â¡ â ”â Šâ €â €â €â €â €â €â €â €â €â €â €â €â €â €â €â €â €â €â €â €â €â €â €â €â €â €â €â €â ‚
â¡â €â €â €â €â €â €â €â €â €â €â €â €â €â €â£€â ”â Šâ â €â €â €â €â €â €â €â €â €â €â €â €â €â €â €â €â €â €â €â €â €â €â €â €â €â €â €â €â €â €â €â¡
â „â €â €â €â €â €â €â €â €â €â €â €â €â¡ â Šâ €â €â €â €â €â €â €â €â €â €â €â €â €â €â €â €â €â €â €â €â €â €â €â €â €â €â €â €â €â €â €â €â €â €â €â „
â ‚â €â €â €â €â €â €â €â €â¡ â ”â ‰â ‰â â €â €â €â €â €â €â €â €â €â €â €â €â €â €â €â €â €â €â €â €â €â €â €â €â €â €â €â €â €â €â €â €â €â €â €â €â ‚
â¡â €â¡€â €â €â €â €â¡”â Šâ €â €â €â €â €â €â €â €â €â €â €â €â €â €â €â €â €â €â €â €â €â €â €â €â €â €â €â €â €â €â €â €â €â €â €â €â €â €â €â €â €â¡
â –â ‰â¢‡â €â €â €â¢°â â €â €â €â €â €â €â €â €â €â €â €â €â €â €â €â €â €â €â €â €â €â €â €â €â €â €â €â €â €â €â €â €â €â €â €â €â €â €â €â €â €â €â „
â ‚â €â ¸â¡€â €â¢€â ‡â €â €â €â €â €â €â €â €â €â €â €â €â €â €â €â €â €â €â €â €â €â €â €â €â €â €â €â €â €â €â €â €â €â €â €â €â €â €â €â €â €â €â €â ‚
â …â  â €â §â ¤â œâ „â  â €â „â  â €â „â  â €â „â  â €â „â  â €â „â  â €â „â  â €â „â  â €â „â  â €â „â  â €â „â  â €â „â  â €â „â  â €â „â  â €â „â  â  -10.5
32.0                                          59.0

 INFO  duello::energy > Adding Coulomb potential to nonbonded matrix
 DEBUG duello::energy > Adding ion-induced dipole term for atom pair (0, 0). Alphas: 50, 50
 DEBUG duello::energy > Adding ion-induced dipole term for atom pair (0, 1). Alphas: 50, 50
 DEBUG duello::energy > Adding ion-induced dipole term for atom pair (0, 2). Alphas: 50, 50
 DEBUG duello::energy > Adding ion-induced dipole term for atom pair (0, 3). Alphas: 50, 50
 DEBUG duello::energy > Adding ion-induced dipole term for atom pair (0, 4). Alphas: 50, 50
 DEBUG duello::energy > Adding ion-induced dipole term for atom pair (0, 5). Alphas: 50, 50
 DEBUG duello::energy > Adding ion-induced dipole term for atom pair (0, 6). Alphas: 50, 50
 DEBUG duello::energy > Adding ion-induced dipole term for atom pair (0, 21). Alphas: 50, 50
 DEBUG duello::energy > Adding ion-induced dipole term for atom pair (1, 0). Alphas: 50, 50
 DEBUG duello::energy > Adding ion-induced dipole term for atom pair (1, 1). Alphas: 50, 50
 DEBUG duello::energy > Adding ion-induced dipole term for atom pair (1, 2). Alphas: 50, 50
 DEBUG duello::energy > Adding ion-induced dipole term for atom pair (1, 3). Alphas: 50, 50
 DEBUG duello::energy > Adding ion-induced dipole term for atom pair (1, 4). Alphas: 50, 50
 DEBUG duello::energy > Adding ion-induced dipole term for atom pair (1, 5). Alphas: 50, 50
 DEBUG duello::energy > Adding ion-induced dipole term for atom pair (1, 6). Alphas: 50, 50
 DEBUG duello::energy > Adding ion-induced dipole term for atom pair (1, 21). Alphas: 50, 50
 DEBUG duello::energy > Adding ion-induced dipole term for atom pair (2, 0). Alphas: 50, 50
 DEBUG duello::energy > Adding ion-induced dipole term for atom pair (2, 1). Alphas: 50, 50
 DEBUG duello::energy > Adding ion-induced dipole term for atom pair (2, 2). Alphas: 50, 50
 DEBUG duello::energy > Adding ion-induced dipole term for atom pair (2, 3). Alphas: 50, 50
 DEBUG duello::energy > Adding ion-induced dipole term for atom pair (2, 4). Alphas: 50, 50
 DEBUG duello::energy > Adding ion-induced dipole term for atom pair (2, 5). Alphas: 50, 50
 DEBUG duello::energy > Adding ion-induced dipole term for atom pair (2, 6). Alphas: 50, 50
 DEBUG duello::energy > Adding ion-induced dipole term for atom pair (2, 21). Alphas: 50, 50
 DEBUG duello::energy > Adding ion-induced dipole term for atom pair (3, 0). Alphas: 50, 50
 DEBUG duello::energy > Adding ion-induced dipole term for atom pair (3, 1). Alphas: 50, 50
 DEBUG duello::energy > Adding ion-induced dipole term for atom pair (3, 2). Alphas: 50, 50
 DEBUG duello::energy > Adding ion-induced dipole term for atom pair (3, 3). Alphas: 50, 50
 DEBUG duello::energy > Adding ion-induced dipole term for atom pair (3, 4). Alphas: 50, 50
 DEBUG duello::energy > Adding ion-induced dipole term for atom pair (3, 5). Alphas: 50, 50
 DEBUG duello::energy > Adding ion-induced dipole term for atom pair (3, 6). Alphas: 50, 50
 DEBUG duello::energy > Adding ion-induced dipole term for atom pair (3, 21). Alphas: 50, 50
 DEBUG duello::energy > Adding ion-induced dipole term for atom pair (4, 0). Alphas: 50, 50
 DEBUG duello::energy > Adding ion-induced dipole term for atom pair (4, 1). Alphas: 50, 50
 DEBUG duello::energy > Adding ion-induced dipole term for atom pair (4, 2). Alphas: 50, 50
 DEBUG duello::energy > Adding ion-induced dipole term for atom pair (4, 3). Alphas: 50, 50
 DEBUG duello::energy > Adding ion-induced dipole term for atom pair (4, 4). Alphas: 50, 50
 DEBUG duello::energy > Adding ion-induced dipole term for atom pair (4, 5). Alphas: 50, 50
 DEBUG duello::energy > Adding ion-induced dipole term for atom pair (4, 6). Alphas: 50, 50
 DEBUG duello::energy > Adding ion-induced dipole term for atom pair (4, 21). Alphas: 50, 50
 DEBUG duello::energy > Adding ion-induced dipole term for atom pair (5, 0). Alphas: 50, 50
 DEBUG duello::energy > Adding ion-induced dipole term for atom pair (5, 1). Alphas: 50, 50
 DEBUG duello::energy > Adding ion-induced dipole term for atom pair (5, 2). Alphas: 50, 50
 DEBUG duello::energy > Adding ion-induced dipole term for atom pair (5, 3). Alphas: 50, 50
 DEBUG duello::energy > Adding ion-induced dipole term for atom pair (5, 4). Alphas: 50, 50
 DEBUG duello::energy > Adding ion-induced dipole term for atom pair (5, 5). Alphas: 50, 50
 DEBUG duello::energy > Adding ion-induced dipole term for atom pair (5, 6). Alphas: 50, 50
 DEBUG duello::energy > Adding ion-induced dipole term for atom pair (5, 21). Alphas: 50, 50
 DEBUG duello::energy > Adding ion-induced dipole term for atom pair (6, 0). Alphas: 50, 50
 DEBUG duello::energy > Adding ion-induced dipole term for atom pair (6, 1). Alphas: 50, 50
 DEBUG duello::energy > Adding ion-induced dipole term for atom pair (6, 2). Alphas: 50, 50
 DEBUG duello::energy > Adding ion-induced dipole term for atom pair (6, 3). Alphas: 50, 50
 DEBUG duello::energy > Adding ion-induced dipole term for atom pair (6, 4). Alphas: 50, 50
 DEBUG duello::energy > Adding ion-induced dipole term for atom pair (6, 5). Alphas: 50, 50
 DEBUG duello::energy > Adding ion-induced dipole term for atom pair (6, 6). Alphas: 50, 50
 DEBUG duello::energy > Adding ion-induced dipole term for atom pair (6, 21). Alphas: 50, 50
 DEBUG duello::energy > Adding ion-induced dipole term for atom pair (21, 0). Alphas: 50, 50
 DEBUG duello::energy > Adding ion-induced dipole term for atom pair (21, 1). Alphas: 50, 50
 DEBUG duello::energy > Adding ion-induced dipole term for atom pair (21, 2). Alphas: 50, 50
 DEBUG duello::energy > Adding ion-induced dipole term for atom pair (21, 3). Alphas: 50, 50
 DEBUG duello::energy > Adding ion-induced dipole term for atom pair (21, 4). Alphas: 50, 50
 DEBUG duello::energy > Adding ion-induced dipole term for atom pair (21, 5). Alphas: 50, 50
 DEBUG duello::energy > Adding ion-induced dipole term for atom pair (21, 6). Alphas: 50, 50
 DEBUG duello::energy > Adding ion-induced dipole term for atom pair (21, 21). Alphas: 50, 50
 DEBUG duello::structure > Read 7ktz.xyz: ð‘=243, âˆ‘ð‘žáµ¢=4.17ð‘’, âˆ‘ð‘šáµ¢=25247.63
 DEBUG duello::structure > Read 7ktz.xyz: ð‘=243, âˆ‘ð‘žáµ¢=4.17ð‘’, âˆ‘ð‘šáµ¢=25247.63
 INFO  duello            > Medium: ð‘‡ = 300.00 K, Îµáµ£ = 77.69, Î»á´® = 7.17 â„«, ð¼ = 100.00 mM, Î»á´° = 9.60 â„«, 0.10 M ðŸ§‚Salt = NaCl
 INFO  duello            > Molecular net-charges:    [4.17e, 4.17e]
 INFO  duello            > Molecular dipole moments: [444.97 D, 444.97 D]
 INFO  duello            > Molecular masses (g/mol): [25247.63, 25247.63]
 INFO  duello            > COM range: [32.0, 60.0) in 1.0 â„« steps ðŸ¾
 INFO  duello::icotable  > Actual angle resolution = 0.37 radians
 INFO  duello::icoscan   > 6D table: ð‘…(28) x ðœ”(18) x ðœƒðœ‘(92) x ðœƒðœ‘(92) = 4265856 poses ðŸ’ƒðŸ•º (1.6 MB)
 INFO  duello::report    > Second virial coefficient, ðµâ‚‚ = -169768.09 Ã…Â³
 INFO  duello::report    >                               = -1.60e-4 molâ‹…ml/gÂ²
 INFO  duello::report    > Reduced second virial coefficient, ðµâ‚‚ / ðµâ‚‚hs = -2.47 using Ïƒ = 32.00 Ã…
 INFO  duello::report    > Dissociation constant, ð¾ð‘‘ = 3.48e-3 mol/l using Ïƒ = 32.00 Ã…
 INFO  duello::report    > Plot: [1;33mfree energy[0m and [1;31mmean energy[0m along mass center separation. In units of kT and angstroms.
â££â ˆâ €â â ˆâ €â â ˆâ €â â ˆâ €â â ˆâ €â â ˆâ €â â ˆâ €â â ˆâ €â â ˆâ €â â ˆâ €â â ˆâ €â â ˆâ €â â ˆâ €â â ˆâ €â â ˆâ €â â ˆâ €â â ˆâ¡ 3.3
â „â £â¡€â €â €â €â €â €â €â €â €â €â €â €â €â €â €â €â €â €â €â €â €â €â €â €â €â €â €â €â €â €â €â €â €â €â €â €â €â €â €â €â €â €â €â €â €â €â €â €â „
â ‚â €â¢£â €â €â €â €â €â €â €â €â €â €â €â €â €â €â €â €â €â €â €â €â €â €â €â €â €â €â €â €â €â €â €â €â €â €â €â €â €â €â €â €â €â €â €â €â €â €â €â ‚
â¡ƒâ â ˆâ¡†â â €â ‚â¢â£€â£‚â£â €â ‚â â €â ‚â â €â ‚â â €â ‚â â €â£‚â£â ¤â ¦â£´â¡´â ¶â –â ’â šâ ›â ‰â ‹â ™â ‰â ‹â ™â ‰â ‹â ™â ‰â ‹â ™â ‰â ‹â ™â¡
â „â €â €â ˆâ ‰â ‰â ‰â â €â €â €â ‰â ‰â ’â ’â ‰â ‘â ’â Šâ ‰â ‰â ‰â£‰â£‰â ¤â ’â ‰â ‰â €â €â €â €â €â €â €â €â €â €â €â €â €â €â €â €â €â €â €â €â €â €â „
â ‚â €â €â €â €â €â €â €â €â €â €â €â €â €â €â €â €â €â¢€â¡ â ”â Šâ €â €â €â €â €â €â €â €â €â €â €â €â €â €â €â €â €â €â €â €â €â €â €â €â €â €â €â €â ‚
â¡â €â €â €â €â €â €â €â €â €â €â €â €â €â €â£€â ”â Šâ â €â €â €â €â €â €â €â €â €â €â €â €â €â €â €â €â €â €â €â €â €â €â €â €â €â €â €â €â €â €â €â¡
â „â €â €â €â €â €â €â €â €â €â €â£€â£€â¡ â Šâ €â €â €â €â €â €â €â €â €â €â €â €â €â €â €â €â €â €â €â €â €â €â €â €â €â €â €â €â €â €â €â €â €â €â €â „
â ‚â €â €â €â €â €â €â €â €â¡ â Šâ €â €â â €â €â €â €â €â €â €â €â €â €â €â €â €â €â €â €â €â €â €â €â €â €â €â €â €â €â €â €â €â €â €â €â €â €â €â €â ‚
â¡â €â¡€â €â €â €â €â¡”â Šâ €â €â €â €â €â €â €â €â €â €â €â €â €â €â €â €â €â €â €â €â €â €â €â €â €â €â €â €â €â €â €â €â €â €â €â €â €â €â €â €â €â¡
â –â ‰â¢‡â €â €â €â¡¸â €â €â €â €â €â €â €â €â €â €â €â €â €â €â €â €â €â €â €â €â €â €â €â €â €â €â €â €â €â €â €â €â €â €â €â €â €â €â €â €â €â €â €â „
â ‚â €â ¸â¡€â €â¢ â ƒâ €â €â €â €â €â €â €â €â €â €â €â €â €â €â €â €â €â €â €â €â €â €â €â €â €â €â €â €â €â €â €â €â €â €â €â €â €â €â €â €â €â €â €â ‚
â …â  â €â §â ´â Šâ „â  â €â „â  â €â „â  â €â „â  â €â „â  â €â „â  â €â „â  â €â „â  â €â „â  â €â „â  â €â „â  â €â „â  â €â „â  â €â „â  â €â „â  â  -10.4
32.0                                          59.0

